#
# There is insufficient memory for the Java Runtime Environment to continue.
# Native memory allocation (malloc) failed to allocate 2224976 bytes for Chunk::new
# Possible reasons:
#   The system is out of physical RAM or swap space
#   The process is running with CompressedOops enabled, and the Java Heap may be blocking the growth of the native heap
# Possible solutions:
#   Reduce memory load on the system
#   Increase physical memory or swap space
#   Check if swap backing store is full
#   Decrease Java heap size (-Xmx/-Xms)
#   Decrease number of Java threads
#   Decrease Java thread stack sizes (-Xss)
#   Set larger code cache with -XX:ReservedCodeCacheSize=
#   JVM is running with Unscaled Compressed Oops mode in which the Java heap is
#     placed in the first 4GB address space. The Java Heap base address is the
#     maximum limit for the native heap growth. Please use -XX:HeapBaseMinAddress
#     to set the Java Heap base and to place the Java Heap above 4GB virtual address.
# This output file may be truncated or incomplete.
#
#  Out of Memory Error (allocation.cpp:389), pid=15444, tid=0x000000000000450c
#
# JRE version: OpenJDK Runtime Environment (8.0_212-b04) (build 1.8.0_212-release-1586-b04)
# Java VM: OpenJDK 64-Bit Server VM (25.212-b04 mixed mode windows-amd64 compressed oops)
# Failed to write core dump. Minidumps are not enabled by default on client versions of Windows
#

---------------  T H R E A D  ---------------

Current thread (0x0000000018de5800):  JavaThread "C2 CompilerThread1" daemon [_thread_in_native, id=17676, stack(0x000000001a530000,0x000000001a630000)]

Stack: [0x000000001a530000,0x000000001a630000]
[error occurred during error reporting (printing stack bounds), id 0xc0000005]

Native frames: (J=compiled Java code, j=interpreted, Vv=VM code, C=native code)


Current CompileTask:
C2:  25804 12531 %     4       com.android.tools.r8.ir.regalloc.LinearScanRegisterAllocator::a @ 2036 (3743 bytes)


---------------  P R O C E S S  ---------------

Java Threads: ( => current thread )
  0x000000001e9e6000 JavaThread "Cache worker for execution history cache (D:\_LICENTA\iReport-PROJECT\.gradle\5.4.1\executionHistory)" [_thread_blocked, id=5096, stack(0x00000000284c0000,0x00000000285c0000)]
  0x000000001e9e3800 JavaThread "Execution worker for ':' Thread 11" [_thread_in_Java, id=16352, stack(0x00000000283c0000,0x00000000284c0000)]
  0x000000001e9e5000 JavaThread "Execution worker for ':' Thread 10" [_thread_blocked, id=12548, stack(0x00000000282c0000,0x00000000283c0000)]
  0x000000001e9e3000 JavaThread "Execution worker for ':' Thread 9" [_thread_blocked, id=13188, stack(0x00000000281c0000,0x00000000282c0000)]
  0x000000001e9e7800 JavaThread "Execution worker for ':' Thread 8" [_thread_in_native, id=12452, stack(0x00000000280c0000,0x00000000281c0000)]
  0x000000001e9db800 JavaThread "Execution worker for ':' Thread 7" [_thread_in_Java, id=18956, stack(0x0000000027dc0000,0x0000000027ec0000)]
  0x000000001e9e1800 JavaThread "Execution worker for ':' Thread 6" [_thread_in_native, id=2408, stack(0x0000000027cc0000,0x0000000027dc0000)]
  0x000000001e9e2000 JavaThread "Execution worker for ':' Thread 5" [_thread_blocked, id=14772, stack(0x0000000027bc0000,0x0000000027cc0000)]
  0x000000001e9da800 JavaThread "Execution worker for ':' Thread 4" [_thread_in_vm, id=10784, stack(0x0000000027ac0000,0x0000000027bc0000)]
  0x000000001e9e0800 JavaThread "Execution worker for ':' Thread 3" [_thread_in_Java, id=17792, stack(0x00000000279c0000,0x0000000027ac0000)]
  0x000000001e9d9000 JavaThread "Execution worker for ':' Thread 2" [_thread_blocked, id=18504, stack(0x00000000278c0000,0x00000000279c0000)]
  0x000000001e9e0000 JavaThread "Execution worker for ':'" [_thread_in_Java, id=16444, stack(0x00000000277c0000,0x00000000278c0000)]
  0x000000001e9d8800 JavaThread "Cache worker for file content cache (D:\_LICENTA\iReport-PROJECT\.gradle\5.4.1\fileContent)" [_thread_blocked, id=17300, stack(0x00000000270a0000,0x00000000271a0000)]
  0x000000001e9df000 JavaThread "Cache worker for Build Output Cleanup Cache (D:\_LICENTA\iReport-PROJECT\.gradle\buildOutputCleanup)" [_thread_blocked, id=1536, stack(0x0000000026da0000,0x0000000026ea0000)]
  0x000000001e9dd800 JavaThread "Build operations Thread 12" [_thread_blocked, id=12516, stack(0x0000000026b70000,0x0000000026c70000)]
  0x000000001e9da000 JavaThread "Build operations Thread 11" [_thread_blocked, id=8024, stack(0x0000000024900000,0x0000000024a00000)]
  0x0000000021c2f000 JavaThread "Build operations Thread 10" [_thread_blocked, id=19172, stack(0x0000000024800000,0x0000000024900000)]
  0x0000000021c2c800 JavaThread "Build operations Thread 9" [_thread_blocked, id=10632, stack(0x0000000024700000,0x0000000024800000)]
  0x0000000021c2c000 JavaThread "Build operations Thread 8" [_thread_blocked, id=17960, stack(0x0000000024600000,0x0000000024700000)]
  0x0000000021c2b000 JavaThread "Build operations Thread 7" [_thread_blocked, id=16252, stack(0x0000000024500000,0x0000000024600000)]
  0x0000000021c2e000 JavaThread "Build operations Thread 6" [_thread_blocked, id=1552, stack(0x0000000024400000,0x0000000024500000)]
  0x0000000021c2d800 JavaThread "Build operations Thread 5" [_thread_blocked, id=5820, stack(0x0000000024300000,0x0000000024400000)]
  0x0000000021c2a800 JavaThread "Build operations Thread 4" [_thread_blocked, id=13428, stack(0x0000000024200000,0x0000000024300000)]
  0x0000000021c23000 JavaThread "Build operations Thread 3" [_thread_blocked, id=3564, stack(0x0000000024100000,0x0000000024200000)]
  0x0000000021c29000 JavaThread "Build operations Thread 2" [_thread_blocked, id=7336, stack(0x0000000024000000,0x0000000024100000)]
  0x0000000021c21800 JavaThread "Build operations" [_thread_blocked, id=9336, stack(0x0000000023f00000,0x0000000024000000)]
  0x0000000021c28000 JavaThread "Cache worker for cache directory md-rule (C:\Users\V3790262\.gradle\caches\5.4.1\md-rule)" [_thread_blocked, id=16000, stack(0x0000000023e00000,0x0000000023f00000)]
  0x0000000021c20800 JavaThread "Cache worker for cache directory md-supplier (C:\Users\V3790262\.gradle\caches\5.4.1\md-supplier)" [_thread_blocked, id=6324, stack(0x00000000235f0000,0x00000000236f0000)]
  0x0000000021c27800 JavaThread "Cache worker for file hash cache (D:\_LICENTA\iReport-PROJECT\.gradle\5.4.1\fileHashes)" [_thread_blocked, id=17708, stack(0x0000000022260000,0x0000000022360000)]
  0x0000000021c26000 JavaThread "Thread-49" [_thread_blocked, id=12176, stack(0x00000000210b0000,0x00000000211b0000)]
  0x0000000021c25000 JavaThread "Stdin handler" [_thread_blocked, id=15356, stack(0x000000001f9e0000,0x000000001fae0000)]
  0x0000000021c24800 JavaThread "Asynchronous log dispatcher for DefaultDaemonConnection: socket connection from /127.0.0.1:53263 to /127.0.0.1:53299" [_thread_blocked, id=17152, stack(0x000000001d240000,0x000000001d340000)]
  0x0000000021c23800 JavaThread "Cancel handler" [_thread_blocked, id=16944, stack(0x000000001ce40000,0x000000001cf40000)]
  0x0000000021c20000 JavaThread "Handler for socket connection from /127.0.0.1:53263 to /127.0.0.1:53299" [_thread_in_native, id=17240, stack(0x000000001ca40000,0x000000001cb40000)]
  0x000000001e9e4800 JavaThread "Cache worker for file content cache (C:\Users\V3790262\.gradle\caches\5.4.1\fileContent)" [_thread_blocked, id=4848, stack(0x0000000026ca0000,0x0000000026da0000)]
  0x000000001e9e6800 JavaThread "Memory manager" [_thread_blocked, id=13532, stack(0x0000000025270000,0x0000000025370000)]
  0x000000001e9de800 JavaThread "Cache worker for execution history cache (C:\Users\V3790262\.gradle\caches\5.4.1\executionHistory)" [_thread_blocked, id=4652, stack(0x0000000023900000,0x0000000023a00000)]
  0x000000001c184000 JavaThread "Cache worker for journal cache (C:\Users\V3790262\.gradle\caches\journal-1)" [_thread_blocked, id=3644, stack(0x000000001e510000,0x000000001e610000)]
  0x000000001c18a000 JavaThread "File lock request listener" [_thread_in_native, id=18488, stack(0x000000001e410000,0x000000001e510000)]
  0x000000001bdb9000 JavaThread "Cache worker for file hash cache (C:\Users\V3790262\.gradle\caches\5.4.1\fileHashes)" [_thread_blocked, id=17184, stack(0x000000001e310000,0x000000001e410000)]
  0x000000001be42000 JavaThread "Daemon worker" [_thread_in_Java, id=19312, stack(0x000000001cf40000,0x000000001d040000)]
  0x000000001c050800 JavaThread "Daemon" [_thread_blocked, id=2348, stack(0x000000001c940000,0x000000001ca40000)]
  0x000000001c0d5800 JavaThread "Daemon periodic checks" [_thread_blocked, id=12396, stack(0x000000001c840000,0x000000001c940000)]
  0x000000001c0ce800 JavaThread "Incoming local TCP Connector on port 53263" [_thread_in_native, id=14852, stack(0x000000001c600000,0x000000001c700000)]
  0x000000001b96a800 JavaThread "Daemon health stats" [_thread_blocked, id=19000, stack(0x000000001c300000,0x000000001c400000)]
  0x0000000018e80800 JavaThread "Service Thread" daemon [_thread_blocked, id=17448, stack(0x000000001a930000,0x000000001aa30000)]
  0x0000000018deb800 JavaThread "C1 CompilerThread3" daemon [_thread_blocked, id=12960, stack(0x000000001a730000,0x000000001a830000)]
  0x0000000018deb000 JavaThread "C2 CompilerThread2" daemon [_thread_in_native, id=11472, stack(0x000000001a630000,0x000000001a730000)]
=>0x0000000018de5800 JavaThread "C2 CompilerThread1" daemon [_thread_in_native, id=17676, stack(0x000000001a530000,0x000000001a630000)]
  0x0000000018de1000 JavaThread "C2 CompilerThread0" daemon [_thread_blocked, id=17880, stack(0x000000001a430000,0x000000001a530000)]
  0x0000000018dde800 JavaThread "Attach Listener" daemon [_thread_blocked, id=13756, stack(0x000000001a330000,0x000000001a430000)]
  0x0000000018ddb800 JavaThread "Signal Dispatcher" daemon [_thread_blocked, id=12336, stack(0x000000001a230000,0x000000001a330000)]
  0x0000000017702800 JavaThread "Finalizer" daemon [_thread_blocked, id=3176, stack(0x000000001a030000,0x000000001a130000)]
  0x0000000018dd3000 JavaThread "Reference Handler" daemon [_thread_blocked, id=17892, stack(0x0000000019f30000,0x000000001a030000)]
  0x000000000363e800 JavaThread "main" [_thread_blocked, id=6060, stack(0x0000000003490000,0x0000000003590000)]

Other Threads:
  0x00000000176f5800 VMThread [stack: 0x0000000019e30000,0x0000000019f30000] [id=17876]
  0x0000000018e81000 WatcherThread [stack: 0x000000001aa30000,0x000000001ab30000] [id=1344]

VM state:not at safepoint (normal execution)

VM Mutex/Monitor currently owned by a thread: None

heap address: 0x00000000a0000000, size: 1536 MB, Compressed Oops mode: 32-bit
Narrow klass base: 0x0000000000000000, Narrow klass shift: 3
Compressed class space size: 1073741824 Address: 0x0000000100000000

Heap:
 PSYoungGen      total 478720K, used 53374K [0x00000000e0000000, 0x00000000ffc80000, 0x0000000100000000)
  eden space 436736K, 9% used [0x00000000e0000000,0x00000000e2a83200,0x00000000faa80000)
  from space 41984K, 23% used [0x00000000faa80000,0x00000000fb41c6a8,0x00000000fd380000)
  to   space 40448K, 0% used [0x00000000fd500000,0x00000000fd500000,0x00000000ffc80000)
 ParOldGen       total 284672K, used 157599K [0x00000000a0000000, 0x00000000b1600000, 0x00000000e0000000)
  object space 284672K, 55% used [0x00000000a0000000,0x00000000a99e7dd0,0x00000000b1600000)
 Metaspace       used 78437K, capacity 82670K, committed 82712K, reserved 1120256K
  class space    used 10469K, capacity 11273K, committed 11304K, reserved 1048576K

Card table byte_map: [0x0000000012b00000,0x0000000012e10000] byte_map_base: 0x0000000012600000

Marking Bits: (ParMarkBitMap*) 0x000000005ab69f30
 Begin Bits: [0x0000000013a10000, 0x0000000015210000)
 End Bits:   [0x0000000015210000, 0x0000000016a10000)

Polling page: 0x0000000000dd0000

CodeCache: size=245760Kb used=41084Kb max_used=41118Kb free=204676Kb
 bounds [0x0000000003740000, 0x0000000005f90000, 0x0000000012740000]
 total_blobs=13105 nmethods=12267 adapters=749
 compilation: enabled

Compilation events (10 events):
Event: 25.794 Thread 0x0000000018deb800 nmethod 15029 0x0000000005f732d0 code [0x0000000005f73480, 0x0000000005f73978]
Event: 25.794 Thread 0x0000000018deb800 15030       2       com.android.tools.analytics.CommonMetricsData$GarbageCollectionStatsDiffs::getCollections (5 bytes)
Event: 25.794 Thread 0x0000000018deb800 nmethod 15030 0x0000000005f72f90 code [0x0000000005f730e0, 0x0000000005f73230]
Event: 25.794 Thread 0x0000000018deb800 15031       2       com.google.common.collect.ImmutableSortedSet$Builder::add (8 bytes)
Event: 25.795 Thread 0x0000000018deb800 nmethod 15031 0x0000000005f72c10 code [0x0000000005f72d80, 0x0000000005f72f08]
Event: 25.795 Thread 0x0000000018deb800 15032       2       org.gradle.api.internal.tasks.properties.InputParameterUtils::prepareInputParameterValue (10 bytes)
Event: 25.795 Thread 0x0000000018deb800 nmethod 15032 0x0000000005f726d0 code [0x0000000005f72860, 0x0000000005f72ae8]
Event: 25.795 Thread 0x0000000018deb800 15033       2       org.gradle.api.internal.tasks.properties.InputParameterUtils::finalizeValue (31 bytes)
Event: 25.796 Thread 0x0000000018deb800 nmethod 15033 0x0000000005f72210 code [0x0000000005f72380, 0x0000000005f725f8]
Event: 25.796 Thread 0x0000000018deb800 15034   !   2       java.util.concurrent.ConcurrentHashMap::clear (176 bytes)

GC Heap History (10 events):
Event: 24.376 GC heap before
{Heap before GC invocations=31 (full 4):
 PSYoungGen      total 471040K, used 452768K [0x00000000e0000000, 0x00000000ffa80000, 0x0000000100000000)
  eden space 427520K, 100% used [0x00000000e0000000,0x00000000fa180000,0x00000000fa180000)
  from space 43520K, 58% used [0x00000000fd000000,0x00000000fe8a8290,0x00000000ffa80000)
  to   space 45568K, 0% used [0x00000000fa180000,0x00000000fa180000,0x00000000fce00000)
 ParOldGen       total 284672K, used 96798K [0x00000000a0000000, 0x00000000b1600000, 0x00000000e0000000)
  object space 284672K, 34% used [0x00000000a0000000,0x00000000a5e87ae8,0x00000000b1600000)
 Metaspace       used 78286K, capacity 82524K, committed 82712K, reserved 1120256K
  class space    used 10466K, capacity 11270K, committed 11304K, reserved 1048576K
Event: 24.400 GC heap after
Heap after GC invocations=31 (full 4):
 PSYoungGen      total 473088K, used 22585K [0x00000000e0000000, 0x00000000fff00000, 0x0000000100000000)
  eden space 427520K, 0% used [0x00000000e0000000,0x00000000e0000000,0x00000000fa180000)
  from space 45568K, 49% used [0x00000000fa180000,0x00000000fb78e6c0,0x00000000fce00000)
  to   space 44032K, 0% used [0x00000000fd400000,0x00000000fd400000,0x00000000fff00000)
 ParOldGen       total 284672K, used 105362K [0x00000000a0000000, 0x00000000b1600000, 0x00000000e0000000)
  object space 284672K, 37% used [0x00000000a0000000,0x00000000a66e4ba0,0x00000000b1600000)
 Metaspace       used 78286K, capacity 82524K, committed 82712K, reserved 1120256K
  class space    used 10466K, capacity 11270K, committed 11304K, reserved 1048576K
}
Event: 24.679 GC heap before
{Heap before GC invocations=32 (full 4):
 PSYoungGen      total 473088K, used 450105K [0x00000000e0000000, 0x00000000fff00000, 0x0000000100000000)
  eden space 427520K, 100% used [0x00000000e0000000,0x00000000fa180000,0x00000000fa180000)
  from space 45568K, 49% used [0x00000000fa180000,0x00000000fb78e6c0,0x00000000fce00000)
  to   space 44032K, 0% used [0x00000000fd400000,0x00000000fd400000,0x00000000fff00000)
 ParOldGen       total 284672K, used 105362K [0x00000000a0000000, 0x00000000b1600000, 0x00000000e0000000)
  object space 284672K, 37% used [0x00000000a0000000,0x00000000a66e4ba0,0x00000000b1600000)
 Metaspace       used 78314K, capacity 82524K, committed 82712K, reserved 1120256K
  class space    used 10466K, capacity 11270K, committed 11304K, reserved 1048576K
Event: 24.699 GC heap after
Heap after GC invocations=32 (full 4):
 PSYoungGen      total 478208K, used 10956K [0x00000000e0000000, 0x00000000ffe80000, 0x0000000100000000)
  eden space 434688K, 0% used [0x00000000e0000000,0x00000000e0000000,0x00000000fa880000)
  from space 43520K, 25% used [0x00000000fd400000,0x00000000fdeb33c0,0x00000000ffe80000)
  to   space 44032K, 0% used [0x00000000fa880000,0x00000000fa880000,0x00000000fd380000)
 ParOldGen       total 284672K, used 121305K [0x00000000a0000000, 0x00000000b1600000, 0x00000000e0000000)
  object space 284672K, 42% used [0x00000000a0000000,0x00000000a76764b0,0x00000000b1600000)
 Metaspace       used 78314K, capacity 82524K, committed 82712K, reserved 1120256K
  class space    used 10466K, capacity 11270K, committed 11304K, reserved 1048576K
}
Event: 25.022 GC heap before
{Heap before GC invocations=33 (full 4):
 PSYoungGen      total 478208K, used 445644K [0x00000000e0000000, 0x00000000ffe80000, 0x0000000100000000)
  eden space 434688K, 100% used [0x00000000e0000000,0x00000000fa880000,0x00000000fa880000)
  from space 43520K, 25% used [0x00000000fd400000,0x00000000fdeb33c0,0x00000000ffe80000)
  to   space 44032K, 0% used [0x00000000fa880000,0x00000000fa880000,0x00000000fd380000)
 ParOldGen       total 284672K, used 121305K [0x00000000a0000000, 0x00000000b1600000, 0x00000000e0000000)
  object space 284672K, 42% used [0x00000000a0000000,0x00000000a76764b0,0x00000000b1600000)
 Metaspace       used 78368K, capacity 82592K, committed 82712K, reserved 1120256K
  class space    used 10466K, capacity 11270K, committed 11304K, reserved 1048576K
Event: 25.043 GC heap after
Heap after GC invocations=33 (full 4):
 PSYoungGen      total 478720K, used 15307K [0x00000000e0000000, 0x00000000fff80000, 0x0000000100000000)
  eden space 434688K, 0% used [0x00000000e0000000,0x00000000e0000000,0x00000000fa880000)
  from space 44032K, 34% used [0x00000000fa880000,0x00000000fb772d38,0x00000000fd380000)
  to   space 43520K, 0% used [0x00000000fd500000,0x00000000fd500000,0x00000000fff80000)
 ParOldGen       total 284672K, used 129544K [0x00000000a0000000, 0x00000000b1600000, 0x00000000e0000000)
  object space 284672K, 45% used [0x00000000a0000000,0x00000000a7e822d0,0x00000000b1600000)
 Metaspace       used 78368K, capacity 82592K, committed 82712K, reserved 1120256K
  class space    used 10466K, capacity 11270K, committed 11304K, reserved 1048576K
}
Event: 25.367 GC heap before
{Heap before GC invocations=34 (full 4):
 PSYoungGen      total 478720K, used 449995K [0x00000000e0000000, 0x00000000fff80000, 0x0000000100000000)
  eden space 434688K, 100% used [0x00000000e0000000,0x00000000fa880000,0x00000000fa880000)
  from space 44032K, 34% used [0x00000000fa880000,0x00000000fb772d38,0x00000000fd380000)
  to   space 43520K, 0% used [0x00000000fd500000,0x00000000fd500000,0x00000000fff80000)
 ParOldGen       total 284672K, used 129544K [0x00000000a0000000, 0x00000000b1600000, 0x00000000e0000000)
  object space 284672K, 45% used [0x00000000a0000000,0x00000000a7e822d0,0x00000000b1600000)
 Metaspace       used 78403K, capacity 82670K, committed 82712K, reserved 1120256K
  class space    used 10468K, capacity 11273K, committed 11304K, reserved 1048576K
Event: 25.387 GC heap after
Heap after GC invocations=34 (full 4):
 PSYoungGen      total 477184K, used 17945K [0x00000000e0000000, 0x00000000ffc80000, 0x0000000100000000)
  eden space 436736K, 0% used [0x00000000e0000000,0x00000000e0000000,0x00000000faa80000)
  from space 40448K, 44% used [0x00000000fd500000,0x00000000fe686430,0x00000000ffc80000)
  to   space 41984K, 0% used [0x00000000faa80000,0x00000000faa80000,0x00000000fd380000)
 ParOldGen       total 284672K, used 142235K [0x00000000a0000000, 0x00000000b1600000, 0x00000000e0000000)
  object space 284672K, 49% used [0x00000000a0000000,0x00000000a8ae6fd0,0x00000000b1600000)
 Metaspace       used 78403K, capacity 82670K, committed 82712K, reserved 1120256K
  class space    used 10468K, capacity 11273K, committed 11304K, reserved 1048576K
}
Event: 25.764 GC heap before
{Heap before GC invocations=35 (full 4):
 PSYoungGen      total 477184K, used 454681K [0x00000000e0000000, 0x00000000ffc80000, 0x0000000100000000)
  eden space 436736K, 100% used [0x00000000e0000000,0x00000000faa80000,0x00000000faa80000)
  from space 40448K, 44% used [0x00000000fd500000,0x00000000fe686430,0x00000000ffc80000)
  to   space 41984K, 0% used [0x00000000faa80000,0x00000000faa80000,0x00000000fd380000)
 ParOldGen       total 284672K, used 142784K [0x00000000a0000000, 0x00000000b1600000, 0x00000000e0000000)
  object space 284672K, 50% used [0x00000000a0000000,0x00000000a8b70208,0x00000000b1600000)
 Metaspace       used 78430K, capacity 82670K, committed 82712K, reserved 1120256K
  class space    used 10468K, capacity 11273K, committed 11304K, reserved 1048576K
Event: 25.780 GC heap after
Heap after GC invocations=35 (full 4):
 PSYoungGen      total 478720K, used 9841K [0x00000000e0000000, 0x00000000ffc80000, 0x0000000100000000)
  eden space 436736K, 0% used [0x00000000e0000000,0x00000000e0000000,0x00000000faa80000)
  from space 41984K, 23% used [0x00000000faa80000,0x00000000fb41c6a8,0x00000000fd380000)
  to   space 40448K, 0% used [0x00000000fd500000,0x00000000fd500000,0x00000000ffc80000)
 ParOldGen       total 284672K, used 157599K [0x00000000a0000000, 0x00000000b1600000, 0x00000000e0000000)
  object space 284672K, 55% used [0x00000000a0000000,0x00000000a99e7dd0,0x00000000b1600000)
 Metaspace       used 78430K, capacity 82670K, committed 82712K, reserved 1120256K
  class space    used 10468K, capacity 11273K, committed 11304K, reserved 1048576K
}

Deoptimization events (10 events):
Event: 23.059 Thread 0x000000001e9db800 Uncommon trap: reason=unstable_if action=reinterpret pc=0x0000000003f7a4dc method=java.util.HashMap.getNode(ILjava/lang/Object;)Ljava/util/HashMap$Node; @ 84
Event: 23.221 Thread 0x000000001e9e3800 Uncommon trap: reason=class_check action=maybe_recompile pc=0x00000000042cab28 method=com.android.tools.r8.ir.analysis.g.e.b(Lcom/android/tools/r8/ir/code/Instruction;)V @ 376
Event: 23.233 Thread 0x000000001e9d9000 Uncommon trap: reason=class_check action=maybe_recompile pc=0x00000000042cab28 method=com.android.tools.r8.ir.analysis.g.e.b(Lcom/android/tools/r8/ir/code/Instruction;)V @ 376
Event: 23.652 Thread 0x000000001e9db800 Uncommon trap: reason=unstable_if action=reinterpret pc=0x00000000056709dc method=com.android.tools.r8.ir.regalloc.LinearScanRegisterAllocator.a(I)I @ 12
Event: 23.656 Thread 0x000000001e9e5000 Uncommon trap: reason=unstable_if action=reinterpret pc=0x0000000005cccf8c method=com.android.tools.r8.ir.conversion.N.c(Lcom/android/tools/r8/t/a/a/G/a;)[I @ 25
Event: 24.421 Thread 0x000000001e9e3000 Uncommon trap: reason=unstable_if action=reinterpret pc=0x0000000005e8004c method=com.android.tools.r8.ir.conversion.I.a()Lcom/android/tools/r8/graph/DexCode; @ 868
Event: 24.562 Thread 0x000000001e9e0000 Uncommon trap: reason=unstable_if action=reinterpret pc=0x0000000004433324 method=java.util.TimSort.countRunAndMakeAscending([Ljava/lang/Object;IILjava/util/Comparator;)I @ 27
Event: 24.636 Thread 0x000000001e9e0000 Uncommon trap: reason=unstable_if action=reinterpret pc=0x0000000005649820 method=com.android.tools.r8.dex.DexOutputBuffer.j(I)V @ 8
Event: 24.658 Thread 0x000000001e9d9000 Uncommon trap: reason=class_check action=maybe_recompile pc=0x0000000005344498 method=com.android.tools.r8.ir.conversion.U.a(Lcom/android/tools/r8/ir/conversion/T;)Z @ 4
Event: 25.230 Thread 0x000000001e9e0000 Uncommon trap: reason=unstable_if action=reinterpret pc=0x0000000005f1d4fc method=java.util.concurrent.ConcurrentHashMap.putVal(Ljava/lang/Object;Ljava/lang/Object;Z)Ljava/lang/Object; @ 152

Classes redefined (0 events):
No events

Internal exceptions (10 events):
Event: 25.357 Thread 0x000000001e9e7800 Exception <a 'sun/nio/fs/WindowsException'> (0x00000000ed8541c8) thrown at [D:\src\AOSP-openjdk-cygwin\jdk8u\hotspot\src\share\vm\prims\jni.cpp, line 710]
Event: 25.363 Thread 0x000000001e9e7800 Exception <a 'sun/nio/fs/WindowsException'> (0x00000000fa40a928) thrown at [D:\src\AOSP-openjdk-cygwin\jdk8u\hotspot\src\share\vm\prims\jni.cpp, line 710]
Event: 25.364 Thread 0x000000001e9e1800 Exception <a 'sun/nio/fs/WindowsException'> (0x00000000f9bd4da8) thrown at [D:\src\AOSP-openjdk-cygwin\jdk8u\hotspot\src\share\vm\prims\jni.cpp, line 710]
Event: 25.390 Thread 0x000000001e9d9000 Exception <a 'sun/nio/fs/WindowsException'> (0x00000000e026c060) thrown at [D:\src\AOSP-openjdk-cygwin\jdk8u\hotspot\src\share\vm\prims\jni.cpp, line 710]
Event: 25.592 Thread 0x000000001e9e5000 Exception <a 'sun/nio/fs/WindowsException'> (0x00000000ef4a5ad0) thrown at [D:\src\AOSP-openjdk-cygwin\jdk8u\hotspot\src\share\vm\prims\jni.cpp, line 710]
Event: 25.671 Thread 0x000000001e9db800 Exception <a 'sun/nio/fs/WindowsException'> (0x00000000f34e8cd0) thrown at [D:\src\AOSP-openjdk-cygwin\jdk8u\hotspot\src\share\vm\prims\jni.cpp, line 710]
Event: 25.671 Thread 0x000000001e9e2000 Exception <a 'sun/nio/fs/WindowsException'> (0x00000000f49e0da8) thrown at [D:\src\AOSP-openjdk-cygwin\jdk8u\hotspot\src\share\vm\prims\jni.cpp, line 710]
Event: 25.731 Thread 0x000000001e9db800 Exception <a 'sun/nio/fs/WindowsException'> (0x00000000f8551928) thrown at [D:\src\AOSP-openjdk-cygwin\jdk8u\hotspot\src\share\vm\prims\jni.cpp, line 710]
Event: 25.732 Thread 0x000000001e9d9000 Exception <a 'sun/nio/fs/WindowsException'> (0x00000000f8a2c850) thrown at [D:\src\AOSP-openjdk-cygwin\jdk8u\hotspot\src\share\vm\prims\jni.cpp, line 710]
Event: 25.741 Thread 0x000000001e9e5000 Exception <a 'sun/nio/fs/WindowsException'> (0x00000000ef534a58) thrown at [D:\src\AOSP-openjdk-cygwin\jdk8u\hotspot\src\share\vm\prims\jni.cpp, line 710]

Events (10 events):
Event: 25.791 Thread 0x000000001e9e3800 DEOPT PACKING pc=0x000000000397f94d sp=0x00000000284bac70
Event: 25.791 Thread 0x000000001e9e3800 DEOPT UNPACKING pc=0x00000000037875d0 sp=0x00000000284baa98 mode 0
Event: 25.796 Thread 0x000000001e9db800 DEOPT PACKING pc=0x000000000569e2c1 sp=0x0000000027ebade0
Event: 25.796 Thread 0x000000001e9db800 DEOPT UNPACKING pc=0x00000000037875d0 sp=0x0000000027ebad08 mode 0
Event: 25.796 Executing VM operation: RevokeBias
Event: 25.797 Executing VM operation: RevokeBias done
Event: 25.797 Executing VM operation: RevokeBias
Event: 25.798 Executing VM operation: RevokeBias done
Event: 25.799 loading class com/android/build/gradle/internal/tasks/NonIncrementalTask$taskAction$$inlined$recordTaskAction$1
Event: 25.799 loading class com/android/build/gradle/internal/tasks/NonIncrementalTask$taskAction$$inlined$recordTaskAction$1 done


Dynamic libraries:
0x00007ff6560a0000 - 0x00007ff6560d1000 	C:\Program Files\Android\Android Studio\jre\bin\java.exe
0x00007ff819460000 - 0x00007ff819650000 	C:\windows\SYSTEM32\ntdll.dll
0x00007ff817650000 - 0x00007ff817702000 	C:\windows\System32\KERNEL32.DLL
0x00007ff817240000 - 0x00007ff8174e3000 	C:\windows\System32\KERNELBASE.dll
0x00007ff819210000 - 0x00007ff8192b3000 	C:\windows\System32\ADVAPI32.dll
0x00007ff818010000 - 0x00007ff8180ae000 	C:\windows\System32\msvcrt.dll
0x00007ff818f20000 - 0x00007ff818fb7000 	C:\windows\System32\sechost.dll
0x00007ff8190f0000 - 0x00007ff819210000 	C:\windows\System32\RPCRT4.dll
0x00007ff817b80000 - 0x00007ff817d14000 	C:\windows\System32\USER32.dll
0x00007ff816810000 - 0x00007ff816831000 	C:\windows\System32\win32u.dll
0x00007ff817b30000 - 0x00007ff817b56000 	C:\windows\System32\GDI32.dll
0x00007ff8163f0000 - 0x00007ff816584000 	C:\windows\System32\gdi32full.dll
0x00007ff816590000 - 0x00007ff81662e000 	C:\windows\System32\msvcp_win.dll
0x00007ff816710000 - 0x00007ff81680a000 	C:\windows\System32\ucrtbase.dll
0x00007ff815830000 - 0x00007ff815ab5000 	C:\windows\WinSxS\amd64_microsoft.windows.common-controls_6595b64144ccf1df_6.0.18362.778_none_e6c6b761130d4fb8\COMCTL32.dll
0x00007ff817720000 - 0x00007ff817a56000 	C:\windows\System32\combase.dll
0x00007ff816630000 - 0x00007ff8166b0000 	C:\windows\System32\bcryptPrimitives.dll
0x00007ff817f50000 - 0x00007ff817f7e000 	C:\windows\System32\IMM32.DLL
0x00007fffe1680000 - 0x00007fffe1732000 	C:\Program Files\McAfee\Endpoint Security\Threat Prevention\Ips\EpMPApi.dll
0x00007ff8166b0000 - 0x00007ff81670c000 	C:\windows\System32\WINTRUST.dll
0x00007ff816350000 - 0x00007ff816362000 	C:\windows\System32\MSASN1.dll
0x00007ff816840000 - 0x00007ff816989000 	C:\windows\System32\CRYPT32.dll
0x000000005ad80000 - 0x000000005ad8c000 	C:\Program Files\McAfee\Endpoint Security\Threat Prevention\Ips\EpMPThe.dll
0x00007fffe3980000 - 0x00007fffe39b6000 	C:\Program Files\McAfee\Endpoint Security\Threat Prevention\Ips\HIPHandlers64.dll
0x00007ff819090000 - 0x00007ff8190e2000 	C:\windows\System32\SHLWAPI.dll
0x000000005a2c0000 - 0x000000005a392000 	C:\Program Files\Android\Android Studio\jre\jre\bin\msvcr100.dll
0x000000005a3a0000 - 0x000000005abe6000 	C:\Program Files\Android\Android Studio\jre\jre\bin\server\jvm.dll
0x00007ff817710000 - 0x00007ff817718000 	C:\windows\System32\PSAPI.DLL
0x00007ff80b7f0000 - 0x00007ff80b814000 	C:\windows\SYSTEM32\WINMM.dll
0x00007ff80ddf0000 - 0x00007ff80ddfa000 	C:\windows\SYSTEM32\VERSION.dll
0x00007ffff1e20000 - 0x00007ffff1e29000 	C:\windows\SYSTEM32\WSOCK32.dll
0x00007ff817fa0000 - 0x00007ff81800f000 	C:\windows\System32\WS2_32.dll
0x00007ff80b670000 - 0x00007ff80b69d000 	C:\windows\SYSTEM32\WINMMBASE.dll
0x00007ff8171f0000 - 0x00007ff81723a000 	C:\windows\System32\cfgmgr32.dll
0x00007fffffa80000 - 0x00007fffffa8f000 	C:\Program Files\Android\Android Studio\jre\jre\bin\verify.dll
0x00007fffffa50000 - 0x00007fffffa79000 	C:\Program Files\Android\Android Studio\jre\jre\bin\java.dll
0x00007fffff980000 - 0x00007fffff996000 	C:\Program Files\Android\Android Studio\jre\jre\bin\zip.dll
0x00007ff818270000 - 0x00007ff818955000 	C:\windows\System32\SHELL32.dll
0x00007ff8181c0000 - 0x00007ff818269000 	C:\windows\System32\shcore.dll
0x00007ff816990000 - 0x00007ff817110000 	C:\windows\System32\windows.storage.dll
0x00007ff8163c0000 - 0x00007ff8163e3000 	C:\windows\System32\profapi.dll
0x00007ff816370000 - 0x00007ff8163ba000 	C:\windows\System32\powrprof.dll
0x00007ff816320000 - 0x00007ff816330000 	C:\windows\System32\UMPDC.dll
0x00007ff816330000 - 0x00007ff816341000 	C:\windows\System32\kernel.appcore.dll
0x00007ff8174f0000 - 0x00007ff817507000 	C:\windows\System32\cryptsp.dll
0x00007fffece10000 - 0x00007fffece2a000 	C:\Program Files\Android\Android Studio\jre\jre\bin\net.dll
0x00007ff802520000 - 0x00007ff8026f5000 	C:\windows\SYSTEM32\urlmon.dll
0x00007ff8050c0000 - 0x00007ff805366000 	C:\windows\SYSTEM32\iertutil.dll
0x00007ff8156e0000 - 0x00007ff8156ec000 	C:\windows\SYSTEM32\CRYPTBASE.DLL
0x00007ff815510000 - 0x00007ff815577000 	C:\windows\system32\mswsock.dll
0x00007fffd8250000 - 0x00007fffd8263000 	C:\Program Files\Android\Android Studio\jre\jre\bin\nio.dll
0x00007ff812010000 - 0x00007ff812036000 	C:\Users\V3790262\.gradle\native\29\windows-amd64\native-platform.dll
0x00007fffd8240000 - 0x00007fffd824d000 	C:\Program Files\Android\Android Studio\jre\jre\bin\management.dll
0x00007ff814e10000 - 0x00007ff814e43000 	C:\windows\system32\rsaenh.dll
0x00007ff817110000 - 0x00007ff817136000 	C:\windows\System32\bcrypt.dll
0x00007ff816240000 - 0x00007ff816265000 	C:\windows\SYSTEM32\USERENV.dll
0x00007ff815220000 - 0x00007ff81525a000 	C:\windows\SYSTEM32\IPHLPAPI.DLL
0x00007ff817f80000 - 0x00007ff817f88000 	C:\windows\System32\NSI.dll
0x00007ff80e910000 - 0x00007ff80e926000 	C:\windows\SYSTEM32\dhcpcsvc6.DLL
0x00007ff80e820000 - 0x00007ff80e83c000 	C:\windows\SYSTEM32\dhcpcsvc.DLL
0x00007ff815260000 - 0x00007ff81532a000 	C:\windows\SYSTEM32\DNSAPI.dll

VM Arguments:
jvm_args: -Xmx1536m -Dfile.encoding=windows-1252 -Duser.country=US -Duser.language=en -Duser.variant 
java_command: org.gradle.launcher.daemon.bootstrap.GradleDaemon 5.4.1
java_class_path (initial): C:\Users\V3790262\.gradle\wrapper\dists\gradle-5.4.1-all\3221gyojl5jsh0helicew7rwx\gradle-5.4.1\lib\gradle-launcher-5.4.1.jar
Launcher Type: SUN_STANDARD

Environment Variables:
PATH=C:\windows;C:\windows\System32\Wbem;C:\windows\System32\WindowsPowerShell\v1.0\;C:\windows\System32\OpenSSH\;C:\Program Files (x86)\SysinternalsSuite\;C:\Program Files\Intel\WiFi\bin\;C:\Program Files\Common Files\Intel\WirelessCommon\;C:\Program Files\Git\cmd;D:\platform-tools;C:\WINDOWS\system32\;C:\Program Files\dotnet\;C:\Program Files\nodejs\;C:\Program Files\MySQL\MySQL Shell 8.0\bin\;C:\Users\V3790262\AppData\Local\Microsoft\WindowsApps;C:\Users\V3790262\AppData\Local\Programs\Microsoft VS Code\bin;C:\Users\V3790262\AppData\Roaming\npm;C:\WINDOWS\system32\;
USERNAME=P3701209
OS=Windows_NT
PROCESSOR_IDENTIFIER=Intel64 Family 6 Model 158 Stepping 10, GenuineIntel



---------------  S Y S T E M  ---------------

OS: Windows 10.0 , 64 bit Build 18362 (10.0.18362.778)

CPU:total 12 (initial active 12) (6 cores per cpu, 2 threads per core) family 6 model 158 stepping 10, cmov, cx8, fxsr, mmx, sse, sse2, sse3, ssse3, sse4.1, sse4.2, popcnt, avx, avx2, aes, clmul, erms, 3dnowpref, lzcnt, ht, tsc, tscinvbit, bmi1, bmi2, adx

Memory: 4k page, physical 16511444k(4192040k free), swap 17560020k(4412k free)

vm_info: OpenJDK 64-Bit Server VM (25.212-b04) for windows-amd64 JRE (1.8.0_212-release-1586-b04), built by "builder" with MS VC++ 10.0 (VS2010)

time: Thu Apr 23 14:56:29 2020
timezone: GTB Daylight Time
elapsed time: 25 seconds (0d 0h 0m 25s)

