#
# There is insufficient memory for the Java Runtime Environment to continue.
# Native memory allocation (malloc) failed to allocate 937056 bytes for Chunk::new
# Possible reasons:
#   The system is out of physical RAM or swap space
#   The process is running with CompressedOops enabled, and the Java Heap may be blocking the growth of the native heap
# Possible solutions:
#   Reduce memory load on the system
#   Increase physical memory or swap space
#   Check if swap backing store is full
#   Decrease Java heap size (-Xmx/-Xms)
#   Decrease number of Java threads
#   Decrease Java thread stack sizes (-Xss)
#   Set larger code cache with -XX:ReservedCodeCacheSize=
#   JVM is running with Unscaled Compressed Oops mode in which the Java heap is
#     placed in the first 4GB address space. The Java Heap base address is the
#     maximum limit for the native heap growth. Please use -XX:HeapBaseMinAddress
#     to set the Java Heap base and to place the Java Heap above 4GB virtual address.
# This output file may be truncated or incomplete.
#
#  Out of Memory Error (allocation.cpp:389), pid=7200, tid=0x0000000000002960
#
# JRE version: OpenJDK Runtime Environment (8.0_212-b04) (build 1.8.0_212-release-1586-b04)
# Java VM: OpenJDK 64-Bit Server VM (25.212-b04 mixed mode windows-amd64 compressed oops)
# Failed to write core dump. Minidumps are not enabled by default on client versions of Windows
#

---------------  T H R E A D  ---------------

Current thread (0x00000000184d9000):  JavaThread "C2 CompilerThread2" daemon [_thread_in_native, id=10592, stack(0x0000000019d30000,0x0000000019e30000)]

Stack: [0x0000000019d30000,0x0000000019e30000]
[error occurred during error reporting (printing stack bounds), id 0xc0000005]

Native frames: (J=compiled Java code, j=interpreted, Vv=VM code, C=native code)


Current CompileTask:
C2:  10055 10186       4       com.android.tools.r8.ir.conversion.N::a (5667 bytes)


---------------  P R O C E S S  ---------------

Java Threads: ( => current thread )
  0x0000000021fba000 JavaThread "ForkJoinPool-2-worker-12" daemon [_thread_blocked, id=16640, stack(0x0000000028fe0000,0x00000000290e0000)]
  0x0000000021fb7800 JavaThread "ForkJoinPool-2-worker-3" daemon [_thread_blocked, id=17508, stack(0x0000000028ee0000,0x0000000028fe0000)]
  0x0000000021fb8800 JavaThread "ForkJoinPool-2-worker-10" daemon [_thread_blocked, id=18624, stack(0x0000000028de0000,0x0000000028ee0000)]
  0x0000000021fb9000 JavaThread "ForkJoinPool-2-worker-1" daemon [_thread_blocked, id=17804, stack(0x0000000028ce0000,0x0000000028de0000)]
  0x0000000021fb0000 JavaThread "ForkJoinPool-2-worker-8" daemon [_thread_blocked, id=10320, stack(0x0000000028be0000,0x0000000028ce0000)]
  0x0000000021fb7000 JavaThread "ForkJoinPool-2-worker-15" daemon [_thread_blocked, id=14852, stack(0x0000000028ae0000,0x0000000028be0000)]
  0x0000000021fb6000 JavaThread "ForkJoinPool-2-worker-6" daemon [_thread_blocked, id=1748, stack(0x00000000289e0000,0x0000000028ae0000)]
  0x0000000021fb5800 JavaThread "ForkJoinPool-2-worker-13" daemon [_thread_blocked, id=18612, stack(0x00000000288e0000,0x00000000289e0000)]
  0x0000000021fae800 JavaThread "ForkJoinPool-2-worker-4" daemon [_thread_blocked, id=12580, stack(0x00000000287e0000,0x00000000288e0000)]
  0x0000000021fb4800 JavaThread "ForkJoinPool-2-worker-11" daemon [_thread_blocked, id=16144, stack(0x00000000286e0000,0x00000000287e0000)]
  0x0000000021fb4000 JavaThread "ForkJoinPool-2-worker-2" daemon [_thread_blocked, id=1160, stack(0x00000000285e0000,0x00000000286e0000)]
  0x0000000021fac000 JavaThread "ForkJoinPool-2-worker-9" daemon [_thread_blocked, id=16456, stack(0x00000000284e0000,0x00000000285e0000)]
  0x0000000021fb3000 JavaThread "WorkerExecutor Queue Thread 8" [_thread_blocked, id=13000, stack(0x0000000027fe0000,0x00000000280e0000)]
  0x0000000021fad800 JavaThread "WorkerExecutor Queue Thread 7" [_thread_blocked, id=14856, stack(0x0000000027ee0000,0x0000000027fe0000)]
  0x0000000021fab800 JavaThread "WorkerExecutor Queue Thread 6" [_thread_blocked, id=11788, stack(0x0000000027de0000,0x0000000027ee0000)]
  0x0000000021fb2000 JavaThread "WorkerExecutor Queue Thread 5" [_thread_in_native, id=9184, stack(0x0000000027ce0000,0x0000000027de0000)]
  0x0000000021fb0800 JavaThread "WorkerExecutor Queue Thread 4" [_thread_blocked, id=17880, stack(0x0000000027be0000,0x0000000027ce0000)]
  0x0000000021faf000 JavaThread "WorkerExecutor Queue Thread 3" [_thread_in_native, id=3596, stack(0x0000000027ae0000,0x0000000027be0000)]
  0x0000000021fb1800 JavaThread "WorkerExecutor Queue Thread 2" [_thread_in_native, id=18608, stack(0x00000000277e0000,0x00000000278e0000)]
  0x0000000021fad000 JavaThread "WorkerExecutor Queue" [_thread_in_Java, id=1596, stack(0x00000000276e0000,0x00000000277e0000)]
  0x000000001e769800 JavaThread "Cache worker for execution history cache (D:\_LICENTA\iReport-PROJECT\.gradle\5.4.1\executionHistory)" [_thread_blocked, id=7352, stack(0x00000000273e0000,0x00000000274e0000)]
  0x000000001e768000 JavaThread "Execution worker for ':' Thread 11" [_thread_blocked, id=2784, stack(0x00000000272e0000,0x00000000273e0000)]
  0x000000001e767000 JavaThread "Execution worker for ':' Thread 10" [_thread_blocked, id=15972, stack(0x00000000271e0000,0x00000000272e0000)]
  0x000000001e766800 JavaThread "Execution worker for ':' Thread 9" [_thread_blocked, id=5424, stack(0x00000000270e0000,0x00000000271e0000)]
  0x000000001e76c800 JavaThread "Execution worker for ':' Thread 8" [_thread_blocked, id=13808, stack(0x0000000026fe0000,0x00000000270e0000)]
  0x000000001e76b800 JavaThread "Execution worker for ':' Thread 7" [_thread_blocked, id=17828, stack(0x0000000026ee0000,0x0000000026fe0000)]
  0x000000001e768800 JavaThread "Execution worker for ':' Thread 6" [_thread_blocked, id=11120, stack(0x0000000026de0000,0x0000000026ee0000)]
  0x000000001e765800 JavaThread "Execution worker for ':' Thread 5" [_thread_blocked, id=7340, stack(0x0000000026ce0000,0x0000000026de0000)]
  0x000000001e76b000 JavaThread "Execution worker for ':' Thread 4" [_thread_blocked, id=7776, stack(0x0000000026be0000,0x0000000026ce0000)]
  0x000000001e76a000 JavaThread "Execution worker for ':' Thread 3" [_thread_blocked, id=404, stack(0x0000000026ae0000,0x0000000026be0000)]
  0x000000001880d000 JavaThread "Execution worker for ':' Thread 2" [_thread_blocked, id=11932, stack(0x00000000269e0000,0x0000000026ae0000)]
  0x000000001880c800 JavaThread "Execution worker for ':'" [_thread_blocked, id=18500, stack(0x00000000268e0000,0x00000000269e0000)]
  0x000000001880b800 JavaThread "Cache worker for file content cache (D:\_LICENTA\iReport-PROJECT\.gradle\5.4.1\fileContent)" [_thread_blocked, id=17492, stack(0x00000000253f0000,0x00000000254f0000)]
  0x000000001880a000 JavaThread "Cache worker for file content cache (C:\Users\V3790262\.gradle\caches\5.4.1\fileContent)" [_thread_blocked, id=18268, stack(0x00000000252f0000,0x00000000253f0000)]
  0x0000000018811000 JavaThread "Memory manager" [_thread_blocked, id=16180, stack(0x00000000247a0000,0x00000000248a0000)]
  0x000000001880f800 JavaThread "Cache worker for Build Output Cleanup Cache (D:\_LICENTA\iReport-PROJECT\.gradle\buildOutputCleanup)" [_thread_blocked, id=16556, stack(0x00000000244a0000,0x00000000245a0000)]
  0x000000001880e000 JavaThread "Build operations Thread 12" [_thread_blocked, id=6176, stack(0x0000000023da0000,0x0000000023ea0000)]
  0x000000001880a800 JavaThread "Build operations Thread 11" [_thread_blocked, id=2912, stack(0x0000000023ca0000,0x0000000023da0000)]
  0x000000001880e800 JavaThread "Build operations Thread 10" [_thread_blocked, id=13184, stack(0x0000000023ba0000,0x0000000023ca0000)]
  0x0000000018801800 JavaThread "Build operations Thread 9" [_thread_blocked, id=15096, stack(0x0000000023aa0000,0x0000000023ba0000)]
  0x0000000018802800 JavaThread "Build operations Thread 8" [_thread_blocked, id=15708, stack(0x00000000239a0000,0x0000000023aa0000)]
  0x0000000018808800 JavaThread "Build operations Thread 7" [_thread_blocked, id=11112, stack(0x00000000238a0000,0x00000000239a0000)]
  0x0000000018803000 JavaThread "Build operations Thread 6" [_thread_blocked, id=8056, stack(0x00000000237a0000,0x00000000238a0000)]
  0x0000000018807000 JavaThread "Build operations Thread 5" [_thread_blocked, id=1032, stack(0x00000000236a0000,0x00000000237a0000)]
  0x0000000018805800 JavaThread "Build operations Thread 4" [_thread_blocked, id=19088, stack(0x00000000235a0000,0x00000000236a0000)]
  0x0000000018807800 JavaThread "Build operations Thread 3" [_thread_blocked, id=10164, stack(0x00000000234a0000,0x00000000235a0000)]
  0x0000000018806000 JavaThread "Build operations Thread 2" [_thread_blocked, id=3276, stack(0x00000000233a0000,0x00000000234a0000)]
  0x0000000018804000 JavaThread "Build operations" [_thread_blocked, id=12980, stack(0x00000000232a0000,0x00000000233a0000)]
  0x0000000018804800 JavaThread "Cache worker for execution history cache (C:\Users\V3790262\.gradle\caches\5.4.1\executionHistory)" [_thread_blocked, id=2500, stack(0x0000000022d00000,0x0000000022e00000)]
  0x000000001b828000 JavaThread "Cache worker for cache directory md-rule (C:\Users\V3790262\.gradle\caches\5.4.1\md-rule)" [_thread_blocked, id=15716, stack(0x0000000020810000,0x0000000020910000)]
  0x000000001b829000 JavaThread "Cache worker for cache directory md-supplier (C:\Users\V3790262\.gradle\caches\5.4.1\md-supplier)" [_thread_blocked, id=13536, stack(0x0000000020710000,0x0000000020810000)]
  0x000000001b829800 JavaThread "Cache worker for file hash cache (D:\_LICENTA\iReport-PROJECT\.gradle\5.4.1\fileHashes)" [_thread_blocked, id=15320, stack(0x000000001efe0000,0x000000001f0e0000)]
  0x000000001b82d800 JavaThread "Cache worker for journal cache (C:\Users\V3790262\.gradle\caches\journal-1)" [_thread_blocked, id=11496, stack(0x000000001db10000,0x000000001dc10000)]
  0x000000001b82c000 JavaThread "File lock request listener" [_thread_in_native, id=4368, stack(0x000000001da10000,0x000000001db10000)]
  0x000000001b81a000 JavaThread "Cache worker for file hash cache (C:\Users\V3790262\.gradle\caches\5.4.1\fileHashes)" [_thread_blocked, id=11156, stack(0x000000001d910000,0x000000001da10000)]
  0x000000001b601800 JavaThread "Thread-9" [_thread_blocked, id=15508, stack(0x000000001c840000,0x000000001c940000)]
  0x000000001b7e9800 JavaThread "Stdin handler" [_thread_blocked, id=7592, stack(0x000000001c740000,0x000000001c840000)]
  0x000000001b708800 JavaThread "Asynchronous log dispatcher for DefaultDaemonConnection: socket connection from /127.0.0.1:53539 to /127.0.0.1:53540" [_thread_blocked, id=17600, stack(0x000000001c640000,0x000000001c740000)]
  0x000000001b7ee000 JavaThread "Daemon worker" [_thread_blocked, id=604, stack(0x000000001c540000,0x000000001c640000)]
  0x000000001b7db000 JavaThread "Cancel handler" [_thread_blocked, id=19400, stack(0x000000001c440000,0x000000001c540000)]
  0x000000001b5e1800 JavaThread "Handler for socket connection from /127.0.0.1:53539 to /127.0.0.1:53540" [_thread_in_native, id=15076, stack(0x000000001c040000,0x000000001c140000)]
  0x000000001b5dd800 JavaThread "Daemon" [_thread_blocked, id=6320, stack(0x000000001bf40000,0x000000001c040000)]
  0x000000001b423800 JavaThread "Daemon periodic checks" [_thread_blocked, id=13728, stack(0x000000001be40000,0x000000001bf40000)]
  0x000000001b413000 JavaThread "Incoming local TCP Connector on port 53539" [_thread_in_native, id=6892, stack(0x000000001bc00000,0x000000001bd00000)]
  0x000000001b0d0800 JavaThread "Daemon health stats" [_thread_blocked, id=9680, stack(0x000000001b900000,0x000000001ba00000)]
  0x000000001856d800 JavaThread "Service Thread" daemon [_thread_blocked, id=15368, stack(0x0000000019f30000,0x000000001a030000)]
  0x00000000184da000 JavaThread "C1 CompilerThread3" daemon [_thread_blocked, id=15400, stack(0x0000000019e30000,0x0000000019f30000)]
=>0x00000000184d9000 JavaThread "C2 CompilerThread2" daemon [_thread_in_native, id=10592, stack(0x0000000019d30000,0x0000000019e30000)]
  0x00000000184d4000 JavaThread "C2 CompilerThread1" daemon [_thread_in_native, id=5688, stack(0x0000000019c30000,0x0000000019d30000)]
  0x00000000184cd000 JavaThread "C2 CompilerThread0" daemon [_thread_in_native, id=18940, stack(0x0000000019b30000,0x0000000019c30000)]
  0x00000000184ca800 JavaThread "Attach Listener" daemon [_thread_blocked, id=12608, stack(0x0000000019a30000,0x0000000019b30000)]
  0x00000000184c9800 JavaThread "Signal Dispatcher" daemon [_thread_blocked, id=2632, stack(0x0000000019930000,0x0000000019a30000)]
  0x0000000016de2000 JavaThread "Finalizer" daemon [_thread_blocked, id=17596, stack(0x0000000019730000,0x0000000019830000)]
  0x00000000184c3000 JavaThread "Reference Handler" daemon [_thread_blocked, id=12000, stack(0x0000000019630000,0x0000000019730000)]
  0x0000000002c1e800 JavaThread "main" [_thread_blocked, id=9664, stack(0x0000000002c20000,0x0000000002d20000)]

Other Threads:
  0x0000000016dd5800 VMThread [stack: 0x0000000019530000,0x0000000019630000] [id=5732]
  0x000000001856f000 WatcherThread [stack: 0x000000001a030000,0x000000001a130000] [id=17920]

VM state:not at safepoint (normal execution)

VM Mutex/Monitor currently owned by a thread: None

heap address: 0x00000000a0000000, size: 1536 MB, Compressed Oops mode: 32-bit
Narrow klass base: 0x0000000000000000, Narrow klass shift: 3
Compressed class space size: 1073741824 Address: 0x0000000100000000

Heap:
 PSYoungGen      total 257536K, used 83098K [0x00000000e0000000, 0x00000000f4180000, 0x0000000100000000)
  eden space 216064K, 19% used [0x00000000e0000000,0x00000000e28a9b98,0x00000000ed300000)
  from space 41472K, 99% used [0x00000000ed300000,0x00000000efb7cda8,0x00000000efb80000)
  to   space 23552K, 0% used [0x00000000efb80000,0x00000000efb80000,0x00000000f1280000)
 ParOldGen       total 273408K, used 109274K [0x00000000a0000000, 0x00000000b0b00000, 0x00000000e0000000)
  object space 273408K, 39% used [0x00000000a0000000,0x00000000a6ab6a58,0x00000000b0b00000)
 Metaspace       used 70578K, capacity 74172K, committed 74392K, reserved 1114112K
  class space    used 9666K, capacity 10376K, committed 10408K, reserved 1048576K

Card table byte_map: [0x00000000121e0000,0x00000000124f0000] byte_map_base: 0x0000000011ce0000

Marking Bits: (ParMarkBitMap*) 0x000000005ab69f30
 Begin Bits: [0x00000000130f0000, 0x00000000148f0000)
 End Bits:   [0x00000000148f0000, 0x00000000160f0000)

Polling page: 0x00000000007f0000

CodeCache: size=245760Kb used=28576Kb max_used=28576Kb free=217183Kb
 bounds [0x0000000002e20000, 0x0000000004a30000, 0x0000000011e20000]
 total_blobs=9913 nmethods=9086 adapters=739
 compilation: enabled

Compilation events (10 events):
Event: 10.049 Thread 0x00000000184da000 10476       2       com.android.tools.r8.graph.ObjectToOffsetMapping::i (8 bytes)
Event: 10.049 Thread 0x00000000184da000 nmethod 10476 0x0000000004a224d0 code [0x0000000004a22640, 0x0000000004a227c8]
Event: 10.049 Thread 0x00000000184da000 10477       2       com.android.tools.r8.graph.ObjectToOffsetMapping::h (8 bytes)
Event: 10.050 Thread 0x00000000184da000 nmethod 10477 0x0000000004a22890 code [0x0000000004a22a00, 0x0000000004a22b88]
Event: 10.050 Thread 0x00000000184da000 10474       2       com.android.tools.r8.graph.DexProgramClass$$Lambda$788/1855066508::test (8 bytes)
Event: 10.050 Thread 0x00000000184da000 nmethod 10474 0x0000000004a22c50 code [0x0000000004a22dc0, 0x0000000004a22fd0]
Event: 10.050 Thread 0x00000000184da000 10475       2       com.android.tools.r8.graph.DexEncodedMethod::s (33 bytes)
Event: 10.050 Thread 0x00000000184da000 nmethod 10475 0x0000000004a23190 code [0x0000000004a232e0, 0x0000000004a234b0]
Event: 10.050 Thread 0x00000000184da000 10478       2       sun.security.provider.ByteArrayAccess::i2bBig4 (111 bytes)
Event: 10.050 Thread 0x00000000184da000 nmethod 10478 0x0000000004a23610 code [0x0000000004a23780, 0x0000000004a239a8]

GC Heap History (10 events):
Event: 6.378 GC heap before
{Heap before GC invocations=10 (full 2):
 PSYoungGen      total 166400K, used 155780K [0x00000000e0000000, 0x00000000eef00000, 0x0000000100000000)
  eden space 153088K, 93% used [0x00000000e0000000,0x00000000e8b27648,0x00000000e9580000)
  from space 13312K, 99% used [0x00000000e9580000,0x00000000ea279c18,0x00000000ea280000)
  to   space 17408K, 0% used [0x00000000ede00000,0x00000000ede00000,0x00000000eef00000)
 ParOldGen       total 174592K, used 22308K [0x00000000a0000000, 0x00000000aaa80000, 0x00000000e0000000)
  object space 174592K, 12% used [0x00000000a0000000,0x00000000a15c92b8,0x00000000aaa80000)
 Metaspace       used 57523K, capacity 59146K, committed 59160K, reserved 1099776K
  class space    used 7810K, capacity 8227K, committed 8232K, reserved 1048576K
Event: 6.394 GC heap after
Heap after GC invocations=10 (full 2):
 PSYoungGen      total 222208K, used 17384K [0x00000000e0000000, 0x00000000ef800000, 0x0000000100000000)
  eden space 204800K, 0% used [0x00000000e0000000,0x00000000e0000000,0x00000000ec800000)
  from space 17408K, 99% used [0x00000000ede00000,0x00000000eeefa2e0,0x00000000eef00000)
  to   space 22528K, 0% used [0x00000000ec800000,0x00000000ec800000,0x00000000ede00000)
 ParOldGen       total 174592K, used 29155K [0x00000000a0000000, 0x00000000aaa80000, 0x00000000e0000000)
  object space 174592K, 16% used [0x00000000a0000000,0x00000000a1c78d90,0x00000000aaa80000)
 Metaspace       used 57523K, capacity 59146K, committed 59160K, reserved 1099776K
  class space    used 7810K, capacity 8227K, committed 8232K, reserved 1048576K
}
Event: 6.394 GC heap before
{Heap before GC invocations=11 (full 3):
 PSYoungGen      total 222208K, used 17384K [0x00000000e0000000, 0x00000000ef800000, 0x0000000100000000)
  eden space 204800K, 0% used [0x00000000e0000000,0x00000000e0000000,0x00000000ec800000)
  from space 17408K, 99% used [0x00000000ede00000,0x00000000eeefa2e0,0x00000000eef00000)
  to   space 22528K, 0% used [0x00000000ec800000,0x00000000ec800000,0x00000000ede00000)
 ParOldGen       total 174592K, used 29155K [0x00000000a0000000, 0x00000000aaa80000, 0x00000000e0000000)
  object space 174592K, 16% used [0x00000000a0000000,0x00000000a1c78d90,0x00000000aaa80000)
 Metaspace       used 57523K, capacity 59146K, committed 59160K, reserved 1099776K
  class space    used 7810K, capacity 8227K, committed 8232K, reserved 1048576K
Event: 6.602 GC heap after
Heap after GC invocations=11 (full 3):
 PSYoungGen      total 222208K, used 0K [0x00000000e0000000, 0x00000000ef800000, 0x0000000100000000)
  eden space 204800K, 0% used [0x00000000e0000000,0x00000000e0000000,0x00000000ec800000)
  from space 17408K, 0% used [0x00000000ede00000,0x00000000ede00000,0x00000000eef00000)
  to   space 22528K, 0% used [0x00000000ec800000,0x00000000ec800000,0x00000000ede00000)
 ParOldGen       total 273408K, used 39343K [0x00000000a0000000, 0x00000000b0b00000, 0x00000000e0000000)
  object space 273408K, 14% used [0x00000000a0000000,0x00000000a266bca8,0x00000000b0b00000)
 Metaspace       used 57523K, capacity 59146K, committed 59160K, reserved 1099776K
  class space    used 7810K, capacity 8227K, committed 8232K, reserved 1048576K
}
Event: 7.654 GC heap before
{Heap before GC invocations=12 (full 3):
 PSYoungGen      total 222208K, used 204800K [0x00000000e0000000, 0x00000000ef800000, 0x0000000100000000)
  eden space 204800K, 100% used [0x00000000e0000000,0x00000000ec800000,0x00000000ec800000)
  from space 17408K, 0% used [0x00000000ede00000,0x00000000ede00000,0x00000000eef00000)
  to   space 22528K, 0% used [0x00000000ec800000,0x00000000ec800000,0x00000000ede00000)
 ParOldGen       total 273408K, used 39343K [0x00000000a0000000, 0x00000000b0b00000, 0x00000000e0000000)
  object space 273408K, 14% used [0x00000000a0000000,0x00000000a266bca8,0x00000000b0b00000)
 Metaspace       used 60648K, capacity 62958K, committed 63000K, reserved 1103872K
  class space    used 8248K, capacity 8703K, committed 8744K, reserved 1048576K
Event: 7.670 GC heap after
Heap after GC invocations=12 (full 3):
 PSYoungGen      total 227328K, used 17141K [0x00000000e0000000, 0x00000000f1280000, 0x0000000100000000)
  eden space 204800K, 0% used [0x00000000e0000000,0x00000000e0000000,0x00000000ec800000)
  from space 22528K, 76% used [0x00000000ec800000,0x00000000ed8bd648,0x00000000ede00000)
  to   space 23552K, 0% used [0x00000000efb80000,0x00000000efb80000,0x00000000f1280000)
 ParOldGen       total 273408K, used 39351K [0x00000000a0000000, 0x00000000b0b00000, 0x00000000e0000000)
  object space 273408K, 14% used [0x00000000a0000000,0x00000000a266dca8,0x00000000b0b00000)
 Metaspace       used 60648K, capacity 62958K, committed 63000K, reserved 1103872K
  class space    used 8248K, capacity 8703K, committed 8744K, reserved 1048576K
}
Event: 8.483 GC heap before
{Heap before GC invocations=13 (full 3):
 PSYoungGen      total 227328K, used 221941K [0x00000000e0000000, 0x00000000f1280000, 0x0000000100000000)
  eden space 204800K, 100% used [0x00000000e0000000,0x00000000ec800000,0x00000000ec800000)
  from space 22528K, 76% used [0x00000000ec800000,0x00000000ed8bd648,0x00000000ede00000)
  to   space 23552K, 0% used [0x00000000efb80000,0x00000000efb80000,0x00000000f1280000)
 ParOldGen       total 273408K, used 39351K [0x00000000a0000000, 0x00000000b0b00000, 0x00000000e0000000)
  object space 273408K, 14% used [0x00000000a0000000,0x00000000a266dca8,0x00000000b0b00000)
 Metaspace       used 67457K, capacity 70380K, committed 70680K, reserved 1110016K
  class space    used 9322K, capacity 9956K, committed 10024K, reserved 1048576K
Event: 8.522 GC heap after
Heap after GC invocations=13 (full 3):
 PSYoungGen      total 239616K, used 23532K [0x00000000e0000000, 0x00000000f4180000, 0x0000000100000000)
  eden space 216064K, 0% used [0x00000000e0000000,0x00000000e0000000,0x00000000ed300000)
  from space 23552K, 99% used [0x00000000efb80000,0x00000000f127b238,0x00000000f1280000)
  to   space 41472K, 0% used [0x00000000ed300000,0x00000000ed300000,0x00000000efb80000)
 ParOldGen       total 273408K, used 80782K [0x00000000a0000000, 0x00000000b0b00000, 0x00000000e0000000)
  object space 273408K, 29% used [0x00000000a0000000,0x00000000a4ee3b70,0x00000000b0b00000)
 Metaspace       used 67457K, capacity 70380K, committed 70680K, reserved 1110016K
  class space    used 9322K, capacity 9956K, committed 10024K, reserved 1048576K
}
Event: 9.206 GC heap before
{Heap before GC invocations=14 (full 3):
 PSYoungGen      total 239616K, used 239474K [0x00000000e0000000, 0x00000000f4180000, 0x0000000100000000)
  eden space 216064K, 99% used [0x00000000e0000000,0x00000000ed2e18c8,0x00000000ed300000)
  from space 23552K, 99% used [0x00000000efb80000,0x00000000f127b238,0x00000000f1280000)
  to   space 41472K, 0% used [0x00000000ed300000,0x00000000ed300000,0x00000000efb80000)
 ParOldGen       total 273408K, used 80782K [0x00000000a0000000, 0x00000000b0b00000, 0x00000000e0000000)
  object space 273408K, 29% used [0x00000000a0000000,0x00000000a4ee3b70,0x00000000b0b00000)
 Metaspace       used 69887K, capacity 73416K, committed 73624K, reserved 1112064K
  class space    used 9655K, capacity 10370K, committed 10408K, reserved 1048576K
Event: 9.259 GC heap after
Heap after GC invocations=14 (full 3):
 PSYoungGen      total 257536K, used 41459K [0x00000000e0000000, 0x00000000f4180000, 0x0000000100000000)
  eden space 216064K, 0% used [0x00000000e0000000,0x00000000e0000000,0x00000000ed300000)
  from space 41472K, 99% used [0x00000000ed300000,0x00000000efb7cda8,0x00000000efb80000)
  to   space 23552K, 0% used [0x00000000efb80000,0x00000000efb80000,0x00000000f1280000)
 ParOldGen       total 273408K, used 109274K [0x00000000a0000000, 0x00000000b0b00000, 0x00000000e0000000)
  object space 273408K, 39% used [0x00000000a0000000,0x00000000a6ab6a58,0x00000000b0b00000)
 Metaspace       used 69887K, capacity 73416K, committed 73624K, reserved 1112064K
  class space    used 9655K, capacity 10370K, committed 10408K, reserved 1048576K
}

Deoptimization events (10 events):
Event: 9.943 Thread 0x0000000021faf000 Uncommon trap: reason=bimorphic action=maybe_recompile pc=0x000000000485de7c method=com.android.tools.r8.ir.conversion.IRBuilder.a(ILcom/android/tools/r8/ir/code/k0;)Lcom/android/tools/r8/ir/code/Value; @ 12
Event: 9.943 Thread 0x0000000021faf000 Uncommon trap: reason=bimorphic action=maybe_recompile pc=0x000000000485de7c method=com.android.tools.r8.ir.conversion.IRBuilder.a(ILcom/android/tools/r8/ir/code/k0;)Lcom/android/tools/r8/ir/code/Value; @ 12
Event: 9.944 Thread 0x0000000021faf000 Uncommon trap: reason=bimorphic action=maybe_recompile pc=0x000000000485de7c method=com.android.tools.r8.ir.conversion.IRBuilder.a(ILcom/android/tools/r8/ir/code/k0;)Lcom/android/tools/r8/ir/code/Value; @ 12
Event: 9.944 Thread 0x0000000021faf000 Uncommon trap: reason=bimorphic action=maybe_recompile pc=0x000000000485de7c method=com.android.tools.r8.ir.conversion.IRBuilder.a(ILcom/android/tools/r8/ir/code/k0;)Lcom/android/tools/r8/ir/code/Value; @ 12
Event: 10.021 Thread 0x0000000021fad000 Uncommon trap: reason=unstable_if action=reinterpret pc=0x0000000004712804 method=java.util.concurrent.ConcurrentHashMap$Traverser.advance()Ljava/util/concurrent/ConcurrentHashMap$Node; @ 84
Event: 10.022 Thread 0x0000000021fad000 Uncommon trap: reason=unstable_if action=reinterpret pc=0x000000000387def4 method=java.util.concurrent.ConcurrentHashMap$Traverser.advance()Ljava/util/concurrent/ConcurrentHashMap$Node; @ 84
Event: 10.026 Thread 0x0000000021faf000 Uncommon trap: reason=array_check action=maybe_recompile pc=0x0000000004752290 method=java.util.TimSort.binarySort([Ljava/lang/Object;IIILjava/util/Comparator;)V @ 193
Event: 10.026 Thread 0x0000000021faf000 Uncommon trap: reason=array_check action=maybe_recompile pc=0x0000000004752290 method=java.util.TimSort.binarySort([Ljava/lang/Object;IIILjava/util/Comparator;)V @ 193
Event: 10.027 Thread 0x0000000021faf000 Uncommon trap: reason=array_check action=maybe_recompile pc=0x00000000047521cc method=java.util.TimSort.binarySort([Ljava/lang/Object;IIILjava/util/Comparator;)V @ 215
Event: 10.027 Thread 0x0000000021faf000 Uncommon trap: reason=array_check action=maybe_recompile pc=0x0000000004752290 method=java.util.TimSort.binarySort([Ljava/lang/Object;IIILjava/util/Comparator;)V @ 193

Classes redefined (0 events):
No events

Internal exceptions (10 events):
Event: 9.309 Thread 0x0000000021fb2000 Exception <a 'sun/nio/fs/WindowsException'> (0x00000000e05c1c30) thrown at [D:\src\AOSP-openjdk-cygwin\jdk8u\hotspot\src\share\vm\prims\jni.cpp, line 710]
Event: 9.318 Thread 0x0000000021fb2000 Exception <a 'sun/nio/fs/WindowsException'> (0x00000000e05d48f8) thrown at [D:\src\AOSP-openjdk-cygwin\jdk8u\hotspot\src\share\vm\prims\jni.cpp, line 710]
Event: 9.329 Thread 0x0000000021fb2000 Exception <a 'sun/nio/fs/WindowsException'> (0x00000000e05db0f0) thrown at [D:\src\AOSP-openjdk-cygwin\jdk8u\hotspot\src\share\vm\prims\jni.cpp, line 710]
Event: 9.521 Thread 0x0000000021fb2000 Exception <a 'sun/nio/fs/WindowsException'> (0x00000000e05e37b0) thrown at [D:\src\AOSP-openjdk-cygwin\jdk8u\hotspot\src\share\vm\prims\jni.cpp, line 710]
Event: 9.524 Thread 0x0000000021fb2000 Exception <a 'sun/nio/fs/WindowsException'> (0x00000000e13d9508) thrown at [D:\src\AOSP-openjdk-cygwin\jdk8u\hotspot\src\share\vm\prims\jni.cpp, line 710]
Event: 9.528 Thread 0x0000000021fb2000 Exception <a 'sun/nio/fs/WindowsException'> (0x00000000e13df9c8) thrown at [D:\src\AOSP-openjdk-cygwin\jdk8u\hotspot\src\share\vm\prims\jni.cpp, line 710]
Event: 9.636 Thread 0x0000000021faf000 Implicit null exception at 0x000000000486fe6c to 0x00000000048701c1
Event: 9.664 Thread 0x0000000021fb2000 Exception <a 'sun/nio/fs/WindowsException'> (0x00000000e13f8d48) thrown at [D:\src\AOSP-openjdk-cygwin\jdk8u\hotspot\src\share\vm\prims\jni.cpp, line 710]
Event: 9.673 Thread 0x0000000021fb2000 Exception <a 'sun/nio/fs/WindowsException'> (0x00000000e1400828) thrown at [D:\src\AOSP-openjdk-cygwin\jdk8u\hotspot\src\share\vm\prims\jni.cpp, line 710]
Event: 9.677 Thread 0x0000000021fb2000 Exception <a 'sun/nio/fs/WindowsException'> (0x00000000e1409560) thrown at [D:\src\AOSP-openjdk-cygwin\jdk8u\hotspot\src\share\vm\prims\jni.cpp, line 710]

Events (10 events):
Event: 10.026 Thread 0x0000000021fad000 DEOPT PACKING pc=0x000000000472b17e sp=0x00000000277de050
Event: 10.026 Thread 0x0000000021fad000 DEOPT UNPACKING pc=0x0000000002e675d0 sp=0x00000000277dddc0 mode 0
Event: 10.027 Thread 0x0000000021faf000 Uncommon trap: trap_request=0xffffffd6 fr.pc=0x00000000047521cc
Event: 10.027 Thread 0x0000000021faf000 DEOPT PACKING pc=0x00000000047521cc sp=0x0000000027bddb20
Event: 10.027 Thread 0x0000000021faf000 DEOPT UNPACKING pc=0x0000000002e6557b sp=0x0000000027bddac0 mode 2
Event: 10.027 Thread 0x0000000021faf000 Uncommon trap: trap_request=0xffffffd6 fr.pc=0x0000000004752290
Event: 10.027 Thread 0x0000000021faf000 DEOPT PACKING pc=0x0000000004752290 sp=0x0000000027bddab0
Event: 10.027 Thread 0x0000000021faf000 DEOPT UNPACKING pc=0x0000000002e6557b sp=0x0000000027bdda50 mode 2
Event: 10.031 Thread 0x0000000021fad000 DEOPT PACKING pc=0x000000000472b17e sp=0x00000000277de050
Event: 10.031 Thread 0x0000000021fad000 DEOPT UNPACKING pc=0x0000000002e675d0 sp=0x00000000277dddc0 mode 0


Dynamic libraries:
0x00007ff6560a0000 - 0x00007ff6560d1000 	C:\Program Files\Android\Android Studio\jre\bin\java.exe
0x00007ff819460000 - 0x00007ff819650000 	C:\windows\SYSTEM32\ntdll.dll
0x00007ff817650000 - 0x00007ff817702000 	C:\windows\System32\KERNEL32.DLL
0x00007ff817240000 - 0x00007ff8174e3000 	C:\windows\System32\KERNELBASE.dll
0x00007ff819210000 - 0x00007ff8192b3000 	C:\windows\System32\ADVAPI32.dll
0x00007ff818010000 - 0x00007ff8180ae000 	C:\windows\System32\msvcrt.dll
0x00007ff818f20000 - 0x00007ff818fb7000 	C:\windows\System32\sechost.dll
0x00007ff8190f0000 - 0x00007ff819210000 	C:\windows\System32\RPCRT4.dll
0x00007ff817b80000 - 0x00007ff817d14000 	C:\windows\System32\USER32.dll
0x00007ff816810000 - 0x00007ff816831000 	C:\windows\System32\win32u.dll
0x00007ff817b30000 - 0x00007ff817b56000 	C:\windows\System32\GDI32.dll
0x00007ff8163f0000 - 0x00007ff816584000 	C:\windows\System32\gdi32full.dll
0x00007ff816590000 - 0x00007ff81662e000 	C:\windows\System32\msvcp_win.dll
0x00007ff816710000 - 0x00007ff81680a000 	C:\windows\System32\ucrtbase.dll
0x00007ff815830000 - 0x00007ff815ab5000 	C:\windows\WinSxS\amd64_microsoft.windows.common-controls_6595b64144ccf1df_6.0.18362.778_none_e6c6b761130d4fb8\COMCTL32.dll
0x00007ff817720000 - 0x00007ff817a56000 	C:\windows\System32\combase.dll
0x00007ff816630000 - 0x00007ff8166b0000 	C:\windows\System32\bcryptPrimitives.dll
0x00007ff817f50000 - 0x00007ff817f7e000 	C:\windows\System32\IMM32.DLL
0x00007fffe1680000 - 0x00007fffe1732000 	C:\Program Files\McAfee\Endpoint Security\Threat Prevention\Ips\EpMPApi.dll
0x00007ff8166b0000 - 0x00007ff81670c000 	C:\windows\System32\WINTRUST.dll
0x00007ff816350000 - 0x00007ff816362000 	C:\windows\System32\MSASN1.dll
0x00007ff816840000 - 0x00007ff816989000 	C:\windows\System32\CRYPT32.dll
0x000000005ad80000 - 0x000000005ad8c000 	C:\Program Files\McAfee\Endpoint Security\Threat Prevention\Ips\EpMPThe.dll
0x00007fffe3980000 - 0x00007fffe39b6000 	C:\Program Files\McAfee\Endpoint Security\Threat Prevention\Ips\HIPHandlers64.dll
0x00007ff819090000 - 0x00007ff8190e2000 	C:\windows\System32\SHLWAPI.dll
0x000000005a2c0000 - 0x000000005a392000 	C:\Program Files\Android\Android Studio\jre\jre\bin\msvcr100.dll
0x000000005a3a0000 - 0x000000005abe6000 	C:\Program Files\Android\Android Studio\jre\jre\bin\server\jvm.dll
0x00007ff817710000 - 0x00007ff817718000 	C:\windows\System32\PSAPI.DLL
0x00007ff80ddf0000 - 0x00007ff80ddfa000 	C:\windows\SYSTEM32\VERSION.dll
0x00007ff80b7f0000 - 0x00007ff80b814000 	C:\windows\SYSTEM32\WINMM.dll
0x00007ffff1e20000 - 0x00007ffff1e29000 	C:\windows\SYSTEM32\WSOCK32.dll
0x00007ff817fa0000 - 0x00007ff81800f000 	C:\windows\System32\WS2_32.dll
0x00007ff80b670000 - 0x00007ff80b69d000 	C:\windows\SYSTEM32\WINMMBASE.dll
0x00007ff8171f0000 - 0x00007ff81723a000 	C:\windows\System32\cfgmgr32.dll
0x00007ff80c840000 - 0x00007ff80c84f000 	C:\Program Files\Android\Android Studio\jre\jre\bin\verify.dll
0x00007fffef610000 - 0x00007fffef639000 	C:\Program Files\Android\Android Studio\jre\jre\bin\java.dll
0x00007ff80bfd0000 - 0x00007ff80bfe6000 	C:\Program Files\Android\Android Studio\jre\jre\bin\zip.dll
0x00007ff818270000 - 0x00007ff818955000 	C:\windows\System32\SHELL32.dll
0x00007ff8181c0000 - 0x00007ff818269000 	C:\windows\System32\shcore.dll
0x00007ff816990000 - 0x00007ff817110000 	C:\windows\System32\windows.storage.dll
0x00007ff8163c0000 - 0x00007ff8163e3000 	C:\windows\System32\profapi.dll
0x00007ff816370000 - 0x00007ff8163ba000 	C:\windows\System32\powrprof.dll
0x00007ff816320000 - 0x00007ff816330000 	C:\windows\System32\UMPDC.dll
0x00007ff816330000 - 0x00007ff816341000 	C:\windows\System32\kernel.appcore.dll
0x00007ff8174f0000 - 0x00007ff817507000 	C:\windows\System32\cryptsp.dll
0x00007fffff980000 - 0x00007fffff99a000 	C:\Program Files\Android\Android Studio\jre\jre\bin\net.dll
0x00007ff802520000 - 0x00007ff8026f5000 	C:\windows\SYSTEM32\urlmon.dll
0x00007ff8050c0000 - 0x00007ff805366000 	C:\windows\SYSTEM32\iertutil.dll
0x00007ff8156e0000 - 0x00007ff8156ec000 	C:\windows\SYSTEM32\CRYPTBASE.DLL
0x00007ff815510000 - 0x00007ff815577000 	C:\windows\system32\mswsock.dll
0x00007ffffc7a0000 - 0x00007ffffc7b3000 	C:\Program Files\Android\Android Studio\jre\jre\bin\nio.dll
0x00007fffe46e0000 - 0x00007fffe4706000 	C:\Users\V3790262\.gradle\native\29\windows-amd64\native-platform.dll
0x00007fffef600000 - 0x00007fffef60d000 	C:\Program Files\Android\Android Studio\jre\jre\bin\management.dll
0x00007ff814e10000 - 0x00007ff814e43000 	C:\windows\system32\rsaenh.dll
0x00007ff817110000 - 0x00007ff817136000 	C:\windows\System32\bcrypt.dll
0x00007ff816240000 - 0x00007ff816265000 	C:\windows\SYSTEM32\USERENV.dll
0x00007ff815220000 - 0x00007ff81525a000 	C:\windows\SYSTEM32\IPHLPAPI.DLL
0x00007ff817f80000 - 0x00007ff817f88000 	C:\windows\System32\NSI.dll
0x00007ff80e910000 - 0x00007ff80e926000 	C:\windows\SYSTEM32\dhcpcsvc6.DLL
0x00007ff80e820000 - 0x00007ff80e83c000 	C:\windows\SYSTEM32\dhcpcsvc.DLL
0x00007ff815260000 - 0x00007ff81532a000 	C:\windows\SYSTEM32\DNSAPI.dll

VM Arguments:
jvm_args: -Xmx1536m -Dfile.encoding=windows-1252 -Duser.country=US -Duser.language=en -Duser.variant 
java_command: org.gradle.launcher.daemon.bootstrap.GradleDaemon 5.4.1
java_class_path (initial): C:\Users\V3790262\.gradle\wrapper\dists\gradle-5.4.1-all\3221gyojl5jsh0helicew7rwx\gradle-5.4.1\lib\gradle-launcher-5.4.1.jar
Launcher Type: SUN_STANDARD

Environment Variables:
PATH=C:\windows;C:\windows\System32\Wbem;C:\windows\System32\WindowsPowerShell\v1.0\;C:\windows\System32\OpenSSH\;C:\Program Files (x86)\SysinternalsSuite\;C:\Program Files\Intel\WiFi\bin\;C:\Program Files\Common Files\Intel\WirelessCommon\;C:\Program Files\Git\cmd;D:\platform-tools;C:\WINDOWS\system32\;C:\Program Files\dotnet\;C:\Program Files\nodejs\;C:\Program Files\MySQL\MySQL Shell 8.0\bin\;C:\Users\V3790262\AppData\Local\Microsoft\WindowsApps;C:\Users\V3790262\AppData\Local\Programs\Microsoft VS Code\bin;C:\Users\V3790262\AppData\Roaming\npm;C:\WINDOWS\system32\;
USERNAME=P3701209
OS=Windows_NT
PROCESSOR_IDENTIFIER=Intel64 Family 6 Model 158 Stepping 10, GenuineIntel



---------------  S Y S T E M  ---------------

OS: Windows 10.0 , 64 bit Build 18362 (10.0.18362.778)

CPU:total 12 (initial active 12) (6 cores per cpu, 2 threads per core) family 6 model 158 stepping 10, cmov, cx8, fxsr, mmx, sse, sse2, sse3, ssse3, sse4.1, sse4.2, popcnt, avx, avx2, aes, clmul, erms, 3dnowpref, lzcnt, ht, tsc, tscinvbit, bmi1, bmi2, adx

Memory: 4k page, physical 16511444k(4398428k free), swap 17560020k(1240k free)

vm_info: OpenJDK 64-Bit Server VM (25.212-b04) for windows-amd64 JRE (1.8.0_212-release-1586-b04), built by "builder" with MS VC++ 10.0 (VS2010)

time: Thu Apr 23 15:00:38 2020
timezone: GTB Daylight Time
elapsed time: 10 seconds (0d 0h 0m 10s)

