#
# There is insufficient memory for the Java Runtime Environment to continue.
# Native memory allocation (malloc) failed to allocate 1048336 bytes for Chunk::new
# Possible reasons:
#   The system is out of physical RAM or swap space
#   The process is running with CompressedOops enabled, and the Java Heap may be blocking the growth of the native heap
# Possible solutions:
#   Reduce memory load on the system
#   Increase physical memory or swap space
#   Check if swap backing store is full
#   Decrease Java heap size (-Xmx/-Xms)
#   Decrease number of Java threads
#   Decrease Java thread stack sizes (-Xss)
#   Set larger code cache with -XX:ReservedCodeCacheSize=
#   JVM is running with Unscaled Compressed Oops mode in which the Java heap is
#     placed in the first 4GB address space. The Java Heap base address is the
#     maximum limit for the native heap growth. Please use -XX:HeapBaseMinAddress
#     to set the Java Heap base and to place the Java Heap above 4GB virtual address.
# This output file may be truncated or incomplete.
#
#  Out of Memory Error (allocation.cpp:389), pid=7660, tid=0x00000000000018f4
#
# JRE version: OpenJDK Runtime Environment (8.0_212-b04) (build 1.8.0_212-release-1586-b04)
# Java VM: OpenJDK 64-Bit Server VM (25.212-b04 mixed mode windows-amd64 compressed oops)
# Failed to write core dump. Minidumps are not enabled by default on client versions of Windows
#

---------------  T H R E A D  ---------------

Current thread (0x0000000019079000):  JavaThread "C2 CompilerThread2" daemon [_thread_in_native, id=6388, stack(0x000000001a8c0000,0x000000001a9c0000)]

Stack: [0x000000001a8c0000,0x000000001a9c0000]
[error occurred during error reporting (printing stack bounds), id 0xc0000005]

Native frames: (J=compiled Java code, j=interpreted, Vv=VM code, C=native code)


Current CompileTask:
C2:   5048 3982       4       groovy.lang.MetaClassImpl::checkIfStdMethod (178 bytes)


---------------  P R O C E S S  ---------------

Java Threads: ( => current thread )
  0x000000001d7d0800 JavaThread "Cache worker for Build Output Cleanup Cache (D:\_LICENTA\iReport-PROJECT\.gradle\buildOutputCleanup)" [_thread_blocked, id=18092, stack(0x0000000025260000,0x0000000025360000)]
  0x000000001d7c9000 JavaThread "Build operations Thread 12" [_thread_blocked, id=8048, stack(0x0000000024aa0000,0x0000000024ba0000)]
  0x000000001d7d0000 JavaThread "Build operations Thread 11" [_thread_blocked, id=13536, stack(0x00000000249a0000,0x0000000024aa0000)]
  0x000000001d7cf000 JavaThread "Build operations Thread 10" [_thread_blocked, id=18512, stack(0x00000000248a0000,0x00000000249a0000)]
  0x000000001d7cd000 JavaThread "Build operations Thread 9" [_thread_blocked, id=14744, stack(0x00000000247a0000,0x00000000248a0000)]
  0x000000001d7c7800 JavaThread "Build operations Thread 8" [_thread_blocked, id=7748, stack(0x00000000246a0000,0x00000000247a0000)]
  0x000000001d7ca800 JavaThread "Build operations Thread 7" [_thread_blocked, id=14100, stack(0x00000000245a0000,0x00000000246a0000)]
  0x000000001d7ce800 JavaThread "Build operations Thread 6" [_thread_blocked, id=9064, stack(0x00000000244a0000,0x00000000245a0000)]
  0x000000001d7cc000 JavaThread "Build operations Thread 5" [_thread_blocked, id=16312, stack(0x00000000243a0000,0x00000000244a0000)]
  0x000000001d7c8800 JavaThread "Build operations Thread 4" [_thread_blocked, id=9912, stack(0x00000000242a0000,0x00000000243a0000)]
  0x000000001d7ca000 JavaThread "Build operations Thread 3" [_thread_blocked, id=3300, stack(0x00000000241a0000,0x00000000242a0000)]
  0x000000001d7cb800 JavaThread "Build operations Thread 2" [_thread_blocked, id=4740, stack(0x00000000240a0000,0x00000000241a0000)]
  0x000000001d7c7000 JavaThread "Build operations" [_thread_blocked, id=11776, stack(0x0000000023b20000,0x0000000023c20000)]
  0x000000001d7cd800 JavaThread "Cache worker for execution history cache (C:\Users\V3790262\.gradle\caches\5.4.1\executionHistory)" [_thread_blocked, id=19060, stack(0x00000000225c0000,0x00000000226c0000)]
  0x000000001c215800 JavaThread "Cache worker for cache directory md-rule (C:\Users\V3790262\.gradle\caches\5.4.1\md-rule)" [_thread_blocked, id=4668, stack(0x00000000224c0000,0x00000000225c0000)]
  0x000000001c211000 JavaThread "Cache worker for cache directory md-supplier (C:\Users\V3790262\.gradle\caches\5.4.1\md-supplier)" [_thread_blocked, id=13252, stack(0x00000000223c0000,0x00000000224c0000)]
  0x000000001c210000 JavaThread "Cache worker for file hash cache (D:\_LICENTA\iReport-PROJECT\.gradle\5.4.1\fileHashes)" [_thread_blocked, id=11644, stack(0x000000001fc70000,0x000000001fd70000)]
  0x000000001c214800 JavaThread "Cache worker for journal cache (C:\Users\V3790262\.gradle\caches\journal-1)" [_thread_blocked, id=7056, stack(0x000000001e7a0000,0x000000001e8a0000)]
  0x000000001c214000 JavaThread "File lock request listener" [_thread_in_native, id=18704, stack(0x000000001e6a0000,0x000000001e7a0000)]
  0x000000001c22c000 JavaThread "Cache worker for file hash cache (C:\Users\V3790262\.gradle\caches\5.4.1\fileHashes)" [_thread_blocked, id=12892, stack(0x000000001e5a0000,0x000000001e6a0000)]
  0x000000001bdf2000 JavaThread "Thread-9" [_thread_blocked, id=13836, stack(0x000000001d4d0000,0x000000001d5d0000)]
  0x000000001bdcc000 JavaThread "Stdin handler" [_thread_blocked, id=12072, stack(0x000000001d3d0000,0x000000001d4d0000)]
  0x000000001bdfa000 JavaThread "Asynchronous log dispatcher for DefaultDaemonConnection: socket connection from /127.0.0.1:53186 to /127.0.0.1:53187" [_thread_blocked, id=15632, stack(0x000000001d2d0000,0x000000001d3d0000)]
  0x000000001bdeb800 JavaThread "Daemon worker" [_thread_in_vm, id=16352, stack(0x000000001d1d0000,0x000000001d2d0000)]
  0x000000001bdfe800 JavaThread "Cancel handler" [_thread_blocked, id=12548, stack(0x000000001d0d0000,0x000000001d1d0000)]
  0x000000001bd43800 JavaThread "Handler for socket connection from /127.0.0.1:53186 to /127.0.0.1:53187" [_thread_in_native, id=1416, stack(0x000000001ccd0000,0x000000001cdd0000)]
  0x000000001bd45800 JavaThread "Daemon" [_thread_blocked, id=2036, stack(0x000000001cbd0000,0x000000001ccd0000)]
  0x000000001c179000 JavaThread "Daemon periodic checks" [_thread_blocked, id=4544, stack(0x000000001cad0000,0x000000001cbd0000)]
  0x000000001c167000 JavaThread "Incoming local TCP Connector on port 53186" [_thread_in_native, id=16000, stack(0x000000001c890000,0x000000001c990000)]
  0x000000001c01f800 JavaThread "Daemon health stats" [_thread_blocked, id=18996, stack(0x000000001c590000,0x000000001c690000)]
  0x000000001910e800 JavaThread "Service Thread" daemon [_thread_blocked, id=6324, stack(0x000000001abc0000,0x000000001acc0000)]
  0x0000000019079800 JavaThread "C1 CompilerThread3" daemon [_thread_blocked, id=11964, stack(0x000000001a9c0000,0x000000001aac0000)]
=>0x0000000019079000 JavaThread "C2 CompilerThread2" daemon [_thread_in_native, id=6388, stack(0x000000001a8c0000,0x000000001a9c0000)]
  0x0000000019073800 JavaThread "C2 CompilerThread1" daemon [_thread_in_native, id=18624, stack(0x000000001a7c0000,0x000000001a8c0000)]
  0x000000001906f000 JavaThread "C2 CompilerThread0" daemon [_thread_in_native, id=16944, stack(0x000000001a6c0000,0x000000001a7c0000)]
  0x000000001906c800 JavaThread "Attach Listener" daemon [_thread_blocked, id=17708, stack(0x000000001a5c0000,0x000000001a6c0000)]
  0x0000000019069800 JavaThread "Signal Dispatcher" daemon [_thread_blocked, id=15356, stack(0x000000001a4c0000,0x000000001a5c0000)]
  0x00000000179a2800 JavaThread "Finalizer" daemon [_thread_blocked, id=10532, stack(0x000000001a2c0000,0x000000001a3c0000)]
  0x0000000019063000 JavaThread "Reference Handler" daemon [_thread_blocked, id=11788, stack(0x000000001a1c0000,0x000000001a2c0000)]
  0x00000000036ae800 JavaThread "main" [_thread_blocked, id=17152, stack(0x00000000037e0000,0x00000000038e0000)]

Other Threads:
  0x0000000017995800 VMThread [stack: 0x000000001a0c0000,0x000000001a1c0000] [id=13200]
  0x000000001910f000 WatcherThread [stack: 0x000000001acc0000,0x000000001adc0000] [id=7188]

VM state:not at safepoint (normal execution)

VM Mutex/Monitor currently owned by a thread: None

heap address: 0x00000000a0000000, size: 1536 MB, Compressed Oops mode: 32-bit
Narrow klass base: 0x0000000000000000, Narrow klass shift: 3
Compressed class space size: 1073741824 Address: 0x0000000100000000

Heap:
 PSYoungGen      total 113152K, used 52950K [0x00000000e0000000, 0x00000000ea000000, 0x0000000100000000)
  eden space 99840K, 39% used [0x00000000e0000000,0x00000000e26b6368,0x00000000e6180000)
  from space 13312K, 99% used [0x00000000e6180000,0x00000000e6e7f590,0x00000000e6e80000)
  to   space 15360K, 0% used [0x00000000e9100000,0x00000000e9100000,0x00000000ea000000)
 ParOldGen       total 181760K, used 18735K [0x00000000a0000000, 0x00000000ab180000, 0x00000000e0000000)
  object space 181760K, 10% used [0x00000000a0000000,0x00000000a124bdb8,0x00000000ab180000)
 Metaspace       used 47561K, capacity 48768K, committed 49064K, reserved 1091584K
  class space    used 6399K, capacity 6721K, committed 6824K, reserved 1048576K

Card table byte_map: [0x0000000012da0000,0x00000000130b0000] byte_map_base: 0x00000000128a0000

Marking Bits: (ParMarkBitMap*) 0x000000005ab69f30
 Begin Bits: [0x0000000013cb0000, 0x00000000154b0000)
 End Bits:   [0x00000000154b0000, 0x0000000016cb0000)

Polling page: 0x0000000000ff0000

CodeCache: size=245760Kb used=14544Kb max_used=14544Kb free=231215Kb
 bounds [0x00000000039e0000, 0x0000000004820000, 0x00000000129e0000]
 total_blobs=4917 nmethods=4136 adapters=694
 compilation: enabled

Compilation events (10 events):
Event: 5.040 Thread 0x0000000019079800 4171       3       org.gradle.api.internal.DefaultCollectionCallbackActionDecorator$BuildOperationEmittingAction$1::<init> (16 bytes)
Event: 5.040 Thread 0x0000000019079800 nmethod 4171 0x0000000004819350 code [0x00000000048194c0, 0x0000000004819710]
Event: 5.041 Thread 0x0000000019079800 4172       3       org.gradle.api.internal.DefaultNamedDomainObjectCollection$UnfilteredIndex::getPending (14 bytes)
Event: 5.041 Thread 0x0000000019079800 nmethod 4172 0x0000000004819810 code [0x0000000004819980, 0x0000000004819ca8]
Event: 5.041 Thread 0x0000000019079800 4173       3       org.gradle.internal.operations.DefaultBuildOperationExecutor$RunnableBuildOperationWorker::execute (10 bytes)
Event: 5.041 Thread 0x0000000019079800 nmethod 4173 0x0000000004819d90 code [0x0000000004819f00, 0x000000000481a2a8]
Event: 5.041 Thread 0x0000000019079800 4174       3       org.gradle.internal.operations.DefaultBuildOperationExecutor$RunnableBuildOperationWorker::execute (8 bytes)
Event: 5.041 Thread 0x0000000019079800 nmethod 4174 0x000000000481a3d0 code [0x000000000481a540, 0x000000000481a768]
Event: 5.041 Thread 0x0000000019079800 4175       3       java.util.HashMap::putAll (7 bytes)
Event: 5.041 Thread 0x0000000019079800 nmethod 4175 0x000000000481a850 code [0x000000000481a9c0, 0x000000000481abc8]

GC Heap History (10 events):
Event: 2.803 GC heap before
{Heap before GC invocations=5 (full 1):
 PSYoungGen      total 75264K, used 64512K [0x00000000e0000000, 0x00000000e5400000, 0x0000000100000000)
  eden space 64512K, 100% used [0x00000000e0000000,0x00000000e3f00000,0x00000000e3f00000)
  from space 10752K, 0% used [0x00000000e3f00000,0x00000000e3f00000,0x00000000e4980000)
  to   space 10752K, 0% used [0x00000000e4980000,0x00000000e4980000,0x00000000e5400000)
 ParOldGen       total 111104K, used 11248K [0x00000000a0000000, 0x00000000a6c80000, 0x00000000e0000000)
  object space 111104K, 10% used [0x00000000a0000000,0x00000000a0afc168,0x00000000a6c80000)
 Metaspace       used 28770K, capacity 29290K, committed 29440K, reserved 1075200K
  class space    used 3882K, capacity 4082K, committed 4096K, reserved 1048576K
Event: 2.811 GC heap after
Heap after GC invocations=5 (full 1):
 PSYoungGen      total 75264K, used 7907K [0x00000000e0000000, 0x00000000e7300000, 0x0000000100000000)
  eden space 64512K, 0% used [0x00000000e0000000,0x00000000e0000000,0x00000000e3f00000)
  from space 10752K, 73% used [0x00000000e4980000,0x00000000e5138c98,0x00000000e5400000)
  to   space 10752K, 0% used [0x00000000e3f00000,0x00000000e3f00000,0x00000000e4980000)
 ParOldGen       total 111104K, used 11256K [0x00000000a0000000, 0x00000000a6c80000, 0x00000000e0000000)
  object space 111104K, 10% used [0x00000000a0000000,0x00000000a0afe168,0x00000000a6c80000)
 Metaspace       used 28770K, capacity 29290K, committed 29440K, reserved 1075200K
  class space    used 3882K, capacity 4082K, committed 4096K, reserved 1048576K
}
Event: 3.358 GC heap before
{Heap before GC invocations=6 (full 1):
 PSYoungGen      total 75264K, used 72419K [0x00000000e0000000, 0x00000000e7300000, 0x0000000100000000)
  eden space 64512K, 100% used [0x00000000e0000000,0x00000000e3f00000,0x00000000e3f00000)
  from space 10752K, 73% used [0x00000000e4980000,0x00000000e5138c98,0x00000000e5400000)
  to   space 10752K, 0% used [0x00000000e3f00000,0x00000000e3f00000,0x00000000e4980000)
 ParOldGen       total 111104K, used 11256K [0x00000000a0000000, 0x00000000a6c80000, 0x00000000e0000000)
  object space 111104K, 10% used [0x00000000a0000000,0x00000000a0afe168,0x00000000a6c80000)
 Metaspace       used 31943K, capacity 32462K, committed 32512K, reserved 1077248K
  class space    used 4404K, capacity 4606K, committed 4608K, reserved 1048576K
Event: 3.370 GC heap after
Heap after GC invocations=6 (full 1):
 PSYoungGen      total 75264K, used 8417K [0x00000000e0000000, 0x00000000e7b00000, 0x0000000100000000)
  eden space 64512K, 0% used [0x00000000e0000000,0x00000000e0000000,0x00000000e3f00000)
  from space 10752K, 78% used [0x00000000e3f00000,0x00000000e4738510,0x00000000e4980000)
  to   space 12800K, 0% used [0x00000000e6e80000,0x00000000e6e80000,0x00000000e7b00000)
 ParOldGen       total 111104K, used 11264K [0x00000000a0000000, 0x00000000a6c80000, 0x00000000e0000000)
  object space 111104K, 10% used [0x00000000a0000000,0x00000000a0b00168,0x00000000a6c80000)
 Metaspace       used 31943K, capacity 32462K, committed 32512K, reserved 1077248K
  class space    used 4404K, capacity 4606K, committed 4608K, reserved 1048576K
}
Event: 3.914 GC heap before
{Heap before GC invocations=7 (full 1):
 PSYoungGen      total 75264K, used 62735K [0x00000000e0000000, 0x00000000e7b00000, 0x0000000100000000)
  eden space 64512K, 84% used [0x00000000e0000000,0x00000000e350b908,0x00000000e3f00000)
  from space 10752K, 78% used [0x00000000e3f00000,0x00000000e4738510,0x00000000e4980000)
  to   space 12800K, 0% used [0x00000000e6e80000,0x00000000e6e80000,0x00000000e7b00000)
 ParOldGen       total 111104K, used 11264K [0x00000000a0000000, 0x00000000a6c80000, 0x00000000e0000000)
  object space 111104K, 10% used [0x00000000a0000000,0x00000000a0b00168,0x00000000a6c80000)
 Metaspace       used 34612K, capacity 35412K, committed 35496K, reserved 1079296K
  class space    used 4766K, capacity 5001K, committed 5032K, reserved 1048576K
Event: 3.925 GC heap after
Heap after GC invocations=7 (full 1):
 PSYoungGen      total 112640K, used 11356K [0x00000000e0000000, 0x00000000e7d80000, 0x0000000100000000)
  eden space 99840K, 0% used [0x00000000e0000000,0x00000000e0000000,0x00000000e6180000)
  from space 12800K, 88% used [0x00000000e6e80000,0x00000000e7997210,0x00000000e7b00000)
  to   space 13312K, 0% used [0x00000000e6180000,0x00000000e6180000,0x00000000e6e80000)
 ParOldGen       total 111104K, used 11272K [0x00000000a0000000, 0x00000000a6c80000, 0x00000000e0000000)
  object space 111104K, 10% used [0x00000000a0000000,0x00000000a0b02168,0x00000000a6c80000)
 Metaspace       used 34612K, capacity 35412K, committed 35496K, reserved 1079296K
  class space    used 4766K, capacity 5001K, committed 5032K, reserved 1048576K
}
Event: 3.925 GC heap before
{Heap before GC invocations=8 (full 2):
 PSYoungGen      total 112640K, used 11356K [0x00000000e0000000, 0x00000000e7d80000, 0x0000000100000000)
  eden space 99840K, 0% used [0x00000000e0000000,0x00000000e0000000,0x00000000e6180000)
  from space 12800K, 88% used [0x00000000e6e80000,0x00000000e7997210,0x00000000e7b00000)
  to   space 13312K, 0% used [0x00000000e6180000,0x00000000e6180000,0x00000000e6e80000)
 ParOldGen       total 111104K, used 11272K [0x00000000a0000000, 0x00000000a6c80000, 0x00000000e0000000)
  object space 111104K, 10% used [0x00000000a0000000,0x00000000a0b02168,0x00000000a6c80000)
 Metaspace       used 34612K, capacity 35412K, committed 35496K, reserved 1079296K
  class space    used 4766K, capacity 5001K, committed 5032K, reserved 1048576K
Event: 4.009 GC heap after
Heap after GC invocations=8 (full 2):
 PSYoungGen      total 112640K, used 0K [0x00000000e0000000, 0x00000000e7d80000, 0x0000000100000000)
  eden space 99840K, 0% used [0x00000000e0000000,0x00000000e0000000,0x00000000e6180000)
  from space 12800K, 0% used [0x00000000e6e80000,0x00000000e6e80000,0x00000000e7b00000)
  to   space 13312K, 0% used [0x00000000e6180000,0x00000000e6180000,0x00000000e6e80000)
 ParOldGen       total 181760K, used 18166K [0x00000000a0000000, 0x00000000ab180000, 0x00000000e0000000)
  object space 181760K, 9% used [0x00000000a0000000,0x00000000a11bd908,0x00000000ab180000)
 Metaspace       used 34569K, capacity 35268K, committed 35496K, reserved 1079296K
  class space    used 4753K, capacity 4977K, committed 5032K, reserved 1048576K
}
Event: 4.784 GC heap before
{Heap before GC invocations=9 (full 2):
 PSYoungGen      total 112640K, used 99840K [0x00000000e0000000, 0x00000000e7d80000, 0x0000000100000000)
  eden space 99840K, 100% used [0x00000000e0000000,0x00000000e6180000,0x00000000e6180000)
  from space 12800K, 0% used [0x00000000e6e80000,0x00000000e6e80000,0x00000000e7b00000)
  to   space 13312K, 0% used [0x00000000e6180000,0x00000000e6180000,0x00000000e6e80000)
 ParOldGen       total 181760K, used 18166K [0x00000000a0000000, 0x00000000ab180000, 0x00000000e0000000)
  object space 181760K, 9% used [0x00000000a0000000,0x00000000a11bd908,0x00000000ab180000)
 Metaspace       used 45061K, capacity 46016K, committed 46376K, reserved 1089536K
  class space    used 6065K, capacity 6335K, committed 6440K, reserved 1048576K
Event: 4.793 GC heap after
Heap after GC invocations=9 (full 2):
 PSYoungGen      total 113152K, used 13309K [0x00000000e0000000, 0x00000000ea000000, 0x0000000100000000)
  eden space 99840K, 0% used [0x00000000e0000000,0x00000000e0000000,0x00000000e6180000)
  from space 13312K, 99% used [0x00000000e6180000,0x00000000e6e7f590,0x00000000e6e80000)
  to   space 15360K, 0% used [0x00000000e9100000,0x00000000e9100000,0x00000000ea000000)
 ParOldGen       total 181760K, used 18735K [0x00000000a0000000, 0x00000000ab180000, 0x00000000e0000000)
  object space 181760K, 10% used [0x00000000a0000000,0x00000000a124bdb8,0x00000000ab180000)
 Metaspace       used 45061K, capacity 46016K, committed 46376K, reserved 1089536K
  class space    used 6065K, capacity 6335K, committed 6440K, reserved 1048576K
}

Deoptimization events (10 events):
Event: 4.481 Thread 0x000000001bdeb800 Uncommon trap: reason=unstable_if action=reinterpret pc=0x00000000042a4448 method=java.util.jar.JarFile.maybeInstantiateVerifier()V @ 4
Event: 4.481 Thread 0x000000001bdeb800 Uncommon trap: reason=unstable_if action=reinterpret pc=0x0000000004576bbc method=java.security.CodeSource.matchCerts(Ljava/security/CodeSource;Z)Z @ 11
Event: 4.493 Thread 0x000000001bdeb800 Uncommon trap: reason=unstable_if action=reinterpret pc=0x00000000044e87fc method=java.util.LinkedHashMap.get(Ljava/lang/Object;)Ljava/lang/Object; @ 20
Event: 4.532 Thread 0x000000001bdeb800 Uncommon trap: reason=unstable_if action=reinterpret pc=0x00000000042329e8 method=org.objectweb.asm.ByteVector.putUTF8(Ljava/lang/String;)Lorg/objectweb/asm/ByteVector; @ 93
Event: 4.593 Thread 0x000000001bdeb800 Uncommon trap: reason=unstable_if action=reinterpret pc=0x00000000041aeab0 method=org.objectweb.asm.ByteVector.putUTF8(Ljava/lang/String;)Lorg/objectweb/asm/ByteVector; @ 93
Event: 4.746 Thread 0x000000001bdeb800 Uncommon trap: reason=unstable_if action=reinterpret pc=0x000000000425ace0 method=org.gradle.internal.reflect.PropertyAccessorType.of(Ljava/lang/reflect/Method;)Lorg/gradle/internal/reflect/PropertyAccessorType; @ 56
Event: 4.864 Thread 0x000000001bdeb800 Uncommon trap: reason=unstable_if action=reinterpret pc=0x00000000045ba328 method=java.util.WeakHashMap.put(Ljava/lang/Object;Ljava/lang/Object;)Ljava/lang/Object; @ 59
Event: 4.878 Thread 0x000000001bdeb800 Uncommon trap: reason=unstable_if action=reinterpret pc=0x00000000043080fc method=org.codehaus.groovy.runtime.metaclass.MetaMethodIndex.isNonRealMethod(Lgroovy/lang/MetaMethod;)Z @ 4
Event: 4.878 Thread 0x000000001bdeb800 Uncommon trap: reason=unstable_if action=reinterpret pc=0x0000000004544490 method=groovy.lang.MetaClassImpl$1MOPIter.methodNameAction(Ljava/lang/Class;Lorg/codehaus/groovy/runtime/metaclass/MetaMethodIndex$Entry;)V @ 182
Event: 4.891 Thread 0x000000001bdeb800 Uncommon trap: reason=unstable_if action=reinterpret pc=0x0000000004693dc4 method=java.lang.ClassLoader.checkCerts(Ljava/lang/String;Ljava/security/CodeSource;)V @ 29

Classes redefined (0 events):
No events

Internal exceptions (10 events):
Event: 4.896 Thread 0x000000001bdeb800 Exception <a 'java/lang/ClassNotFoundException': org/gradle/api/internal/plugins/DefaultPluginCollectionCustomizer> (0x00000000e19432d8) thrown at [D:\src\AOSP-openjdk-cygwin\jdk8u\hotspot\src\share\vm\classfile\systemDictionary.cpp, line 210]
Event: 4.897 Thread 0x000000001bdeb800 Exception <a 'java/lang/ClassNotFoundException': org/gradle/api/internal/plugins/DefaultPluginContainerCustomizer> (0x00000000e19ac120) thrown at [D:\src\AOSP-openjdk-cygwin\jdk8u\hotspot\src\share\vm\classfile\systemDictionary.cpp, line 210]
Event: 5.019 Thread 0x000000001bdeb800 Exception <a 'java/lang/ClassNotFoundException': org/gradle/api/plugins/internal/DefaultBasePluginConventionBeanInfo> (0x00000000e239f9e0) thrown at [D:\src\AOSP-openjdk-cygwin\jdk8u\hotspot\src\share\vm\classfile\systemDictionary.cpp, line 210]
Event: 5.020 Thread 0x000000001bdeb800 Exception <a 'java/lang/ClassNotFoundException': org/gradle/api/plugins/BasePluginConventionBeanInfo> (0x00000000e23c5640) thrown at [D:\src\AOSP-openjdk-cygwin\jdk8u\hotspot\src\share\vm\classfile\systemDictionary.cpp, line 210]
Event: 5.020 Thread 0x000000001bdeb800 Exception <a 'java/lang/ClassNotFoundException': org/gradle/api/plugins/BasePluginConventionCustomizer> (0x00000000e23ebbf8) thrown at [D:\src\AOSP-openjdk-cygwin\jdk8u\hotspot\src\share\vm\classfile\systemDictionary.cpp, line 210]
Event: 5.021 Thread 0x000000001bdeb800 Exception <a 'java/lang/ClassNotFoundException': org/gradle/api/plugins/internal/DefaultBasePluginConventionCustomizer> (0x00000000e242b560) thrown at [D:\src\AOSP-openjdk-cygwin\jdk8u\hotspot\src\share\vm\classfile\systemDictionary.cpp, line 210]
Event: 5.026 Thread 0x000000001bdeb800 Exception <a 'java/lang/NoSuchMethodError': java.lang.Object.lambda$comparing$77a9974f$1(Ljava/util/function/Function;Ljava/lang/Object;Ljava/lang/Object;)I> (0x00000000e24a31c8) thrown at [D:\src\AOSP-openjdk-cygwin\jdk8u\hotspot\src\share\vm\interpreter
Event: 5.027 Thread 0x000000001bdeb800 Exception <a 'java/lang/NoSuchMethodError': java.lang.Object.lambda$comparingInt$7b0bb60$1(Ljava/util/function/ToIntFunction;Ljava/lang/Object;Ljava/lang/Object;)I> (0x00000000e24ad7b0) thrown at [D:\src\AOSP-openjdk-cygwin\jdk8u\hotspot\src\share\vm\inte
Event: 5.027 Thread 0x000000001bdeb800 Exception <a 'java/lang/NoSuchMethodError': java.lang.Object.lambda$thenComparing$36697e65$1(Ljava/util/Comparator;Ljava/lang/Object;Ljava/lang/Object;)I> (0x00000000e24b6338) thrown at [D:\src\AOSP-openjdk-cygwin\jdk8u\hotspot\src\share\vm\interpreter\li
Event: 5.028 Thread 0x000000001bdeb800 Exception <a 'java/lang/NoSuchMethodError': java.lang.Object.lambda$comparing$ea9a8b3a$1(Ljava/util/Comparator;Ljava/util/function/Function;Ljava/lang/Object;Ljava/lang/Object;)I> (0x00000000e24c3de8) thrown at [D:\src\AOSP-openjdk-cygwin\jdk8u\hotspot\sr

Events (10 events):
Event: 5.043 loading class com/android/builder/dexing/DexingType
Event: 5.043 loading class com/android/builder/dexing/DexingType done
Event: 5.044 loading class com/google/wireless/android/sdk/stats/ApiVersionOrBuilder
Event: 5.044 loading class com/google/wireless/android/sdk/stats/ApiVersionOrBuilder done
Event: 5.044 loading class com/google/wireless/android/sdk/stats/GradleBuildVariant$1
Event: 5.044 loading class com/google/wireless/android/sdk/stats/GradleBuildVariant$1 done
Event: 5.044 loading class com/google/wireless/android/sdk/stats/GradleBuildVariant$Builder
Event: 5.044 loading class com/google/wireless/android/sdk/stats/GradleBuildVariant$Builder done
Event: 5.046 loading class com/google/wireless/android/sdk/stats/ApiVersion
Event: 5.046 loading class com/google/wireless/android/sdk/stats/ApiVersion done


Dynamic libraries:
0x00007ff6560a0000 - 0x00007ff6560d1000 	C:\Program Files\Android\Android Studio\jre\bin\java.exe
0x00007ff819460000 - 0x00007ff819650000 	C:\windows\SYSTEM32\ntdll.dll
0x00007ff817650000 - 0x00007ff817702000 	C:\windows\System32\KERNEL32.DLL
0x00007ff817240000 - 0x00007ff8174e3000 	C:\windows\System32\KERNELBASE.dll
0x00007ff819210000 - 0x00007ff8192b3000 	C:\windows\System32\ADVAPI32.dll
0x00007ff818010000 - 0x00007ff8180ae000 	C:\windows\System32\msvcrt.dll
0x00007ff818f20000 - 0x00007ff818fb7000 	C:\windows\System32\sechost.dll
0x00007ff8190f0000 - 0x00007ff819210000 	C:\windows\System32\RPCRT4.dll
0x00007ff817b80000 - 0x00007ff817d14000 	C:\windows\System32\USER32.dll
0x00007ff816810000 - 0x00007ff816831000 	C:\windows\System32\win32u.dll
0x00007ff817b30000 - 0x00007ff817b56000 	C:\windows\System32\GDI32.dll
0x00007ff8163f0000 - 0x00007ff816584000 	C:\windows\System32\gdi32full.dll
0x00007ff816590000 - 0x00007ff81662e000 	C:\windows\System32\msvcp_win.dll
0x00007ff816710000 - 0x00007ff81680a000 	C:\windows\System32\ucrtbase.dll
0x00007ff815830000 - 0x00007ff815ab5000 	C:\windows\WinSxS\amd64_microsoft.windows.common-controls_6595b64144ccf1df_6.0.18362.778_none_e6c6b761130d4fb8\COMCTL32.dll
0x00007ff817720000 - 0x00007ff817a56000 	C:\windows\System32\combase.dll
0x00007ff816630000 - 0x00007ff8166b0000 	C:\windows\System32\bcryptPrimitives.dll
0x00007ff817f50000 - 0x00007ff817f7e000 	C:\windows\System32\IMM32.DLL
0x00007fffe1680000 - 0x00007fffe1732000 	C:\Program Files\McAfee\Endpoint Security\Threat Prevention\Ips\EpMPApi.dll
0x00007ff8166b0000 - 0x00007ff81670c000 	C:\windows\System32\WINTRUST.dll
0x00007ff816350000 - 0x00007ff816362000 	C:\windows\System32\MSASN1.dll
0x00007ff816840000 - 0x00007ff816989000 	C:\windows\System32\CRYPT32.dll
0x000000005ad80000 - 0x000000005ad8c000 	C:\Program Files\McAfee\Endpoint Security\Threat Prevention\Ips\EpMPThe.dll
0x00007fffe3980000 - 0x00007fffe39b6000 	C:\Program Files\McAfee\Endpoint Security\Threat Prevention\Ips\HIPHandlers64.dll
0x00007ff819090000 - 0x00007ff8190e2000 	C:\windows\System32\SHLWAPI.dll
0x000000005a2c0000 - 0x000000005a392000 	C:\Program Files\Android\Android Studio\jre\jre\bin\msvcr100.dll
0x000000005a3a0000 - 0x000000005abe6000 	C:\Program Files\Android\Android Studio\jre\jre\bin\server\jvm.dll
0x00007ff817710000 - 0x00007ff817718000 	C:\windows\System32\PSAPI.DLL
0x00007ff80b7f0000 - 0x00007ff80b814000 	C:\windows\SYSTEM32\WINMM.dll
0x00007ff80ddf0000 - 0x00007ff80ddfa000 	C:\windows\SYSTEM32\VERSION.dll
0x00007ffff1e20000 - 0x00007ffff1e29000 	C:\windows\SYSTEM32\WSOCK32.dll
0x00007ff817fa0000 - 0x00007ff81800f000 	C:\windows\System32\WS2_32.dll
0x00007ff80b670000 - 0x00007ff80b69d000 	C:\windows\SYSTEM32\winmmbase.dll
0x00007ff8171f0000 - 0x00007ff81723a000 	C:\windows\System32\cfgmgr32.dll
0x00007fffffa80000 - 0x00007fffffa8f000 	C:\Program Files\Android\Android Studio\jre\jre\bin\verify.dll
0x00007fffffa50000 - 0x00007fffffa79000 	C:\Program Files\Android\Android Studio\jre\jre\bin\java.dll
0x00007fffff980000 - 0x00007fffff996000 	C:\Program Files\Android\Android Studio\jre\jre\bin\zip.dll
0x00007ff818270000 - 0x00007ff818955000 	C:\windows\System32\SHELL32.dll
0x00007ff8181c0000 - 0x00007ff818269000 	C:\windows\System32\shcore.dll
0x00007ff816990000 - 0x00007ff817110000 	C:\windows\System32\windows.storage.dll
0x00007ff8163c0000 - 0x00007ff8163e3000 	C:\windows\System32\profapi.dll
0x00007ff816370000 - 0x00007ff8163ba000 	C:\windows\System32\powrprof.dll
0x00007ff816320000 - 0x00007ff816330000 	C:\windows\System32\UMPDC.dll
0x00007ff816330000 - 0x00007ff816341000 	C:\windows\System32\kernel.appcore.dll
0x00007ff8174f0000 - 0x00007ff817507000 	C:\windows\System32\cryptsp.dll
0x00007fffece10000 - 0x00007fffece2a000 	C:\Program Files\Android\Android Studio\jre\jre\bin\net.dll
0x00007ff802520000 - 0x00007ff8026f5000 	C:\windows\SYSTEM32\urlmon.dll
0x00007ff8050c0000 - 0x00007ff805366000 	C:\windows\SYSTEM32\iertutil.dll
0x00007ff8156e0000 - 0x00007ff8156ec000 	C:\windows\SYSTEM32\CRYPTBASE.DLL
0x00007ff815510000 - 0x00007ff815577000 	C:\windows\system32\mswsock.dll
0x00007fffd8250000 - 0x00007fffd8263000 	C:\Program Files\Android\Android Studio\jre\jre\bin\nio.dll
0x00007ff812010000 - 0x00007ff812036000 	C:\Users\V3790262\.gradle\native\29\windows-amd64\native-platform.dll
0x00007fffd8240000 - 0x00007fffd824d000 	C:\Program Files\Android\Android Studio\jre\jre\bin\management.dll
0x00007ff814e10000 - 0x00007ff814e43000 	C:\windows\system32\rsaenh.dll
0x00007ff817110000 - 0x00007ff817136000 	C:\windows\System32\bcrypt.dll
0x00007ff816240000 - 0x00007ff816265000 	C:\windows\SYSTEM32\USERENV.dll
0x00007ff815220000 - 0x00007ff81525a000 	C:\windows\SYSTEM32\IPHLPAPI.DLL
0x00007ff817f80000 - 0x00007ff817f88000 	C:\windows\System32\NSI.dll
0x00007ff80e910000 - 0x00007ff80e926000 	C:\windows\SYSTEM32\dhcpcsvc6.DLL
0x00007ff80e820000 - 0x00007ff80e83c000 	C:\windows\SYSTEM32\dhcpcsvc.DLL
0x00007ff815260000 - 0x00007ff81532a000 	C:\windows\SYSTEM32\DNSAPI.dll

VM Arguments:
jvm_args: -Xmx1536m -Dfile.encoding=windows-1252 -Duser.country=US -Duser.language=en -Duser.variant 
java_command: org.gradle.launcher.daemon.bootstrap.GradleDaemon 5.4.1
java_class_path (initial): C:\Users\V3790262\.gradle\wrapper\dists\gradle-5.4.1-all\3221gyojl5jsh0helicew7rwx\gradle-5.4.1\lib\gradle-launcher-5.4.1.jar
Launcher Type: SUN_STANDARD

Environment Variables:
PATH=C:\windows;C:\windows\System32\Wbem;C:\windows\System32\WindowsPowerShell\v1.0\;C:\windows\System32\OpenSSH\;C:\Program Files (x86)\SysinternalsSuite\;C:\Program Files\Intel\WiFi\bin\;C:\Program Files\Common Files\Intel\WirelessCommon\;C:\Program Files\Git\cmd;D:\platform-tools;C:\WINDOWS\system32\;C:\Program Files\dotnet\;C:\Program Files\nodejs\;C:\Program Files\MySQL\MySQL Shell 8.0\bin\;C:\Users\V3790262\AppData\Local\Microsoft\WindowsApps;C:\Users\V3790262\AppData\Local\Programs\Microsoft VS Code\bin;C:\Users\V3790262\AppData\Roaming\npm;C:\WINDOWS\system32\;
USERNAME=P3701209
OS=Windows_NT
PROCESSOR_IDENTIFIER=Intel64 Family 6 Model 158 Stepping 10, GenuineIntel



---------------  S Y S T E M  ---------------

OS: Windows 10.0 , 64 bit Build 18362 (10.0.18362.778)

CPU:total 12 (initial active 12) (6 cores per cpu, 2 threads per core) family 6 model 158 stepping 10, cmov, cx8, fxsr, mmx, sse, sse2, sse3, ssse3, sse4.1, sse4.2, popcnt, avx, avx2, aes, clmul, erms, 3dnowpref, lzcnt, ht, tsc, tscinvbit, bmi1, bmi2, adx

Memory: 4k page, physical 16511444k(4606168k free), swap 17560020k(5588k free)

vm_info: OpenJDK 64-Bit Server VM (25.212-b04) for windows-amd64 JRE (1.8.0_212-release-1586-b04), built by "builder" with MS VC++ 10.0 (VS2010)

time: Thu Apr 23 14:55:32 2020
timezone: GTB Daylight Time
elapsed time: 5 seconds (0d 0h 0m 5s)

