#
# There is insufficient memory for the Java Runtime Environment to continue.
# Native memory allocation (malloc) failed to allocate 32784 bytes for Chunk::new
# Possible reasons:
#   The system is out of physical RAM or swap space
#   The process is running with CompressedOops enabled, and the Java Heap may be blocking the growth of the native heap
# Possible solutions:
#   Reduce memory load on the system
#   Increase physical memory or swap space
#   Check if swap backing store is full
#   Decrease Java heap size (-Xmx/-Xms)
#   Decrease number of Java threads
#   Decrease Java thread stack sizes (-Xss)
#   Set larger code cache with -XX:ReservedCodeCacheSize=
#   JVM is running with Unscaled Compressed Oops mode in which the Java heap is
#     placed in the first 4GB address space. The Java Heap base address is the
#     maximum limit for the native heap growth. Please use -XX:HeapBaseMinAddress
#     to set the Java Heap base and to place the Java Heap above 4GB virtual address.
# This output file may be truncated or incomplete.
#
#  Out of Memory Error (allocation.cpp:389), pid=17636, tid=0x00000000000033d0
#
# JRE version: OpenJDK Runtime Environment (8.0_212-b04) (build 1.8.0_212-release-1586-b04)
# Java VM: OpenJDK 64-Bit Server VM (25.212-b04 mixed mode windows-amd64 compressed oops)
# Failed to write core dump. Minidumps are not enabled by default on client versions of Windows
#

---------------  T H R E A D  ---------------

Current thread (0x0000000018569000):  JavaThread "C2 CompilerThread2" daemon [_thread_in_native, id=13264, stack(0x0000000019dc0000,0x0000000019ec0000)]

Stack: [0x0000000019dc0000,0x0000000019ec0000]
[error occurred during error reporting (printing stack bounds), id 0xc0000005]

Native frames: (J=compiled Java code, j=interpreted, Vv=VM code, C=native code)


Current CompileTask:
C2:  10899 10482 %     4       com.android.tools.r8.ir.code.IRCode::b @ 436 (1148 bytes)


---------------  P R O C E S S  ---------------

Java Threads: ( => current thread )
  0x0000000025dc5800 JavaThread "WorkerExecutor Queue Thread 8" [_thread_blocked, id=13188, stack(0x0000000030520000,0x0000000030620000)]
  0x0000000025dc5000 JavaThread "WorkerExecutor Queue Thread 7" [_thread_blocked, id=4388, stack(0x0000000030420000,0x0000000030520000)]
  0x0000000025dbc800 JavaThread "WorkerExecutor Queue Thread 6" [_thread_blocked, id=8064, stack(0x0000000030320000,0x0000000030420000)]
  0x0000000025dc3800 JavaThread "WorkerExecutor Queue Thread 5" [_thread_in_native, id=9548, stack(0x0000000030220000,0x0000000030320000)]
  0x0000000025dbc000 JavaThread "WorkerExecutor Queue Thread 4" [_thread_blocked, id=2096, stack(0x0000000030120000,0x0000000030220000)]
  0x0000000025dc2800 JavaThread "WorkerExecutor Queue Thread 3" [_thread_blocked, id=6276, stack(0x0000000030020000,0x0000000030120000)]
  0x0000000025dbb000 JavaThread "WorkerExecutor Queue Thread 2" [_thread_blocked, id=17088, stack(0x000000002ff20000,0x0000000030020000)]
  0x0000000025dc2000 JavaThread "WorkerExecutor Queue" [_thread_in_native, id=17216, stack(0x0000000025490000,0x0000000025590000)]
  0x0000000025dbf800 JavaThread "Cache worker for execution history cache (D:\_LICENTA\iReport-PROJECT\.gradle\5.4.1\executionHistory)" [_thread_blocked, id=7228, stack(0x0000000027760000,0x0000000027860000)]
  0x0000000025dc0800 JavaThread "Execution worker for ':' Thread 11" [_thread_blocked, id=4576, stack(0x0000000027660000,0x0000000027760000)]
  0x000000001fef8800 JavaThread "Execution worker for ':' Thread 10" [_thread_in_Java, id=2752, stack(0x0000000027560000,0x0000000027660000)]
  0x000000001fef8000 JavaThread "Execution worker for ':' Thread 9" [_thread_blocked, id=12248, stack(0x0000000027460000,0x0000000027560000)]
  0x000000001fef7000 JavaThread "Execution worker for ':' Thread 8" [_thread_in_Java, id=17852, stack(0x0000000027360000,0x0000000027460000)]
  0x000000001fef5800 JavaThread "Execution worker for ':' Thread 7" [_thread_blocked, id=1468, stack(0x0000000027260000,0x0000000027360000)]
  0x000000001fef6800 JavaThread "Execution worker for ':' Thread 6" [_thread_in_Java, id=18168, stack(0x0000000027160000,0x0000000027260000)]
  0x000000001fef5000 JavaThread "Execution worker for ':' Thread 5" [_thread_blocked, id=13596, stack(0x0000000027060000,0x0000000027160000)]
  0x000000001fef4000 JavaThread "Execution worker for ':' Thread 4" [_thread_blocked, id=11948, stack(0x0000000026f60000,0x0000000027060000)]
  0x000000001feec800 JavaThread "Execution worker for ':' Thread 3" [_thread_blocked, id=13920, stack(0x0000000026e60000,0x0000000026f60000)]
  0x000000001fef3800 JavaThread "Execution worker for ':' Thread 2" [_thread_in_Java, id=4016, stack(0x0000000025b40000,0x0000000025c40000)]
  0x000000001fef2800 JavaThread "Execution worker for ':'" [_thread_blocked, id=16540, stack(0x0000000025a40000,0x0000000025b40000)]
  0x000000001fef2000 JavaThread "Cache worker for file content cache (D:\_LICENTA\iReport-PROJECT\.gradle\5.4.1\fileContent)" [_thread_blocked, id=19448, stack(0x0000000025190000,0x0000000025290000)]
  0x000000001fef1000 JavaThread "Cache worker for file content cache (C:\Users\V3790262\.gradle\caches\5.4.1\fileContent)" [_thread_blocked, id=16488, stack(0x0000000025090000,0x0000000025190000)]
  0x000000001feea800 JavaThread "Memory manager" [_thread_blocked, id=13636, stack(0x0000000024120000,0x0000000024220000)]
  0x000000001feec000 JavaThread "Cache worker for Build Output Cleanup Cache (D:\_LICENTA\iReport-PROJECT\.gradle\buildOutputCleanup)" [_thread_blocked, id=1984, stack(0x0000000023f00000,0x0000000024000000)]
  0x000000001feef800 JavaThread "Build operations Thread 12" [_thread_blocked, id=12956, stack(0x0000000024020000,0x0000000024120000)]
  0x000000001feeb000 JavaThread "Build operations Thread 11" [_thread_blocked, id=3416, stack(0x0000000023e00000,0x0000000023f00000)]
  0x000000001feef000 JavaThread "Build operations Thread 10" [_thread_blocked, id=13556, stack(0x0000000023d00000,0x0000000023e00000)]
  0x000000001feee000 JavaThread "Build operations Thread 9" [_thread_blocked, id=15748, stack(0x0000000023c00000,0x0000000023d00000)]
  0x000000001feed800 JavaThread "Build operations Thread 8" [_thread_blocked, id=3892, stack(0x0000000023b00000,0x0000000023c00000)]
  0x000000001b77f800 JavaThread "Build operations Thread 7" [_thread_blocked, id=17728, stack(0x0000000023a00000,0x0000000023b00000)]
  0x000000001b782000 JavaThread "Build operations Thread 6" [_thread_blocked, id=4032, stack(0x0000000023900000,0x0000000023a00000)]
  0x000000001b781000 JavaThread "Build operations Thread 5" [_thread_blocked, id=4196, stack(0x0000000023800000,0x0000000023900000)]
  0x000000001b780800 JavaThread "Build operations Thread 4" [_thread_blocked, id=12584, stack(0x0000000023700000,0x0000000023800000)]
  0x000000001b77f000 JavaThread "Build operations Thread 3" [_thread_blocked, id=5236, stack(0x0000000023600000,0x0000000023700000)]
  0x000000001b785000 JavaThread "Build operations Thread 2" [_thread_blocked, id=19324, stack(0x0000000023500000,0x0000000023600000)]
  0x000000001b784000 JavaThread "Build operations" [_thread_blocked, id=6648, stack(0x0000000022fb0000,0x00000000230b0000)]
  0x000000001b783800 JavaThread "Cache worker for execution history cache (C:\Users\V3790262\.gradle\caches\5.4.1\executionHistory)" [_thread_blocked, id=7132, stack(0x0000000022eb0000,0x0000000022fb0000)]
  0x000000001b782800 JavaThread "Cache worker for cache directory md-rule (C:\Users\V3790262\.gradle\caches\5.4.1\md-rule)" [_thread_blocked, id=17996, stack(0x0000000021900000,0x0000000021a00000)]
  0x000000001b77e000 JavaThread "Cache worker for cache directory md-supplier (C:\Users\V3790262\.gradle\caches\5.4.1\md-supplier)" [_thread_blocked, id=3060, stack(0x0000000020740000,0x0000000020840000)]
  0x000000001aa85000 JavaThread "Cache worker for file hash cache (D:\_LICENTA\iReport-PROJECT\.gradle\5.4.1\fileHashes)" [_thread_blocked, id=18948, stack(0x000000001f070000,0x000000001f170000)]
  0x000000001aa81000 JavaThread "Cache worker for journal cache (C:\Users\V3790262\.gradle\caches\journal-1)" [_thread_blocked, id=13608, stack(0x000000001dba0000,0x000000001dca0000)]
  0x000000001aa80800 JavaThread "File lock request listener" [_thread_in_native, id=11160, stack(0x000000001daa0000,0x000000001dba0000)]
  0x000000001b5e8000 JavaThread "Cache worker for file hash cache (C:\Users\V3790262\.gradle\caches\5.4.1\fileHashes)" [_thread_blocked, id=11116, stack(0x000000001d9a0000,0x000000001daa0000)]
  0x000000001b6aa800 JavaThread "Thread-9" [_thread_blocked, id=17208, stack(0x000000001c8d0000,0x000000001c9d0000)]
  0x000000001b6c4800 JavaThread "Stdin handler" [_thread_blocked, id=13440, stack(0x000000001c7d0000,0x000000001c8d0000)]
  0x000000001b6bf800 JavaThread "Asynchronous log dispatcher for DefaultDaemonConnection: socket connection from /127.0.0.1:53494 to /127.0.0.1:53495" [_thread_blocked, id=17412, stack(0x000000001c6d0000,0x000000001c7d0000)]
  0x000000001b6dd800 JavaThread "Daemon worker" [_thread_blocked, id=10320, stack(0x000000001c5d0000,0x000000001c6d0000)]
  0x000000001b6d8800 JavaThread "Cancel handler" [_thread_blocked, id=468, stack(0x000000001c4d0000,0x000000001c5d0000)]
  0x000000001b56f800 JavaThread "Handler for socket connection from /127.0.0.1:53494 to /127.0.0.1:53495" [_thread_in_native, id=16308, stack(0x000000001c0d0000,0x000000001c1d0000)]
  0x000000001b56d000 JavaThread "Daemon" [_thread_blocked, id=16860, stack(0x000000001bfd0000,0x000000001c0d0000)]
  0x000000001b14d000 JavaThread "Daemon periodic checks" [_thread_blocked, id=1524, stack(0x000000001bed0000,0x000000001bfd0000)]
  0x000000001b131000 JavaThread "Incoming local TCP Connector on port 53494" [_thread_in_native, id=13132, stack(0x000000001bc90000,0x000000001bd90000)]
  0x000000001b74d800 JavaThread "Daemon health stats" [_thread_blocked, id=5164, stack(0x000000001b990000,0x000000001ba90000)]
  0x00000000185c1800 JavaThread "Service Thread" daemon [_thread_blocked, id=14720, stack(0x0000000019fc0000,0x000000001a0c0000)]
  0x000000001856c800 JavaThread "C1 CompilerThread3" daemon [_thread_blocked, id=19028, stack(0x0000000019ec0000,0x0000000019fc0000)]
=>0x0000000018569000 JavaThread "C2 CompilerThread2" daemon [_thread_in_native, id=13264, stack(0x0000000019dc0000,0x0000000019ec0000)]
  0x0000000018564000 JavaThread "C2 CompilerThread1" daemon [_thread_in_native, id=1748, stack(0x0000000019cc0000,0x0000000019dc0000)]
  0x000000001855f000 JavaThread "C2 CompilerThread0" daemon [_thread_blocked, id=9632, stack(0x0000000019bc0000,0x0000000019cc0000)]
  0x000000001855a800 JavaThread "Attach Listener" daemon [_thread_blocked, id=18984, stack(0x0000000019ac0000,0x0000000019bc0000)]
  0x0000000018559800 JavaThread "Signal Dispatcher" daemon [_thread_blocked, id=13768, stack(0x00000000199c0000,0x0000000019ac0000)]
  0x0000000016e72800 JavaThread "Finalizer" daemon [_thread_blocked, id=17008, stack(0x00000000197c0000,0x00000000198c0000)]
  0x0000000018553000 JavaThread "Reference Handler" daemon [_thread_blocked, id=9824, stack(0x00000000196c0000,0x00000000197c0000)]
  0x0000000002cae800 JavaThread "main" [_thread_blocked, id=7660, stack(0x0000000002cb0000,0x0000000002db0000)]

Other Threads:
  0x0000000016e65800 VMThread [stack: 0x00000000195c0000,0x00000000196c0000] [id=6112]
  0x00000000185c3800 WatcherThread [stack: 0x000000001a0c0000,0x000000001a1c0000] [id=11584]

VM state:not at safepoint (normal execution)

VM Mutex/Monitor currently owned by a thread: None

heap address: 0x00000000a0000000, size: 1536 MB, Compressed Oops mode: 32-bit
Narrow klass base: 0x0000000000000000, Narrow klass shift: 3
Compressed class space size: 1073741824 Address: 0x0000000100000000

Heap:
 PSYoungGen      total 445440K, used 15540K [0x00000000e0000000, 0x00000000fe580000, 0x0000000100000000)
  eden space 396288K, 1% used [0x00000000e0000000,0x00000000e058d028,0x00000000f8300000)
  from space 49152K, 20% used [0x00000000f8300000,0x00000000f8ca0060,0x00000000fb300000)
  to   space 49152K, 0% used [0x00000000fb300000,0x00000000fb300000,0x00000000fe300000)
 ParOldGen       total 257536K, used 145130K [0x00000000a0000000, 0x00000000afb80000, 0x00000000e0000000)
  object space 257536K, 56% used [0x00000000a0000000,0x00000000a8dba858,0x00000000afb80000)
 Metaspace       used 70111K, capacity 73760K, committed 73880K, reserved 1112064K
  class space    used 9668K, capacity 10362K, committed 10408K, reserved 1048576K

Card table byte_map: [0x0000000012270000,0x0000000012580000] byte_map_base: 0x0000000011d70000

Marking Bits: (ParMarkBitMap*) 0x000000005ab69f30
 Begin Bits: [0x0000000013180000, 0x0000000014980000)
 End Bits:   [0x0000000014980000, 0x0000000016180000)

Polling page: 0x0000000000cb0000

CodeCache: size=245760Kb used=31495Kb max_used=31861Kb free=214264Kb
 bounds [0x0000000002eb0000, 0x0000000004e10000, 0x0000000011eb0000]
 total_blobs=9628 nmethods=8801 adapters=738
 compilation: enabled

Compilation events (10 events):
Event: 10.820 Thread 0x000000001856c800 nmethod 10633% 0x000000000327ee90 code [0x000000000327f0c0, 0x000000000327ff78]
Event: 10.821 Thread 0x000000001856c800 10644 %     3       com.android.tools.r8.ir.conversion.IRBuilder::c @ 131 (178 bytes)
Event: 10.822 Thread 0x000000001856c800 nmethod 10644% 0x0000000003770510 code [0x0000000003770760, 0x0000000003771608]
Event: 10.823 Thread 0x000000001856c800 10453       2       com.android.tools.r8.ir.optimize.CodeRewriter::f (1556 bytes)
Event: 10.832 Thread 0x000000001856c800 nmethod 10453 0x0000000004de6090 code [0x0000000004de6a40, 0x0000000004dea778]
Event: 10.837 Thread 0x000000001856c800 10461       2       com.android.tools.r8.ir.analysis.g.e::a (268 bytes)
Event: 10.839 Thread 0x000000001856c800 nmethod 10461 0x000000000392d410 code [0x000000000392d720, 0x000000000392e1d8]
Event: 10.841 Thread 0x000000001856c800 10652 %     3       com.android.tools.r8.ir.conversion.I::a @ 279 (1343 bytes)
Event: 10.855 Thread 0x000000001856c800 nmethod 10652% 0x0000000004df1190 code [0x0000000004df20c0, 0x0000000004dfd7d8]
Event: 10.857 Thread 0x000000001856c800 10653 %     3       com.android.tools.r8.ir.optimize.CodeRewriter::f @ 30 (1556 bytes)

GC Heap History (10 events):
Event: 9.130 GC heap before
{Heap before GC invocations=14 (full 3):
 PSYoungGen      total 256512K, used 256507K [0x00000000e0000000, 0x00000000f5980000, 0x0000000100000000)
  eden space 232960K, 100% used [0x00000000e0000000,0x00000000ee380000,0x00000000ee380000)
  from space 23552K, 99% used [0x00000000f0c00000,0x00000000f22fee28,0x00000000f2300000)
  to   space 41472K, 0% used [0x00000000ee380000,0x00000000ee380000,0x00000000f0c00000)
 ParOldGen       total 257536K, used 78379K [0x00000000a0000000, 0x00000000afb80000, 0x00000000e0000000)
  object space 257536K, 30% used [0x00000000a0000000,0x00000000a4c8add8,0x00000000afb80000)
 Metaspace       used 68455K, capacity 71708K, committed 71832K, reserved 1112064K
  class space    used 9469K, capacity 10106K, committed 10152K, reserved 1048576K
Event: 9.174 GC heap after
Heap after GC invocations=14 (full 3):
 PSYoungGen      total 274432K, used 41442K [0x00000000e0000000, 0x00000000f8680000, 0x0000000100000000)
  eden space 232960K, 0% used [0x00000000e0000000,0x00000000e0000000,0x00000000ee380000)
  from space 41472K, 99% used [0x00000000ee380000,0x00000000f0bf8b40,0x00000000f0c00000)
  to   space 51200K, 0% used [0x00000000f5480000,0x00000000f5480000,0x00000000f8680000)
 ParOldGen       total 257536K, used 87626K [0x00000000a0000000, 0x00000000afb80000, 0x00000000e0000000)
  object space 257536K, 34% used [0x00000000a0000000,0x00000000a5592888,0x00000000afb80000)
 Metaspace       used 68455K, capacity 71708K, committed 71832K, reserved 1112064K
  class space    used 9469K, capacity 10106K, committed 10152K, reserved 1048576K
}
Event: 9.586 GC heap before
{Heap before GC invocations=15 (full 3):
 PSYoungGen      total 274432K, used 274402K [0x00000000e0000000, 0x00000000f8680000, 0x0000000100000000)
  eden space 232960K, 100% used [0x00000000e0000000,0x00000000ee380000,0x00000000ee380000)
  from space 41472K, 99% used [0x00000000ee380000,0x00000000f0bf8b40,0x00000000f0c00000)
  to   space 51200K, 0% used [0x00000000f5480000,0x00000000f5480000,0x00000000f8680000)
 ParOldGen       total 257536K, used 87626K [0x00000000a0000000, 0x00000000afb80000, 0x00000000e0000000)
  object space 257536K, 34% used [0x00000000a0000000,0x00000000a5592888,0x00000000afb80000)
 Metaspace       used 69219K, capacity 72580K, committed 72728K, reserved 1112064K
  class space    used 9575K, capacity 10236K, committed 10280K, reserved 1048576K
Event: 9.618 GC heap after
Heap after GC invocations=15 (full 3):
 PSYoungGen      total 348672K, used 29658K [0x00000000e0000000, 0x00000000f8d00000, 0x0000000100000000)
  eden space 297472K, 0% used [0x00000000e0000000,0x00000000e0000000,0x00000000f2280000)
  from space 51200K, 57% used [0x00000000f5480000,0x00000000f7176b58,0x00000000f8680000)
  to   space 51200K, 0% used [0x00000000f2280000,0x00000000f2280000,0x00000000f5480000)
 ParOldGen       total 257536K, used 106776K [0x00000000a0000000, 0x00000000afb80000, 0x00000000e0000000)
  object space 257536K, 41% used [0x00000000a0000000,0x00000000a6846228,0x00000000afb80000)
 Metaspace       used 69219K, capacity 72580K, committed 72728K, reserved 1112064K
  class space    used 9575K, capacity 10236K, committed 10280K, reserved 1048576K
}
Event: 9.986 GC heap before
{Heap before GC invocations=16 (full 3):
 PSYoungGen      total 348672K, used 327130K [0x00000000e0000000, 0x00000000f8d00000, 0x0000000100000000)
  eden space 297472K, 100% used [0x00000000e0000000,0x00000000f2280000,0x00000000f2280000)
  from space 51200K, 57% used [0x00000000f5480000,0x00000000f7176b58,0x00000000f8680000)
  to   space 51200K, 0% used [0x00000000f2280000,0x00000000f2280000,0x00000000f5480000)
 ParOldGen       total 257536K, used 106776K [0x00000000a0000000, 0x00000000afb80000, 0x00000000e0000000)
  object space 257536K, 41% used [0x00000000a0000000,0x00000000a6846228,0x00000000afb80000)
 Metaspace       used 69835K, capacity 73496K, committed 73624K, reserved 1112064K
  class space    used 9667K, capacity 10362K, committed 10408K, reserved 1048576K
Event: 10.018 GC heap after
Heap after GC invocations=16 (full 3):
 PSYoungGen      total 348672K, used 17196K [0x00000000e0000000, 0x00000000fe300000, 0x0000000100000000)
  eden space 297472K, 0% used [0x00000000e0000000,0x00000000e0000000,0x00000000f2280000)
  from space 51200K, 33% used [0x00000000f2280000,0x00000000f334b1d8,0x00000000f5480000)
  to   space 49152K, 0% used [0x00000000fb300000,0x00000000fb300000,0x00000000fe300000)
 ParOldGen       total 257536K, used 127483K [0x00000000a0000000, 0x00000000afb80000, 0x00000000e0000000)
  object space 257536K, 49% used [0x00000000a0000000,0x00000000a7c7ef00,0x00000000afb80000)
 Metaspace       used 69835K, capacity 73496K, committed 73624K, reserved 1112064K
  class space    used 9667K, capacity 10362K, committed 10408K, reserved 1048576K
}
Event: 10.350 GC heap before
{Heap before GC invocations=17 (full 3):
 PSYoungGen      total 348672K, used 314668K [0x00000000e0000000, 0x00000000fe300000, 0x0000000100000000)
  eden space 297472K, 100% used [0x00000000e0000000,0x00000000f2280000,0x00000000f2280000)
  from space 51200K, 33% used [0x00000000f2280000,0x00000000f334b1d8,0x00000000f5480000)
  to   space 49152K, 0% used [0x00000000fb300000,0x00000000fb300000,0x00000000fe300000)
 ParOldGen       total 257536K, used 127483K [0x00000000a0000000, 0x00000000afb80000, 0x00000000e0000000)
  object space 257536K, 49% used [0x00000000a0000000,0x00000000a7c7ef00,0x00000000afb80000)
 Metaspace       used 69991K, capacity 73628K, committed 73880K, reserved 1112064K
  class space    used 9667K, capacity 10362K, committed 10408K, reserved 1048576K
Event: 10.373 GC heap after
Heap after GC invocations=17 (full 3):
 PSYoungGen      total 445440K, used 6752K [0x00000000e0000000, 0x00000000fe580000, 0x0000000100000000)
  eden space 396288K, 0% used [0x00000000e0000000,0x00000000e0000000,0x00000000f8300000)
  from space 49152K, 13% used [0x00000000fb300000,0x00000000fb998060,0x00000000fe300000)
  to   space 49152K, 0% used [0x00000000f8300000,0x00000000f8300000,0x00000000fb300000)
 ParOldGen       total 257536K, used 140495K [0x00000000a0000000, 0x00000000afb80000, 0x00000000e0000000)
  object space 257536K, 54% used [0x00000000a0000000,0x00000000a8933f68,0x00000000afb80000)
 Metaspace       used 69991K, capacity 73628K, committed 73880K, reserved 1112064K
  class space    used 9667K, capacity 10362K, committed 10408K, reserved 1048576K
}
Event: 10.875 GC heap before
{Heap before GC invocations=18 (full 3):
 PSYoungGen      total 445440K, used 403040K [0x00000000e0000000, 0x00000000fe580000, 0x0000000100000000)
  eden space 396288K, 100% used [0x00000000e0000000,0x00000000f8300000,0x00000000f8300000)
  from space 49152K, 13% used [0x00000000fb300000,0x00000000fb998060,0x00000000fe300000)
  to   space 49152K, 0% used [0x00000000f8300000,0x00000000f8300000,0x00000000fb300000)
 ParOldGen       total 257536K, used 140495K [0x00000000a0000000, 0x00000000afb80000, 0x00000000e0000000)
  object space 257536K, 54% used [0x00000000a0000000,0x00000000a8933f68,0x00000000afb80000)
 Metaspace       used 70111K, capacity 73760K, committed 73880K, reserved 1112064K
  class space    used 9668K, capacity 10362K, committed 10408K, reserved 1048576K
Event: 10.893 GC heap after
Heap after GC invocations=18 (full 3):
 PSYoungGen      total 445440K, used 9856K [0x00000000e0000000, 0x00000000fe580000, 0x0000000100000000)
  eden space 396288K, 0% used [0x00000000e0000000,0x00000000e0000000,0x00000000f8300000)
  from space 49152K, 20% used [0x00000000f8300000,0x00000000f8ca0060,0x00000000fb300000)
  to   space 49152K, 0% used [0x00000000fb300000,0x00000000fb300000,0x00000000fe300000)
 ParOldGen       total 257536K, used 145130K [0x00000000a0000000, 0x00000000afb80000, 0x00000000e0000000)
  object space 257536K, 56% used [0x00000000a0000000,0x00000000a8dba858,0x00000000afb80000)
 Metaspace       used 70111K, capacity 73760K, committed 73880K, reserved 1112064K
  class space    used 9668K, capacity 10362K, committed 10408K, reserved 1048576K
}

Deoptimization events (10 events):
Event: 10.036 Thread 0x0000000025dbb000 Uncommon trap: reason=array_check action=maybe_recompile pc=0x00000000049eb488 method=java.util.TimSort.binarySort([Ljava/lang/Object;IIILjava/util/Comparator;)V @ 215
Event: 10.036 Thread 0x0000000025dbb000 Uncommon trap: reason=array_check action=maybe_recompile pc=0x00000000049eb54c method=java.util.TimSort.binarySort([Ljava/lang/Object;IIILjava/util/Comparator;)V @ 193
Event: 10.141 Thread 0x000000001fef7000 Uncommon trap: reason=class_check action=maybe_recompile pc=0x0000000004aecd60 method=com.android.tools.r8.ir.analysis.g.e.b(Lcom/android/tools/r8/ir/code/Instruction;)V @ 241
Event: 10.141 Thread 0x000000001fef7000 Uncommon trap: reason=class_check action=maybe_recompile pc=0x0000000004aed740 method=com.android.tools.r8.ir.analysis.g.e.b(Lcom/android/tools/r8/ir/code/Instruction;)V @ 376
Event: 10.141 Thread 0x000000001fef7000 Uncommon trap: reason=class_check action=maybe_recompile pc=0x0000000004aecd60 method=com.android.tools.r8.ir.analysis.g.e.b(Lcom/android/tools/r8/ir/code/Instruction;)V @ 241
Event: 10.170 Thread 0x000000001fef6800 Uncommon trap: reason=unstable_if action=reinterpret pc=0x0000000004a63a18 method=com.android.tools.r8.ir.regalloc.LiveIntervals.getSplitCovering(I)Lcom/android/tools/r8/ir/regalloc/LiveIntervals; @ 132
Event: 10.471 Thread 0x0000000025dc3800 Uncommon trap: reason=array_check action=maybe_recompile pc=0x0000000004a5bcd8 method=java.util.TimSort.binarySort([Ljava/lang/Object;IIILjava/util/Comparator;)V @ 183
Event: 10.471 Thread 0x0000000025dc3800 Uncommon trap: reason=array_check action=maybe_recompile pc=0x0000000004a5bcd8 method=java.util.TimSort.binarySort([Ljava/lang/Object;IIILjava/util/Comparator;)V @ 183
Event: 10.595 Thread 0x000000001fef5000 Uncommon trap: reason=class_check action=maybe_recompile pc=0x0000000004aecd60 method=com.android.tools.r8.ir.analysis.g.e.b(Lcom/android/tools/r8/ir/code/Instruction;)V @ 241
Event: 10.755 Thread 0x000000001fef8000 Uncommon trap: reason=unstable_if action=reinterpret pc=0x00000000045ac688 method=java.util.concurrent.ConcurrentHashMap.computeIfAbsent(Ljava/lang/Object;Ljava/util/function/Function;)Ljava/lang/Object; @ 281

Classes redefined (0 events):
No events

Internal exceptions (10 events):
Event: 10.790 Thread 0x0000000025dc2000 Exception <a 'sun/nio/fs/WindowsException'> (0x00000000f0849738) thrown at [D:\src\AOSP-openjdk-cygwin\jdk8u\hotspot\src\share\vm\prims\jni.cpp, line 710]
Event: 10.790 Thread 0x0000000025dc3800 Exception <a 'sun/nio/fs/WindowsException'> (0x00000000f3b267b8) thrown at [D:\src\AOSP-openjdk-cygwin\jdk8u\hotspot\src\share\vm\prims\jni.cpp, line 710]
Event: 10.792 Thread 0x0000000025dc3800 Exception <a 'sun/nio/fs/WindowsException'> (0x00000000f3fb7338) thrown at [D:\src\AOSP-openjdk-cygwin\jdk8u\hotspot\src\share\vm\prims\jni.cpp, line 710]
Event: 10.795 Thread 0x0000000025dc3800 Exception <a 'sun/nio/fs/WindowsException'> (0x00000000f3fbd9c8) thrown at [D:\src\AOSP-openjdk-cygwin\jdk8u\hotspot\src\share\vm\prims\jni.cpp, line 710]
Event: 10.819 Thread 0x0000000025dc3800 Exception <a 'sun/nio/fs/WindowsException'> (0x00000000f3fc6e78) thrown at [D:\src\AOSP-openjdk-cygwin\jdk8u\hotspot\src\share\vm\prims\jni.cpp, line 710]
Event: 10.835 Thread 0x0000000025dc3800 Exception <a 'sun/nio/fs/WindowsException'> (0x00000000f60f5a88) thrown at [D:\src\AOSP-openjdk-cygwin\jdk8u\hotspot\src\share\vm\prims\jni.cpp, line 710]
Event: 10.847 Thread 0x0000000025dbb000 Exception <a 'sun/nio/fs/WindowsException'> (0x00000000f07f47d8) thrown at [D:\src\AOSP-openjdk-cygwin\jdk8u\hotspot\src\share\vm\prims\jni.cpp, line 710]
Event: 10.850 Thread 0x0000000025dbb000 Exception <a 'sun/nio/fs/WindowsException'> (0x00000000f07fbc90) thrown at [D:\src\AOSP-openjdk-cygwin\jdk8u\hotspot\src\share\vm\prims\jni.cpp, line 710]
Event: 10.853 Thread 0x0000000025dbb000 Exception <a 'sun/nio/fs/WindowsException'> (0x00000000f73039d0) thrown at [D:\src\AOSP-openjdk-cygwin\jdk8u\hotspot\src\share\vm\prims\jni.cpp, line 710]
Event: 10.895 Thread 0x0000000025dc3800 Exception <a 'sun/nio/fs/WindowsException'> (0x00000000e00e49c0) thrown at [D:\src\AOSP-openjdk-cygwin\jdk8u\hotspot\src\share\vm\prims\jni.cpp, line 710]

Events (10 events):
Event: 10.857 Thread 0x000000001fef6800 DEOPT UNPACKING pc=0x0000000002ef75d0 sp=0x000000002725b128 mode 0
Event: 10.857 Thread 0x000000001856c800 flushing nmethod 0x0000000003da8c50
Event: 10.857 Thread 0x000000001856c800 flushing nmethod 0x0000000003dfae90
Event: 10.857 Thread 0x000000001856c800 flushing nmethod 0x0000000003e1c3d0
Event: 10.857 Thread 0x000000001856c800 flushing nmethod 0x0000000003e23950
Event: 10.857 Thread 0x000000001856c800 flushing nmethod 0x0000000003e257d0
Event: 10.859 Thread 0x000000001fef8000 DEOPT PACKING pc=0x0000000004ce9842 sp=0x000000002755b460
Event: 10.859 Thread 0x000000001fef8000 DEOPT UNPACKING pc=0x0000000002ef75d0 sp=0x000000002755b448 mode 0
Event: 10.871 Executing VM operation: ParallelGCFailedAllocation
Event: 10.893 Executing VM operation: ParallelGCFailedAllocation done


Dynamic libraries:
0x00007ff6560a0000 - 0x00007ff6560d1000 	C:\Program Files\Android\Android Studio\jre\bin\java.exe
0x00007ff819460000 - 0x00007ff819650000 	C:\windows\SYSTEM32\ntdll.dll
0x00007ff817650000 - 0x00007ff817702000 	C:\windows\System32\KERNEL32.DLL
0x00007ff817240000 - 0x00007ff8174e3000 	C:\windows\System32\KERNELBASE.dll
0x00007ff819210000 - 0x00007ff8192b3000 	C:\windows\System32\ADVAPI32.dll
0x00007ff818010000 - 0x00007ff8180ae000 	C:\windows\System32\msvcrt.dll
0x00007ff818f20000 - 0x00007ff818fb7000 	C:\windows\System32\sechost.dll
0x00007ff8190f0000 - 0x00007ff819210000 	C:\windows\System32\RPCRT4.dll
0x00007ff817b80000 - 0x00007ff817d14000 	C:\windows\System32\USER32.dll
0x00007ff816810000 - 0x00007ff816831000 	C:\windows\System32\win32u.dll
0x00007ff817b30000 - 0x00007ff817b56000 	C:\windows\System32\GDI32.dll
0x00007ff8163f0000 - 0x00007ff816584000 	C:\windows\System32\gdi32full.dll
0x00007ff816590000 - 0x00007ff81662e000 	C:\windows\System32\msvcp_win.dll
0x00007ff816710000 - 0x00007ff81680a000 	C:\windows\System32\ucrtbase.dll
0x00007ff815830000 - 0x00007ff815ab5000 	C:\windows\WinSxS\amd64_microsoft.windows.common-controls_6595b64144ccf1df_6.0.18362.778_none_e6c6b761130d4fb8\COMCTL32.dll
0x00007ff817720000 - 0x00007ff817a56000 	C:\windows\System32\combase.dll
0x00007ff816630000 - 0x00007ff8166b0000 	C:\windows\System32\bcryptPrimitives.dll
0x00007ff817f50000 - 0x00007ff817f7e000 	C:\windows\System32\IMM32.DLL
0x00007fffe1680000 - 0x00007fffe1732000 	C:\Program Files\McAfee\Endpoint Security\Threat Prevention\Ips\EpMPApi.dll
0x00007ff8166b0000 - 0x00007ff81670c000 	C:\windows\System32\WINTRUST.dll
0x00007ff816350000 - 0x00007ff816362000 	C:\windows\System32\MSASN1.dll
0x00007ff816840000 - 0x00007ff816989000 	C:\windows\System32\CRYPT32.dll
0x000000005ad80000 - 0x000000005ad8c000 	C:\Program Files\McAfee\Endpoint Security\Threat Prevention\Ips\EpMPThe.dll
0x00007fffe3980000 - 0x00007fffe39b6000 	C:\Program Files\McAfee\Endpoint Security\Threat Prevention\Ips\HIPHandlers64.dll
0x00007ff819090000 - 0x00007ff8190e2000 	C:\windows\System32\SHLWAPI.dll
0x000000005a2c0000 - 0x000000005a392000 	C:\Program Files\Android\Android Studio\jre\jre\bin\msvcr100.dll
0x000000005a3a0000 - 0x000000005abe6000 	C:\Program Files\Android\Android Studio\jre\jre\bin\server\jvm.dll
0x00007ff817710000 - 0x00007ff817718000 	C:\windows\System32\PSAPI.DLL
0x00007ff80b7f0000 - 0x00007ff80b814000 	C:\windows\SYSTEM32\WINMM.dll
0x00007ff80ddf0000 - 0x00007ff80ddfa000 	C:\windows\SYSTEM32\VERSION.dll
0x00007ffff1e20000 - 0x00007ffff1e29000 	C:\windows\SYSTEM32\WSOCK32.dll
0x00007ff817fa0000 - 0x00007ff81800f000 	C:\windows\System32\WS2_32.dll
0x00007ff80b670000 - 0x00007ff80b69d000 	C:\windows\SYSTEM32\winmmbase.dll
0x00007ff8171f0000 - 0x00007ff81723a000 	C:\windows\System32\cfgmgr32.dll
0x00007ff80c840000 - 0x00007ff80c84f000 	C:\Program Files\Android\Android Studio\jre\jre\bin\verify.dll
0x00007fffef610000 - 0x00007fffef639000 	C:\Program Files\Android\Android Studio\jre\jre\bin\java.dll
0x00007ff80bfd0000 - 0x00007ff80bfe6000 	C:\Program Files\Android\Android Studio\jre\jre\bin\zip.dll
0x00007ff818270000 - 0x00007ff818955000 	C:\windows\System32\SHELL32.dll
0x00007ff8181c0000 - 0x00007ff818269000 	C:\windows\System32\shcore.dll
0x00007ff816990000 - 0x00007ff817110000 	C:\windows\System32\windows.storage.dll
0x00007ff8163c0000 - 0x00007ff8163e3000 	C:\windows\System32\profapi.dll
0x00007ff816370000 - 0x00007ff8163ba000 	C:\windows\System32\powrprof.dll
0x00007ff816320000 - 0x00007ff816330000 	C:\windows\System32\UMPDC.dll
0x00007ff816330000 - 0x00007ff816341000 	C:\windows\System32\kernel.appcore.dll
0x00007ff8174f0000 - 0x00007ff817507000 	C:\windows\System32\cryptsp.dll
0x00007fffff980000 - 0x00007fffff99a000 	C:\Program Files\Android\Android Studio\jre\jre\bin\net.dll
0x00007ff802520000 - 0x00007ff8026f5000 	C:\windows\SYSTEM32\urlmon.dll
0x00007ff8050c0000 - 0x00007ff805366000 	C:\windows\SYSTEM32\iertutil.dll
0x00007ff8156e0000 - 0x00007ff8156ec000 	C:\windows\SYSTEM32\CRYPTBASE.DLL
0x00007ff815510000 - 0x00007ff815577000 	C:\windows\system32\mswsock.dll
0x00007ffffc7a0000 - 0x00007ffffc7b3000 	C:\Program Files\Android\Android Studio\jre\jre\bin\nio.dll
0x00007fffe46e0000 - 0x00007fffe4706000 	C:\Users\V3790262\.gradle\native\29\windows-amd64\native-platform.dll
0x00007fffef600000 - 0x00007fffef60d000 	C:\Program Files\Android\Android Studio\jre\jre\bin\management.dll
0x00007ff814e10000 - 0x00007ff814e43000 	C:\windows\system32\rsaenh.dll
0x00007ff817110000 - 0x00007ff817136000 	C:\windows\System32\bcrypt.dll
0x00007ff816240000 - 0x00007ff816265000 	C:\windows\SYSTEM32\USERENV.dll
0x00007ff815220000 - 0x00007ff81525a000 	C:\windows\SYSTEM32\IPHLPAPI.DLL
0x00007ff817f80000 - 0x00007ff817f88000 	C:\windows\System32\NSI.dll
0x00007ff80e910000 - 0x00007ff80e926000 	C:\windows\SYSTEM32\dhcpcsvc6.DLL
0x00007ff80e820000 - 0x00007ff80e83c000 	C:\windows\SYSTEM32\dhcpcsvc.DLL
0x00007ff815260000 - 0x00007ff81532a000 	C:\windows\SYSTEM32\DNSAPI.dll

VM Arguments:
jvm_args: -Xmx1536m -Dfile.encoding=windows-1252 -Duser.country=US -Duser.language=en -Duser.variant 
java_command: org.gradle.launcher.daemon.bootstrap.GradleDaemon 5.4.1
java_class_path (initial): C:\Users\V3790262\.gradle\wrapper\dists\gradle-5.4.1-all\3221gyojl5jsh0helicew7rwx\gradle-5.4.1\lib\gradle-launcher-5.4.1.jar
Launcher Type: SUN_STANDARD

Environment Variables:
PATH=C:\windows;C:\windows\System32\Wbem;C:\windows\System32\WindowsPowerShell\v1.0\;C:\windows\System32\OpenSSH\;C:\Program Files (x86)\SysinternalsSuite\;C:\Program Files\Intel\WiFi\bin\;C:\Program Files\Common Files\Intel\WirelessCommon\;C:\Program Files\Git\cmd;D:\platform-tools;C:\WINDOWS\system32\;C:\Program Files\dotnet\;C:\Program Files\nodejs\;C:\Program Files\MySQL\MySQL Shell 8.0\bin\;C:\Users\V3790262\AppData\Local\Microsoft\WindowsApps;C:\Users\V3790262\AppData\Local\Programs\Microsoft VS Code\bin;C:\Users\V3790262\AppData\Roaming\npm;C:\WINDOWS\system32\;
USERNAME=P3701209
OS=Windows_NT
PROCESSOR_IDENTIFIER=Intel64 Family 6 Model 158 Stepping 10, GenuineIntel



---------------  S Y S T E M  ---------------

OS: Windows 10.0 , 64 bit Build 18362 (10.0.18362.778)

CPU:total 12 (initial active 12) (6 cores per cpu, 2 threads per core) family 6 model 158 stepping 10, cmov, cx8, fxsr, mmx, sse, sse2, sse3, ssse3, sse4.1, sse4.2, popcnt, avx, avx2, aes, clmul, erms, 3dnowpref, lzcnt, ht, tsc, tscinvbit, bmi1, bmi2, adx

Memory: 4k page, physical 16511444k(4345796k free), swap 17560020k(2876k free)

vm_info: OpenJDK 64-Bit Server VM (25.212-b04) for windows-amd64 JRE (1.8.0_212-release-1586-b04), built by "builder" with MS VC++ 10.0 (VS2010)

time: Thu Apr 23 14:59:40 2020
timezone: GTB Daylight Time
elapsed time: 10 seconds (0d 0h 0m 10s)

