#
# There is insufficient memory for the Java Runtime Environment to continue.
# Native memory allocation (malloc) failed to allocate 1088736 bytes for Chunk::new
# Possible reasons:
#   The system is out of physical RAM or swap space
#   The process is running with CompressedOops enabled, and the Java Heap may be blocking the growth of the native heap
# Possible solutions:
#   Reduce memory load on the system
#   Increase physical memory or swap space
#   Check if swap backing store is full
#   Decrease Java heap size (-Xmx/-Xms)
#   Decrease number of Java threads
#   Decrease Java thread stack sizes (-Xss)
#   Set larger code cache with -XX:ReservedCodeCacheSize=
#   JVM is running with Unscaled Compressed Oops mode in which the Java heap is
#     placed in the first 4GB address space. The Java Heap base address is the
#     maximum limit for the native heap growth. Please use -XX:HeapBaseMinAddress
#     to set the Java Heap base and to place the Java Heap above 4GB virtual address.
# This output file may be truncated or incomplete.
#
#  Out of Memory Error (allocation.cpp:389), pid=13888, tid=0x0000000000004090
#
# JRE version: OpenJDK Runtime Environment (8.0_202-b03) (build 1.8.0_202-release-1483-b03)
# Java VM: OpenJDK 64-Bit Server VM (25.202-b03 mixed mode windows-amd64 compressed oops)
# Failed to write core dump. Minidumps are not enabled by default on client versions of Windows
#

---------------  T H R E A D  ---------------

Current thread (0x0000000018550000):  JavaThread "C2 CompilerThread2" daemon [_thread_in_native, id=16528, stack(0x0000000019e40000,0x0000000019f40000)]

Stack: [0x0000000019e40000,0x0000000019f40000]
[error occurred during error reporting (printing stack bounds), id 0xc0000005]

Native frames: (J=compiled Java code, j=interpreted, Vv=VM code, C=native code)


Current CompileTask:
C2:29659611 56519       4       com.android.tools.r8.ir.code.Phi::a (339 bytes)


---------------  P R O C E S S  ---------------

Java Threads: ( => current thread )
  0x000000001cf04000 JavaThread "WorkerExecutor Queue Thread 7" [_thread_in_native, id=2664, stack(0x0000000043ef0000,0x0000000043ff0000)]
  0x000000001dedd800 JavaThread "WorkerExecutor Queue Thread 5" [_thread_blocked, id=3008, stack(0x0000000043cf0000,0x0000000043df0000)]
  0x000000001dedd000 JavaThread "WorkerExecutor Queue Thread 4" [_thread_blocked, id=10804, stack(0x0000000043bf0000,0x0000000043cf0000)]
  0x000000001dede800 JavaThread "WorkerExecutor Queue Thread 3" [_thread_blocked, id=4520, stack(0x0000000043af0000,0x0000000043bf0000)]
  0x000000001ded5800 JavaThread "WorkerExecutor Queue Thread 2" [_thread_blocked, id=16888, stack(0x00000000439f0000,0x0000000043af0000)]
  0x000000001ded6000 JavaThread "WorkerExecutor Queue" [_thread_blocked, id=10732, stack(0x00000000438f0000,0x00000000439f0000)]
  0x000000001deda800 JavaThread "Cache worker for execution history cache (D:\Licenta - iReport\AND - iReport\.gradle\5.4.1\executionHistory)" [_thread_blocked, id=17764, stack(0x0000000042420000,0x0000000042520000)]
  0x000000001ded7000 JavaThread "Execution worker for ':' Thread 11" [_thread_blocked, id=8320, stack(0x0000000042120000,0x0000000042220000)]
  0x000000001deda000 JavaThread "Execution worker for ':' Thread 10" [_thread_blocked, id=7528, stack(0x0000000042020000,0x0000000042120000)]
  0x000000001ded8800 JavaThread "Execution worker for ':' Thread 9" [_thread_blocked, id=8536, stack(0x0000000041f20000,0x0000000042020000)]
  0x000000001ded4800 JavaThread "Execution worker for ':' Thread 8" [_thread_blocked, id=14580, stack(0x0000000041e20000,0x0000000041f20000)]
  0x000000001ded9000 JavaThread "Execution worker for ':' Thread 7" [_thread_in_Java, id=17080, stack(0x0000000041d20000,0x0000000041e20000)]
  0x000000001e344800 JavaThread "Execution worker for ':' Thread 6" [_thread_blocked, id=3448, stack(0x0000000041c20000,0x0000000041d20000)]
  0x000000001e33d000 JavaThread "Execution worker for ':' Thread 5" [_thread_blocked, id=9780, stack(0x0000000041b20000,0x0000000041c20000)]
  0x000000001e342000 JavaThread "Execution worker for ':' Thread 4" [_thread_blocked, id=9988, stack(0x0000000041a20000,0x0000000041b20000)]
  0x000000001e343800 JavaThread "Execution worker for ':' Thread 3" [_thread_blocked, id=12484, stack(0x0000000041920000,0x0000000041a20000)]
  0x000000001e33d800 JavaThread "Execution worker for ':' Thread 2" [_thread_blocked, id=456, stack(0x0000000041530000,0x0000000041630000)]
  0x000000001e33c000 JavaThread "Execution worker for ':'" [_thread_blocked, id=13304, stack(0x0000000041020000,0x0000000041120000)]
  0x000000001e343000 JavaThread "Cache worker for file content cache (D:\Licenta - iReport\AND - iReport\.gradle\5.4.1\fileContent)" [_thread_blocked, id=14076, stack(0x000000003fd50000,0x000000003fe50000)]
  0x000000001e340000 JavaThread "Cache worker for Build Output Cleanup Cache (D:\Licenta - iReport\AND - iReport\.gradle\buildOutputCleanup)" [_thread_blocked, id=2388, stack(0x000000003fa50000,0x000000003fb50000)]
  0x000000001e335800 JavaThread "Build operations Thread 12" [_thread_blocked, id=2748, stack(0x000000003e160000,0x000000003e260000)]
  0x000000001e33b800 JavaThread "Build operations Thread 11" [_thread_blocked, id=4808, stack(0x000000003bcb0000,0x000000003bdb0000)]
  0x000000001e338800 JavaThread "Build operations Thread 10" [_thread_blocked, id=15484, stack(0x0000000037390000,0x0000000037490000)]
  0x000000001e33a800 JavaThread "Build operations Thread 9" [_thread_blocked, id=2476, stack(0x0000000034280000,0x0000000034380000)]
  0x000000001e33a000 JavaThread "Build operations Thread 8" [_thread_blocked, id=2228, stack(0x000000002bf50000,0x000000002c050000)]
  0x000000001e337800 JavaThread "Build operations Thread 7" [_thread_blocked, id=11532, stack(0x000000002bb60000,0x000000002bc60000)]
  0x000000001d0bb800 JavaThread "Build operations Thread 6" [_thread_blocked, id=10216, stack(0x000000002a830000,0x000000002a930000)]
  0x000000001d0ba000 JavaThread "Build operations Thread 5" [_thread_blocked, id=19380, stack(0x0000000029e10000,0x0000000029f10000)]
  0x000000001d0b9000 JavaThread "Build operations Thread 4" [_thread_blocked, id=1248, stack(0x0000000029910000,0x0000000029a10000)]
  0x000000001d0b8800 JavaThread "Build operations Thread 3" [_thread_blocked, id=1532, stack(0x0000000027e40000,0x0000000027f40000)]
  0x000000001d0b1000 JavaThread "Build operations Thread 2" [_thread_blocked, id=2844, stack(0x00000000277b0000,0x00000000278b0000)]
  0x000000001d0b5800 JavaThread "Build operations" [_thread_blocked, id=15556, stack(0x0000000025aa0000,0x0000000025ba0000)]
  0x000000001d0b4800 JavaThread "Cache worker for cache directory md-rule (C:\Users\V3790262\.gradle\caches\5.4.1\md-rule)" [_thread_blocked, id=17344, stack(0x0000000022eb0000,0x0000000022fb0000)]
  0x000000001d0b7800 JavaThread "Cache worker for cache directory md-supplier (C:\Users\V3790262\.gradle\caches\5.4.1\md-supplier)" [_thread_blocked, id=16728, stack(0x0000000022100000,0x0000000022200000)]
  0x000000001d0b7000 JavaThread "Cache worker for file hash cache (D:\Licenta - iReport\AND - iReport\.gradle\5.4.1\fileHashes)" [_thread_blocked, id=13844, stack(0x00000000205c0000,0x00000000206c0000)]
  0x000000001d0b6000 JavaThread "Thread-2575" [_thread_blocked, id=9732, stack(0x000000001f450000,0x000000001f550000)]
  0x000000001d0b1800 JavaThread "Stdin handler" [_thread_blocked, id=11652, stack(0x000000001c850000,0x000000001c950000)]
  0x000000001d0b4000 JavaThread "Asynchronous log dispatcher for DefaultDaemonConnection: socket connection from /127.0.0.1:54359 to /127.0.0.1:51015" [_thread_blocked, id=3412, stack(0x000000001c550000,0x000000001c650000)]
  0x000000001d0ae000 JavaThread "Cancel handler" [_thread_blocked, id=2696, stack(0x0000000019c40000,0x0000000019d40000)]
  0x000000001d0b3000 JavaThread "Handler for socket connection from /127.0.0.1:54359 to /127.0.0.1:51015" [_thread_in_native, id=13524, stack(0x00000000025b0000,0x00000000026b0000)]
  0x00000000212f8800 JavaThread "Daemon worker Thread 33" [_thread_blocked, id=16248, stack(0x000000001c450000,0x000000001c550000)]
  0x00000000212fa000 JavaThread "Daemon Thread 33" [_thread_blocked, id=11508, stack(0x0000000000c30000,0x0000000000d30000)]
  0x0000000020a2a000 JavaThread "Cache worker for Java compile cache (C:\Users\V3790262\.gradle\caches\5.4.1\javaCompile)" [_thread_blocked, id=5100, stack(0x0000000027ab0000,0x0000000027bb0000)]
  0x000000001cf03800 JavaThread "Cache worker for file content cache (C:\Users\V3790262\.gradle\caches\5.4.1\fileContent)" [_thread_blocked, id=9348, stack(0x0000000026cb0000,0x0000000026db0000)]
  0x000000001cf0d000 JavaThread "Memory manager" [_thread_blocked, id=18536, stack(0x0000000025320000,0x0000000025420000)]
  0x000000001cf05800 JavaThread "Cache worker for execution history cache (C:\Users\V3790262\.gradle\caches\5.4.1\executionHistory)" [_thread_blocked, id=15252, stack(0x0000000021e00000,0x0000000021f00000)]
  0x000000001c976000 JavaThread "Cache worker for journal cache (C:\Users\V3790262\.gradle\caches\journal-1)" [_thread_blocked, id=14236, stack(0x000000001db20000,0x000000001dc20000)]
  0x000000001c979000 JavaThread "File lock request listener" [_thread_in_native, id=7400, stack(0x000000001da20000,0x000000001db20000)]
  0x000000001b74a000 JavaThread "Cache worker for file hash cache (C:\Users\V3790262\.gradle\caches\5.4.1\fileHashes)" [_thread_blocked, id=14368, stack(0x000000001d920000,0x000000001da20000)]
  0x000000001b86e800 JavaThread "Daemon periodic checks" [_thread_blocked, id=14312, stack(0x000000001bf50000,0x000000001c050000)]
  0x000000001b852000 JavaThread "Incoming local TCP Connector on port 54359" [_thread_in_native, id=5724, stack(0x000000001bd10000,0x000000001be10000)]
  0x000000001b887000 JavaThread "Daemon health stats" [_thread_blocked, id=19148, stack(0x000000001ba10000,0x000000001bb10000)]
  0x0000000018555000 JavaThread "Service Thread" daemon [_thread_blocked, id=19132, stack(0x000000001a040000,0x000000001a140000)]
  0x0000000018550800 JavaThread "C1 CompilerThread3" daemon [_thread_in_native, id=19136, stack(0x0000000019f40000,0x000000001a040000)]
=>0x0000000018550000 JavaThread "C2 CompilerThread2" daemon [_thread_in_native, id=16528, stack(0x0000000019e40000,0x0000000019f40000)]
  0x000000001854c800 JavaThread "C2 CompilerThread1" daemon [_thread_in_native, id=19152, stack(0x0000000019d40000,0x0000000019e40000)]
  0x00000000184eb800 JavaThread "C2 CompilerThread0" daemon [_thread_in_native, id=19168, stack(0x0000000019b40000,0x0000000019c40000)]
  0x00000000184e9000 JavaThread "Attach Listener" daemon [_thread_blocked, id=18468, stack(0x0000000019a40000,0x0000000019b40000)]
  0x00000000184e8000 JavaThread "Signal Dispatcher" daemon [_thread_blocked, id=19388, stack(0x0000000019940000,0x0000000019a40000)]
  0x0000000016df2000 JavaThread "Finalizer" daemon [_thread_blocked, id=12060, stack(0x0000000019740000,0x0000000019840000)]
  0x00000000184e3000 JavaThread "Reference Handler" daemon [_thread_blocked, id=19424, stack(0x0000000019640000,0x0000000019740000)]
  0x0000000002c2e000 JavaThread "main" [_thread_blocked, id=18996, stack(0x0000000002c30000,0x0000000002d30000)]

Other Threads:
  0x0000000016de5800 VMThread [stack: 0x0000000019540000,0x0000000019640000] [id=19420]
  0x0000000018555800 WatcherThread [stack: 0x000000001a140000,0x000000001a240000] [id=19128]

VM state:not at safepoint (normal execution)

VM Mutex/Monitor currently owned by a thread: None

heap address: 0x00000000a0000000, size: 1536 MB, Compressed Oops mode: 32-bit
Narrow klass base: 0x0000000000000000, Narrow klass shift: 3
Compressed class space size: 1073741824 Address: 0x0000000100000000

Heap:
 PSYoungGen      total 424448K, used 110174K [0x00000000e0000000, 0x00000000ff380000, 0x0000000100000000)
  eden space 343552K, 23% used [0x00000000e0000000,0x00000000e5027e80,0x00000000f4f80000)
  from space 80896K, 34% used [0x00000000fa480000,0x00000000fbfef9e0,0x00000000ff380000)
  to   space 83968K, 0% used [0x00000000f4f80000,0x00000000f4f80000,0x00000000fa180000)
 ParOldGen       total 563712K, used 174207K [0x00000000a0000000, 0x00000000c2680000, 0x00000000e0000000)
  object space 563712K, 30% used [0x00000000a0000000,0x00000000aaa1fff8,0x00000000c2680000)
 Metaspace       used 213800K, capacity 227822K, committed 253016K, reserved 1267712K
  class space    used 26965K, capacity 29337K, committed 34688K, reserved 1048576K

Card table byte_map: [0x00000000121f0000,0x0000000012500000] byte_map_base: 0x0000000011cf0000

Marking Bits: (ParMarkBitMap*) 0x0000000070199f30
 Begin Bits: [0x0000000013100000, 0x0000000014900000)
 End Bits:   [0x0000000014900000, 0x0000000016100000)

Polling page: 0x00000000005e0000

CodeCache: size=245760Kb used=146384Kb max_used=146384Kb free=99375Kb
 bounds [0x0000000002e30000, 0x000000000be20000, 0x0000000011e30000]
 total_blobs=40319 nmethods=39391 adapters=839
 compilation: enabled

Compilation events (10 events):
Event: 29659.496 Thread 0x0000000018550800 56796       2       com.android.tools.r8.n.a.a.a.h.H0$c::iterator (12 bytes)
Event: 29659.497 Thread 0x0000000018550800 nmethod 56796 0x000000000bdfd350 code [0x000000000bdfd4c0, 0x000000000bdfd6c8]
Event: 29659.497 Thread 0x0000000018550800 56791       2       com.android.tools.r8.n.a.a.a.h.N$c::iterator (5 bytes)
Event: 29659.497 Thread 0x0000000018550800 nmethod 56791 0x000000000bdfcf10 code [0x000000000bdfd080, 0x000000000bdfd288]
Event: 29659.537 Thread 0x0000000018550800 56807       2       com.android.tools.r8.dex.c::a (243 bytes)
Event: 29659.540 Thread 0x0000000018550800 nmethod 56807 0x000000000bdfb410 code [0x000000000bdfb6e0, 0x000000000bdfc338]
Event: 29659.593 Thread 0x0000000018550800 56809       2       com.android.tools.r8.ir.code.Move::a (5 bytes)
Event: 29659.593 Thread 0x0000000018550800 nmethod 56809 0x000000000bdfb090 code [0x000000000bdfb200, 0x000000000bdfb388]
Event: 29659.595 Thread 0x0000000018550800 56810       2       com.android.tools.r8.ir.conversion.E::a (98 bytes)
Event: 29659.596 Thread 0x0000000018550800 nmethod 56810 0x000000000be16690 code [0x000000000be168c0, 0x000000000be170b8]

GC Heap History (10 events):
Event: 29653.447 GC heap before
{Heap before GC invocations=124 (full 6):
 PSYoungGen      total 418816K, used 78580K [0x00000000e0000000, 0x0000000100000000, 0x0000000100000000)
  eden space 335872K, 0% used [0x00000000e0000000,0x00000000e0000000,0x00000000f4800000)
  from space 82944K, 94% used [0x00000000faf00000,0x00000000ffbbd2c0,0x0000000100000000)
  to   space 94208K, 0% used [0x00000000f4800000,0x00000000f4800000,0x00000000fa400000)
 ParOldGen       total 443392K, used 390279K [0x00000000a0000000, 0x00000000bb100000, 0x00000000e0000000)
  object space 443392K, 88% used [0x00000000a0000000,0x00000000b7d21d50,0x00000000bb100000)
 Metaspace       used 246230K, capacity 265174K, committed 265304K, reserved 1280000K
  class space    used 31376K, capacity 34596K, committed 34688K, reserved 1048576K
Event: 29654.155 GC heap after
Heap after GC invocations=124 (full 6):
 PSYoungGen      total 418816K, used 0K [0x00000000e0000000, 0x0000000100000000, 0x0000000100000000)
  eden space 335872K, 0% used [0x00000000e0000000,0x00000000e0000000,0x00000000f4800000)
  from space 82944K, 0% used [0x00000000faf00000,0x00000000faf00000,0x0000000100000000)
  to   space 94208K, 0% used [0x00000000f4800000,0x00000000f4800000,0x00000000fa400000)
 ParOldGen       total 563712K, used 174175K [0x00000000a0000000, 0x00000000c2680000, 0x00000000e0000000)
  object space 563712K, 30% used [0x00000000a0000000,0x00000000aaa17ff8,0x00000000c2680000)
 Metaspace       used 209712K, capacity 222754K, committed 253016K, reserved 1267712K
  class space    used 26455K, capacity 28707K, committed 34688K, reserved 1048576K
}
Event: 29655.139 GC heap before
{Heap before GC invocations=125 (full 6):
 PSYoungGen      total 418816K, used 335872K [0x00000000e0000000, 0x0000000100000000, 0x0000000100000000)
  eden space 335872K, 100% used [0x00000000e0000000,0x00000000f4800000,0x00000000f4800000)
  from space 82944K, 0% used [0x00000000faf00000,0x00000000faf00000,0x0000000100000000)
  to   space 94208K, 0% used [0x00000000f4800000,0x00000000f4800000,0x00000000fa400000)
 ParOldGen       total 563712K, used 174175K [0x00000000a0000000, 0x00000000c2680000, 0x00000000e0000000)
  object space 563712K, 30% used [0x00000000a0000000,0x00000000aaa17ff8,0x00000000c2680000)
 Metaspace       used 212459K, capacity 226440K, committed 253016K, reserved 1267712K
  class space    used 26937K, capacity 29300K, committed 34688K, reserved 1048576K
Event: 29655.156 GC heap after
Heap after GC invocations=125 (full 6):
 PSYoungGen      total 430080K, used 8932K [0x00000000e0000000, 0x0000000100000000, 0x0000000100000000)
  eden space 335872K, 0% used [0x00000000e0000000,0x00000000e0000000,0x00000000f4800000)
  from space 94208K, 9% used [0x00000000f4800000,0x00000000f50b9290,0x00000000fa400000)
  to   space 94208K, 0% used [0x00000000fa400000,0x00000000fa400000,0x0000000100000000)
 ParOldGen       total 563712K, used 174183K [0x00000000a0000000, 0x00000000c2680000, 0x00000000e0000000)
  object space 563712K, 30% used [0x00000000a0000000,0x00000000aaa19ff8,0x00000000c2680000)
 Metaspace       used 212459K, capacity 226440K, committed 253016K, reserved 1267712K
  class space    used 26937K, capacity 29300K, committed 34688K, reserved 1048576K
}
Event: 29656.895 GC heap before
{Heap before GC invocations=126 (full 6):
 PSYoungGen      total 430080K, used 344804K [0x00000000e0000000, 0x0000000100000000, 0x0000000100000000)
  eden space 335872K, 100% used [0x00000000e0000000,0x00000000f4800000,0x00000000f4800000)
  from space 94208K, 9% used [0x00000000f4800000,0x00000000f50b9290,0x00000000fa400000)
  to   space 94208K, 0% used [0x00000000fa400000,0x00000000fa400000,0x0000000100000000)
 ParOldGen       total 563712K, used 174183K [0x00000000a0000000, 0x00000000c2680000, 0x00000000e0000000)
  object space 563712K, 30% used [0x00000000a0000000,0x00000000aaa19ff8,0x00000000c2680000)
 Metaspace       used 212960K, capacity 226898K, committed 253016K, reserved 1267712K
  class space    used 26947K, capacity 29301K, committed 34688K, reserved 1048576K
Event: 29656.923 GC heap after
Heap after GC invocations=126 (full 6):
 PSYoungGen      total 425984K, used 15261K [0x00000000e0000000, 0x00000000ffc00000, 0x0000000100000000)
  eden space 335872K, 0% used [0x00000000e0000000,0x00000000e0000000,0x00000000f4800000)
  from space 90112K, 16% used [0x00000000fa400000,0x00000000fb2e7430,0x00000000ffc00000)
  to   space 92160K, 0% used [0x00000000f4800000,0x00000000f4800000,0x00000000fa200000)
 ParOldGen       total 563712K, used 174191K [0x00000000a0000000, 0x00000000c2680000, 0x00000000e0000000)
  object space 563712K, 30% used [0x00000000a0000000,0x00000000aaa1bff8,0x00000000c2680000)
 Metaspace       used 212960K, capacity 226898K, committed 253016K, reserved 1267712K
  class space    used 26947K, capacity 29301K, committed 34688K, reserved 1048576K
}
Event: 29658.369 GC heap before
{Heap before GC invocations=127 (full 6):
 PSYoungGen      total 425984K, used 351133K [0x00000000e0000000, 0x00000000ffc00000, 0x0000000100000000)
  eden space 335872K, 100% used [0x00000000e0000000,0x00000000f4800000,0x00000000f4800000)
  from space 90112K, 16% used [0x00000000fa400000,0x00000000fb2e7430,0x00000000ffc00000)
  to   space 92160K, 0% used [0x00000000f4800000,0x00000000f4800000,0x00000000fa200000)
 ParOldGen       total 563712K, used 174191K [0x00000000a0000000, 0x00000000c2680000, 0x00000000e0000000)
  object space 563712K, 30% used [0x00000000a0000000,0x00000000aaa1bff8,0x00000000c2680000)
 Metaspace       used 213446K, capacity 227444K, committed 253016K, reserved 1267712K
  class space    used 26962K, capacity 29336K, committed 34688K, reserved 1048576K
Event: 29658.391 GC heap after
Heap after GC invocations=127 (full 6):
 PSYoungGen      total 428032K, used 22733K [0x00000000e0000000, 0x00000000ffb00000, 0x0000000100000000)
  eden space 335872K, 0% used [0x00000000e0000000,0x00000000e0000000,0x00000000f4800000)
  from space 92160K, 24% used [0x00000000f4800000,0x00000000f5e33430,0x00000000fa200000)
  to   space 88576K, 0% used [0x00000000fa480000,0x00000000fa480000,0x00000000ffb00000)
 ParOldGen       total 563712K, used 174199K [0x00000000a0000000, 0x00000000c2680000, 0x00000000e0000000)
  object space 563712K, 30% used [0x00000000a0000000,0x00000000aaa1dff8,0x00000000c2680000)
 Metaspace       used 213446K, capacity 227444K, committed 253016K, reserved 1267712K
  class space    used 26962K, capacity 29336K, committed 34688K, reserved 1048576K
}
Event: 29659.316 GC heap before
{Heap before GC invocations=128 (full 6):
 PSYoungGen      total 428032K, used 358605K [0x00000000e0000000, 0x00000000ffb00000, 0x0000000100000000)
  eden space 335872K, 100% used [0x00000000e0000000,0x00000000f4800000,0x00000000f4800000)
  from space 92160K, 24% used [0x00000000f4800000,0x00000000f5e33430,0x00000000fa200000)
  to   space 88576K, 0% used [0x00000000fa480000,0x00000000fa480000,0x00000000ffb00000)
 ParOldGen       total 563712K, used 174199K [0x00000000a0000000, 0x00000000c2680000, 0x00000000e0000000)
  object space 563712K, 30% used [0x00000000a0000000,0x00000000aaa1dff8,0x00000000c2680000)
 Metaspace       used 213711K, capacity 227750K, committed 253016K, reserved 1267712K
  class space    used 26965K, capacity 29337K, committed 34688K, reserved 1048576K
Event: 29659.337 GC heap after
Heap after GC invocations=128 (full 6):
 PSYoungGen      total 424448K, used 28094K [0x00000000e0000000, 0x00000000ff380000, 0x0000000100000000)
  eden space 343552K, 0% used [0x00000000e0000000,0x00000000e0000000,0x00000000f4f80000)
  from space 80896K, 34% used [0x00000000fa480000,0x00000000fbfef9e0,0x00000000ff380000)
  to   space 83968K, 0% used [0x00000000f4f80000,0x00000000f4f80000,0x00000000fa180000)
 ParOldGen       total 563712K, used 174207K [0x00000000a0000000, 0x00000000c2680000, 0x00000000e0000000)
  object space 563712K, 30% used [0x00000000a0000000,0x00000000aaa1fff8,0x00000000c2680000)
 Metaspace       used 213711K, capacity 227750K, committed 253016K, reserved 1267712K
  class space    used 26965K, capacity 29337K, committed 34688K, reserved 1048576K
}

Deoptimization events (10 events):
Event: 29657.953 Thread 0x000000001ded9000 Uncommon trap: reason=class_check action=maybe_recompile pc=0x000000000ab5573c method=com.android.tools.r8.ir.analysis.type.TypeAnalysis.a(Lcom/android/tools/r8/ir/code/Value;Lcom/android/tools/r8/ir/analysis/type/TypeLatticeElement;)V @ 40
Event: 29658.459 Thread 0x000000001e343800 Uncommon trap: reason=predicate action=maybe_recompile pc=0x000000000ab96060 method=com.android.tools.r8.ir.analysis.type.TypeAnalysis.a(Lcom/android/tools/r8/ir/code/Value;Lcom/android/tools/r8/ir/analysis/type/TypeLatticeElement;)V @ 159
Event: 29658.512 Thread 0x000000001e342000 Uncommon trap: reason=unstable_if action=reinterpret pc=0x000000000a37d200 method=com.android.tools.r8.ir.optimize.PeepholeOptimizer.b(Lcom/android/tools/r8/ir/code/IRCode;Lcom/android/tools/r8/ir/regalloc/RegisterAllocator;)V @ 333
Event: 29658.572 Thread 0x000000001e342000 Uncommon trap: reason=unstable_if action=reinterpret pc=0x000000000b451e40 method=com.android.tools.r8.graph.DexString.slowCompareTo(Lcom/android/tools/r8/graph/DexString;)I @ 141
Event: 29658.602 Thread 0x000000001ded9000 Uncommon trap: reason=class_check action=maybe_recompile pc=0x000000000b80f264 method=com.android.tools.r8.ir.optimize.CodeRewriter.e(Lcom/android/tools/r8/ir/code/Instruction;)Z @ 211
Event: 29658.983 Thread 0x000000001ded9000 Uncommon trap: reason=unstable_if action=reinterpret pc=0x000000000bc90ba8 method=com.android.tools.r8.ir.optimize.PeepholeOptimizer.a(Lcom/android/tools/r8/ir/code/IRCode;Lcom/android/tools/r8/ir/regalloc/RegisterAllocator;I)V @ 1280
Event: 29659.218 Thread 0x000000001e343800 Uncommon trap: reason=class_check action=maybe_recompile pc=0x000000000bd67ea4 method=com.android.tools.r8.ir.conversion.IRBuilder.a(Lcom/android/tools/r8/ir/code/Position;)V @ 124
Event: 29659.256 Thread 0x000000001e343800 Uncommon trap: reason=class_check action=maybe_recompile pc=0x000000000bd67ea4 method=com.android.tools.r8.ir.conversion.IRBuilder.a(Lcom/android/tools/r8/ir/code/Position;)V @ 124
Event: 29659.259 Thread 0x000000001e343800 Uncommon trap: reason=class_check action=maybe_recompile pc=0x000000000bd67ea4 method=com.android.tools.r8.ir.conversion.IRBuilder.a(Lcom/android/tools/r8/ir/code/Position;)V @ 124
Event: 29659.259 Thread 0x000000001e343800 Uncommon trap: reason=class_check action=maybe_recompile pc=0x000000000bd67ea4 method=com.android.tools.r8.ir.conversion.IRBuilder.a(Lcom/android/tools/r8/ir/code/Position;)V @ 124

Classes redefined (0 events):
No events

Internal exceptions (10 events):
Event: 29655.136 Thread 0x000000001cf04000 Exception <a 'sun/nio/fs/WindowsException'> (0x00000000f47b98e0) thrown at [D:\src\AOSP-openjdk-cygwin\jdk8u\hotspot\src\share\vm\prims\jni.cpp, line 710]
Event: 29655.477 Thread 0x000000001cf04000 Exception <a 'sun/nio/fs/WindowsException'> (0x00000000e0052b20) thrown at [D:\src\AOSP-openjdk-cygwin\jdk8u\hotspot\src\share\vm\prims\jni.cpp, line 710]
Event: 29655.482 Thread 0x000000001cf04000 Exception <a 'sun/nio/fs/WindowsException'> (0x00000000e0059b70) thrown at [D:\src\AOSP-openjdk-cygwin\jdk8u\hotspot\src\share\vm\prims\jni.cpp, line 710]
Event: 29656.318 Thread 0x000000001cf04000 Exception <a 'sun/nio/fs/WindowsException'> (0x00000000e0066aa0) thrown at [D:\src\AOSP-openjdk-cygwin\jdk8u\hotspot\src\share\vm\prims\jni.cpp, line 710]
Event: 29658.719 Thread 0x000000001e342000 Exception <a 'sun/nio/fs/WindowsException'> (0x00000000e7d53d08) thrown at [D:\src\AOSP-openjdk-cygwin\jdk8u\hotspot\src\share\vm\prims\jni.cpp, line 710]
Event: 29659.289 Thread 0x000000001cf04000 Exception <a 'sun/nio/fs/WindowsException'> (0x00000000f407db98) thrown at [D:\src\AOSP-openjdk-cygwin\jdk8u\hotspot\src\share\vm\prims\jni.cpp, line 710]
Event: 29659.292 Thread 0x000000001cf04000 Exception <a 'sun/nio/fs/WindowsException'> (0x00000000f4084840) thrown at [D:\src\AOSP-openjdk-cygwin\jdk8u\hotspot\src\share\vm\prims\jni.cpp, line 710]
Event: 29659.294 Thread 0x000000001cf04000 Exception <a 'sun/nio/fs/WindowsException'> (0x00000000f4089f28) thrown at [D:\src\AOSP-openjdk-cygwin\jdk8u\hotspot\src\share\vm\prims\jni.cpp, line 710]
Event: 29659.495 Thread 0x000000001e343800 Exception <a 'sun/nio/fs/WindowsException'> (0x00000000e253bf80) thrown at [D:\src\AOSP-openjdk-cygwin\jdk8u\hotspot\src\share\vm\prims\jni.cpp, line 710]
Event: 29659.538 Thread 0x000000001cf04000 Exception <a 'sun/nio/fs/WindowsException'> (0x00000000e45cb910) thrown at [D:\src\AOSP-openjdk-cygwin\jdk8u\hotspot\src\share\vm\prims\jni.cpp, line 710]

Events (10 events):
Event: 29659.345 Thread 0x000000001e343800 DEOPT PACKING pc=0x000000000bd2800e sp=0x0000000041a1bed0
Event: 29659.345 Thread 0x000000001e343800 DEOPT UNPACKING pc=0x0000000002e775d0 sp=0x0000000041a1bf20 mode 0
Event: 29659.366 Thread 0x000000001e343800 DEOPT PACKING pc=0x000000000bc1d011 sp=0x0000000041a1cc10
Event: 29659.366 Thread 0x000000001e343800 DEOPT UNPACKING pc=0x0000000002e775d0 sp=0x0000000041a1c908 mode 0
Event: 29659.366 Thread 0x000000001e343800 DEOPT PACKING pc=0x000000000bc1d011 sp=0x0000000041a1cd60
Event: 29659.366 Thread 0x000000001e343800 DEOPT UNPACKING pc=0x0000000002e775d0 sp=0x0000000041a1ca58 mode 0
Event: 29659.402 Thread 0x000000001e343800 DEOPT PACKING pc=0x000000000bc1f642 sp=0x0000000041a1c960
Event: 29659.402 Thread 0x000000001e343800 DEOPT UNPACKING pc=0x0000000002e775d0 sp=0x0000000041a1c778 mode 0
Event: 29659.429 Thread 0x000000001ded9000 DEOPT PACKING pc=0x000000000b5dbb4a sp=0x0000000041e1bdb0
Event: 29659.429 Thread 0x000000001ded9000 DEOPT UNPACKING pc=0x0000000002e775d0 sp=0x0000000041e1bad8 mode 0


Dynamic libraries:
0x00007ff69b160000 - 0x00007ff69b191000 	C:\Program Files\Android\Android Studio\jre\bin\java.exe
0x00007fff83ac0000 - 0x00007fff83cb0000 	C:\windows\SYSTEM32\ntdll.dll
0x00007fff839c0000 - 0x00007fff83a72000 	C:\windows\System32\KERNEL32.DLL
0x00007fff80d60000 - 0x00007fff81003000 	C:\windows\System32\KERNELBASE.dll
0x00007fff81ff0000 - 0x00007fff82093000 	C:\windows\System32\ADVAPI32.dll
0x00007fff83800000 - 0x00007fff8389e000 	C:\windows\System32\msvcrt.dll
0x00007fff82880000 - 0x00007fff82917000 	C:\windows\System32\sechost.dll
0x00007fff838a0000 - 0x00007fff839c0000 	C:\windows\System32\RPCRT4.dll
0x00007fff826e0000 - 0x00007fff82874000 	C:\windows\System32\USER32.dll
0x00007fff81010000 - 0x00007fff81031000 	C:\windows\System32\win32u.dll
0x00007fff82920000 - 0x00007fff82946000 	C:\windows\System32\GDI32.dll
0x00007fff80bc0000 - 0x00007fff80d54000 	C:\windows\System32\gdi32full.dll
0x00007fff819a0000 - 0x00007fff81a3e000 	C:\windows\System32\msvcp_win.dll
0x00007fff81840000 - 0x00007fff8193a000 	C:\windows\System32\ucrtbase.dll
0x00007fff72e70000 - 0x00007fff730f5000 	C:\windows\WinSxS\amd64_microsoft.windows.common-controls_6595b64144ccf1df_6.0.18362.657_none_e6c5b579130e3898\COMCTL32.dll
0x00007fff81b70000 - 0x00007fff81ea6000 	C:\windows\System32\combase.dll
0x00007fff81040000 - 0x00007fff810c0000 	C:\windows\System32\bcryptPrimitives.dll
0x00007fff82b90000 - 0x00007fff82bbe000 	C:\windows\System32\IMM32.DLL
0x00007fff80a10000 - 0x00007fff80a22000 	C:\windows\System32\MSASN1.dll
0x00007fff80a70000 - 0x00007fff80bb9000 	C:\windows\System32\CRYPT32.dll
0x00007fff82950000 - 0x00007fff829a2000 	C:\windows\System32\SHLWAPI.dll
0x000000006f770000 - 0x000000006f842000 	C:\Program Files\Android\Android Studio\jre\jre\bin\msvcr100.dll
0x000000006f9d0000 - 0x0000000070216000 	C:\Program Files\Android\Android Studio\jre\jre\bin\server\jvm.dll
0x00007fff821e0000 - 0x00007fff821e8000 	C:\windows\System32\PSAPI.DLL
0x00007fff78ce0000 - 0x00007fff78cea000 	C:\windows\SYSTEM32\VERSION.dll
0x00007fff771e0000 - 0x00007fff77204000 	C:\windows\SYSTEM32\WINMM.dll
0x00007fff68610000 - 0x00007fff68619000 	C:\windows\SYSTEM32\WSOCK32.dll
0x00007fff82a60000 - 0x00007fff82acf000 	C:\windows\System32\WS2_32.dll
0x00007fff76550000 - 0x00007fff7657d000 	C:\windows\SYSTEM32\winmmbase.dll
0x00007fff81b20000 - 0x00007fff81b6a000 	C:\windows\System32\cfgmgr32.dll
0x00007fff69f50000 - 0x00007fff69f5f000 	C:\Program Files\Android\Android Studio\jre\jre\bin\verify.dll
0x00007fff630e0000 - 0x00007fff63109000 	C:\Program Files\Android\Android Studio\jre\jre\bin\java.dll
0x00007fff68030000 - 0x00007fff68046000 	C:\Program Files\Android\Android Studio\jre\jre\bin\zip.dll
0x00007fff82d30000 - 0x00007fff83415000 	C:\windows\System32\SHELL32.dll
0x00007fff82ad0000 - 0x00007fff82b79000 	C:\windows\System32\shcore.dll
0x00007fff810c0000 - 0x00007fff8183f000 	C:\windows\System32\windows.storage.dll
0x00007fff80a30000 - 0x00007fff80a4f000 	C:\windows\System32\profapi.dll
0x00007fff809a0000 - 0x00007fff809ea000 	C:\windows\System32\powrprof.dll
0x00007fff80990000 - 0x00007fff809a0000 	C:\windows\System32\UMPDC.dll
0x00007fff809f0000 - 0x00007fff80a01000 	C:\windows\System32\kernel.appcore.dll
0x00007fff80a50000 - 0x00007fff80a67000 	C:\windows\System32\cryptsp.dll
0x00007fff628f0000 - 0x00007fff6290a000 	C:\Program Files\Android\Android Studio\jre\jre\bin\net.dll
0x00007fff80200000 - 0x00007fff80267000 	C:\windows\system32\mswsock.dll
0x00007fff63130000 - 0x00007fff63141000 	C:\Program Files\Android\Android Studio\jre\jre\bin\nio.dll
0x00007fff1dcf0000 - 0x00007fff1dd16000 	C:\Users\V3790262\.gradle\native\29\windows-amd64\native-platform.dll
0x00007fff67fd0000 - 0x00007fff67fdd000 	C:\Program Files\Android\Android Studio\jre\jre\bin\management.dll
0x00007fff7fb00000 - 0x00007fff7fb33000 	C:\windows\system32\rsaenh.dll
0x00007fff81af0000 - 0x00007fff81b16000 	C:\windows\System32\bcrypt.dll
0x00007fff80880000 - 0x00007fff808a5000 	C:\windows\SYSTEM32\USERENV.dll
0x00007fff803d0000 - 0x00007fff803dc000 	C:\windows\SYSTEM32\CRYPTBASE.dll
0x00007fff7ff10000 - 0x00007fff7ff4a000 	C:\windows\SYSTEM32\IPHLPAPI.DLL
0x00007fff82b80000 - 0x00007fff82b88000 	C:\windows\System32\NSI.dll
0x00007fff79d10000 - 0x00007fff79d26000 	C:\windows\SYSTEM32\dhcpcsvc6.DLL
0x00007fff79ba0000 - 0x00007fff79bbc000 	C:\windows\SYSTEM32\dhcpcsvc.DLL
0x00007fff7ff50000 - 0x00007fff8001a000 	C:\windows\SYSTEM32\DNSAPI.dll
0x00007fff77280000 - 0x00007fff772a4000 	C:\Program Files\Android\Android Studio\jre\jre\bin\sunec.dll
0x00007fff78d60000 - 0x00007fff78d6a000 	C:\Windows\System32\rasadhlp.dll
0x00007fff7a200000 - 0x00007fff7a277000 	C:\windows\System32\fwpuclnt.dll
0x00007fff79c60000 - 0x00007fff79c6b000 	C:\Program Files\Android\Android Studio\jre\jre\bin\sunmscapi.dll
0x00007fff7dfd0000 - 0x00007fff7e05f000 	C:\windows\system32\apphelp.dll
0x00007fff7f720000 - 0x00007fff7f751000 	C:\windows\SYSTEM32\ntmarta.dll
0x00007fff5c070000 - 0x00007fff5c122000 	C:\Program Files\McAfee\Endpoint Security\Threat Prevention\Ips\EpMPApi.dll
0x00007fff81940000 - 0x00007fff8199c000 	C:\windows\System32\WINTRUST.dll
0x0000000070220000 - 0x000000007022c000 	C:\Program Files\McAfee\Endpoint Security\Threat Prevention\Ips\EpMPThe.dll
0x00007fff58890000 - 0x00007fff588c6000 	C:\Program Files\McAfee\Endpoint Security\Threat Prevention\Ips\HIPHandlers64.dll

VM Arguments:
jvm_args: -Xmx1536m -Dfile.encoding=windows-1252 -Duser.country=US -Duser.language=en -Duser.variant 
java_command: org.gradle.launcher.daemon.bootstrap.GradleDaemon 5.4.1
java_class_path (initial): C:\Users\V3790262\.gradle\wrapper\dists\gradle-5.4.1-all\3221gyojl5jsh0helicew7rwx\gradle-5.4.1\lib\gradle-launcher-5.4.1.jar
Launcher Type: SUN_STANDARD

Environment Variables:
PATH=C:\windows;C:\windows\System32\Wbem;C:\windows\System32\WindowsPowerShell\v1.0\;C:\windows\System32\OpenSSH\;C:\Program Files (x86)\SysinternalsSuite\;C:\Program Files\Intel\WiFi\bin\;C:\Program Files\Common Files\Intel\WirelessCommon\;C:\Program Files\Git\cmd;D:\platform-tools;C:\WINDOWS\system32;C:\Users\V3790262\AppData\Local\Microsoft\WindowsApps;;C:\Users\V3790262\AppData\Local\Programs\Microsoft VS Code\bin
USERNAME=P3701209
OS=Windows_NT
PROCESSOR_IDENTIFIER=Intel64 Family 6 Model 158 Stepping 10, GenuineIntel



---------------  S Y S T E M  ---------------

OS: Windows 10.0 , 64 bit Build 18362 (10.0.18362.329)

CPU:total 12 (initial active 12) (6 cores per cpu, 2 threads per core) family 6 model 158 stepping 10, cmov, cx8, fxsr, mmx, sse, sse2, sse3, ssse3, sse4.1, sse4.2, popcnt, avx, avx2, aes, clmul, erms, 3dnowpref, lzcnt, ht, tsc, tscinvbit, bmi1, bmi2, adx

Memory: 4k page, physical 16489816k(5013148k free), swap 17538392k(4296k free)

vm_info: OpenJDK 64-Bit Server VM (25.202-b03) for windows-amd64 JRE (1.8.0_202-release-1483-b03), built by "builder" with MS VC++ 10.0 (VS2010)

time: Tue Feb 25 16:50:25 2020
timezone: GTB Standard Time
elapsed time: 29659 seconds (0d 8h 14m 19s)

