#
# There is insufficient memory for the Java Runtime Environment to continue.
# Native memory allocation (malloc) failed to allocate 131088 bytes for Chunk::new
# Possible reasons:
#   The system is out of physical RAM or swap space
#   The process is running with CompressedOops enabled, and the Java Heap may be blocking the growth of the native heap
# Possible solutions:
#   Reduce memory load on the system
#   Increase physical memory or swap space
#   Check if swap backing store is full
#   Decrease Java heap size (-Xmx/-Xms)
#   Decrease number of Java threads
#   Decrease Java thread stack sizes (-Xss)
#   Set larger code cache with -XX:ReservedCodeCacheSize=
#   JVM is running with Unscaled Compressed Oops mode in which the Java heap is
#     placed in the first 4GB address space. The Java Heap base address is the
#     maximum limit for the native heap growth. Please use -XX:HeapBaseMinAddress
#     to set the Java Heap base and to place the Java Heap above 4GB virtual address.
# This output file may be truncated or incomplete.
#
#  Out of Memory Error (allocation.cpp:389), pid=16180, tid=0x0000000000002a6c
#
# JRE version: OpenJDK Runtime Environment (8.0_212-b04) (build 1.8.0_212-release-1586-b04)
# Java VM: OpenJDK 64-Bit Server VM (25.212-b04 mixed mode windows-amd64 compressed oops)
# Failed to write core dump. Minidumps are not enabled by default on client versions of Windows
#

---------------  T H R E A D  ---------------

Current thread (0x0000000018cc9000):  JavaThread "C2 CompilerThread2" daemon [_thread_in_native, id=10860, stack(0x000000001a540000,0x000000001a640000)]

Stack: [0x000000001a540000,0x000000001a640000]
[error occurred during error reporting (printing stack bounds), id 0xc0000005]

Native frames: (J=compiled Java code, j=interpreted, Vv=VM code, C=native code)


Current CompileTask:
C2:   7110 6009       4       org.gradle.internal.graph.CachingDirectedGraphWalker::doSearch (659 bytes)


---------------  P R O C E S S  ---------------

Java Threads: ( => current thread )
  0x00000000218ea000 JavaThread "Execution worker for ':' Thread 11" [_thread_blocked, id=4780, stack(0x0000000027e20000,0x0000000027f20000)]
  0x00000000218ec800 JavaThread "Execution worker for ':' Thread 10" [_thread_blocked, id=13036, stack(0x0000000027d20000,0x0000000027e20000)]
  0x00000000218f1000 JavaThread "Execution worker for ':' Thread 9" [_thread_blocked, id=8724, stack(0x0000000027c20000,0x0000000027d20000)]
  0x00000000218e9800 JavaThread "Execution worker for ':' Thread 8" [_thread_blocked, id=16536, stack(0x0000000027b20000,0x0000000027c20000)]
  0x00000000218ee800 JavaThread "Execution worker for ':' Thread 7" [_thread_in_vm, id=19208, stack(0x0000000027a20000,0x0000000027b20000)]
  0x00000000218f0000 JavaThread "Execution worker for ':' Thread 6" [_thread_blocked, id=6388, stack(0x0000000027920000,0x0000000027a20000)]
  0x00000000218e8800 JavaThread "Execution worker for ':' Thread 5" [_thread_blocked, id=1968, stack(0x0000000027820000,0x0000000027920000)]
  0x00000000218ed000 JavaThread "Execution worker for ':' Thread 4" [_thread_in_native, id=18456, stack(0x0000000027720000,0x0000000027820000)]
  0x00000000218ee000 JavaThread "Execution worker for ':' Thread 3" [_thread_blocked, id=8740, stack(0x0000000027620000,0x0000000027720000)]
  0x00000000218ef800 JavaThread "Execution worker for ':' Thread 2" [_thread_blocked, id=18092, stack(0x0000000027520000,0x0000000027620000)]
  0x000000001d52d000 JavaThread "Execution worker for ':'" [_thread_blocked, id=8048, stack(0x0000000027420000,0x0000000027520000)]
  0x000000001d529800 JavaThread "Cache worker for file content cache (D:\_LICENTA\iReport-PROJECT\.gradle\5.4.1\fileContent)" [_thread_blocked, id=6528, stack(0x00000000269a0000,0x0000000026aa0000)]
  0x000000001d528800 JavaThread "Cache worker for file content cache (C:\Users\V3790262\.gradle\caches\5.4.1\fileContent)" [_thread_blocked, id=4368, stack(0x00000000268a0000,0x00000000269a0000)]
  0x000000001d52b800 JavaThread "Memory manager" [_thread_blocked, id=18268, stack(0x00000000251a0000,0x00000000252a0000)]
  0x000000001d52e000 JavaThread "Cache worker for Build Output Cleanup Cache (D:\_LICENTA\iReport-PROJECT\.gradle\buildOutputCleanup)" [_thread_blocked, id=18572, stack(0x00000000244e0000,0x00000000245e0000)]
  0x000000001d521000 JavaThread "Build operations Thread 12" [_thread_blocked, id=12940, stack(0x00000000247f0000,0x00000000248f0000)]
  0x000000001d522800 JavaThread "Build operations Thread 11" [_thread_blocked, id=13864, stack(0x00000000246f0000,0x00000000247f0000)]
  0x000000001d527800 JavaThread "Build operations Thread 10" [_thread_blocked, id=10156, stack(0x00000000245f0000,0x00000000246f0000)]
  0x000000001d520000 JavaThread "Build operations Thread 9" [_thread_blocked, id=9632, stack(0x00000000243e0000,0x00000000244e0000)]
  0x000000001d527000 JavaThread "Build operations Thread 8" [_thread_blocked, id=9532, stack(0x00000000242e0000,0x00000000243e0000)]
  0x000000001d51f800 JavaThread "Build operations Thread 7" [_thread_blocked, id=2556, stack(0x00000000241e0000,0x00000000242e0000)]
  0x000000001d526000 JavaThread "Build operations Thread 6" [_thread_blocked, id=15408, stack(0x00000000240e0000,0x00000000241e0000)]
  0x000000001d525800 JavaThread "Build operations Thread 5" [_thread_blocked, id=16556, stack(0x0000000023fe0000,0x00000000240e0000)]
  0x000000001d521800 JavaThread "Build operations Thread 4" [_thread_blocked, id=2404, stack(0x0000000023ee0000,0x0000000023fe0000)]
  0x000000001d524800 JavaThread "Build operations Thread 3" [_thread_blocked, id=4848, stack(0x00000000239b0000,0x0000000023ab0000)]
  0x000000001d523000 JavaThread "Build operations Thread 2" [_thread_blocked, id=13532, stack(0x00000000238b0000,0x00000000239b0000)]
  0x000000001d51e800 JavaThread "Build operations" [_thread_blocked, id=10544, stack(0x00000000237b0000,0x00000000238b0000)]
  0x000000001d524000 JavaThread "Cache worker for execution history cache (C:\Users\V3790262\.gradle\caches\5.4.1\executionHistory)" [_thread_blocked, id=3288, stack(0x0000000022280000,0x0000000022380000)]
  0x000000001bd99000 JavaThread "Cache worker for cache directory md-rule (C:\Users\V3790262\.gradle\caches\5.4.1\md-rule)" [_thread_blocked, id=2796, stack(0x0000000021f30000,0x0000000022030000)]
  0x000000001bd97800 JavaThread "Cache worker for cache directory md-supplier (C:\Users\V3790262\.gradle\caches\5.4.1\md-supplier)" [_thread_blocked, id=14720, stack(0x0000000021e30000,0x0000000021f30000)]
  0x000000001bd98000 JavaThread "Cache worker for file hash cache (D:\_LICENTA\iReport-PROJECT\.gradle\5.4.1\fileHashes)" [_thread_blocked, id=17440, stack(0x000000001f8f0000,0x000000001f9f0000)]
  0x000000001bd96800 JavaThread "Cache worker for journal cache (C:\Users\V3790262\.gradle\caches\journal-1)" [_thread_blocked, id=9036, stack(0x000000001e420000,0x000000001e520000)]
  0x000000001bd9b000 JavaThread "File lock request listener" [_thread_in_native, id=5424, stack(0x000000001e320000,0x000000001e420000)]
  0x000000001be2f800 JavaThread "Cache worker for file hash cache (C:\Users\V3790262\.gradle\caches\5.4.1\fileHashes)" [_thread_blocked, id=6096, stack(0x000000001e220000,0x000000001e320000)]
  0x000000001c118800 JavaThread "Thread-9" [_thread_blocked, id=17912, stack(0x000000001d150000,0x000000001d250000)]
  0x000000001c03a800 JavaThread "Stdin handler" [_thread_blocked, id=17692, stack(0x000000001d050000,0x000000001d150000)]
  0x000000001c039800 JavaThread "Asynchronous log dispatcher for DefaultDaemonConnection: socket connection from /127.0.0.1:53212 to /127.0.0.1:53213" [_thread_blocked, id=17900, stack(0x000000001cf50000,0x000000001d050000)]
  0x000000001bdb1000 JavaThread "Daemon worker" [_thread_blocked, id=17908, stack(0x000000001ce50000,0x000000001cf50000)]
  0x000000001bdae000 JavaThread "Cancel handler" [_thread_blocked, id=17928, stack(0x000000001cd50000,0x000000001ce50000)]
  0x000000001c01a800 JavaThread "Handler for socket connection from /127.0.0.1:53212 to /127.0.0.1:53213" [_thread_in_native, id=17920, stack(0x000000001c950000,0x000000001ca50000)]
  0x000000001c015000 JavaThread "Daemon" [_thread_blocked, id=17924, stack(0x000000001c850000,0x000000001c950000)]
  0x000000001ba87000 JavaThread "Daemon periodic checks" [_thread_blocked, id=17768, stack(0x000000001c750000,0x000000001c850000)]
  0x000000001c0b2800 JavaThread "Incoming local TCP Connector on port 53212" [_thread_in_native, id=17884, stack(0x000000001c510000,0x000000001c610000)]
  0x000000001bee9800 JavaThread "Daemon health stats" [_thread_blocked, id=4196, stack(0x000000001c210000,0x000000001c310000)]
  0x0000000018d56000 JavaThread "Service Thread" daemon [_thread_blocked, id=1780, stack(0x000000001a840000,0x000000001a940000)]
  0x0000000018cc9800 JavaThread "C1 CompilerThread3" daemon [_thread_in_native, id=19028, stack(0x000000001a640000,0x000000001a740000)]
=>0x0000000018cc9000 JavaThread "C2 CompilerThread2" daemon [_thread_in_native, id=10860, stack(0x000000001a540000,0x000000001a640000)]
  0x0000000018cc3800 JavaThread "C2 CompilerThread1" daemon [_thread_in_native, id=19404, stack(0x000000001a440000,0x000000001a540000)]
  0x0000000018cbf000 JavaThread "C2 CompilerThread0" daemon [_thread_in_native, id=17508, stack(0x000000001a340000,0x000000001a440000)]
  0x0000000018cbc800 JavaThread "Attach Listener" daemon [_thread_blocked, id=18384, stack(0x000000001a240000,0x000000001a340000)]
  0x0000000018cb9800 JavaThread "Signal Dispatcher" daemon [_thread_blocked, id=4660, stack(0x000000001a140000,0x000000001a240000)]
  0x00000000175c2800 JavaThread "Finalizer" daemon [_thread_blocked, id=3180, stack(0x0000000019f40000,0x000000001a040000)]
  0x0000000018cb3000 JavaThread "Reference Handler" daemon [_thread_blocked, id=2836, stack(0x0000000019e40000,0x0000000019f40000)]
  0x00000000033fe800 JavaThread "main" [_thread_blocked, id=3060, stack(0x0000000003400000,0x0000000003500000)]

Other Threads:
  0x00000000175b5800 VMThread [stack: 0x0000000019d40000,0x0000000019e40000] [id=6132]
  0x0000000018d57000 WatcherThread [stack: 0x000000001a940000,0x000000001aa40000] [id=7208]

VM state:not at safepoint (normal execution)

VM Mutex/Monitor currently owned by a thread: None

heap address: 0x00000000a0000000, size: 1536 MB, Compressed Oops mode: 32-bit
Narrow klass base: 0x0000000000000000, Narrow klass shift: 3
Compressed class space size: 1073741824 Address: 0x0000000100000000

Heap:
 PSYoungGen      total 200192K, used 29986K [0x00000000e0000000, 0x00000000f0480000, 0x0000000100000000)
  eden space 178688K, 16% used [0x00000000e0000000,0x00000000e1d48938,0x00000000eae80000)
  from space 21504K, 0% used [0x00000000eae80000,0x00000000eae80000,0x00000000ec380000)
  to   space 22528K, 0% used [0x00000000eee80000,0x00000000eee80000,0x00000000f0480000)
 ParOldGen       total 276480K, used 33071K [0x00000000a0000000, 0x00000000b0e00000, 0x00000000e0000000)
  object space 276480K, 11% used [0x00000000a0000000,0x00000000a204bee0,0x00000000b0e00000)
 Metaspace       used 58502K, capacity 60138K, committed 60440K, reserved 1101824K
  class space    used 7967K, capacity 8407K, committed 8488K, reserved 1048576K

Card table byte_map: [0x00000000129c0000,0x0000000012cd0000] byte_map_base: 0x00000000124c0000

Marking Bits: (ParMarkBitMap*) 0x000000005ab69f30
 Begin Bits: [0x00000000138d0000, 0x00000000150d0000)
 End Bits:   [0x00000000150d0000, 0x00000000168d0000)

Polling page: 0x0000000000be0000

CodeCache: size=245760Kb used=19606Kb max_used=20387Kb free=226153Kb
 bounds [0x0000000003600000, 0x0000000004a00000, 0x0000000012600000]
 total_blobs=6566 nmethods=5764 adapters=715
 compilation: enabled

Compilation events (10 events):
Event: 7.094 Thread 0x0000000018cc9800 nmethod 6108 0x000000000374ad90 code [0x000000000374af00, 0x000000000374b1c8]
Event: 7.096 Thread 0x0000000018cc9800 6109       3       java.security.AccessControlContext::combine (205 bytes)
Event: 7.097 Thread 0x0000000018cc9800 nmethod 6109 0x00000000038a3910 code [0x00000000038a3b00, 0x00000000038a45f8]
Event: 7.102 Thread 0x0000000018cc9800 6110       3       org.gradle.internal.component.external.model.DefaultModuleComponentIdentifier::toString (5 bytes)
Event: 7.102 Thread 0x0000000018cc9800 nmethod 6110 0x000000000374a990 code [0x000000000374ab00, 0x000000000374ad08]
Event: 7.104 Thread 0x0000000018cc9800 6111   !   3       org.gradle.internal.dispatch.ReflectionDispatch::dispatch (42 bytes)
Event: 7.104 Thread 0x0000000018cc9800 nmethod 6111 0x00000000037e1f10 code [0x00000000037e20e0, 0x00000000037e2738]
Event: 7.104 Thread 0x0000000018cc9800 6112       3       sun.nio.fs.WindowsPathParser::normalize (233 bytes)
Event: 7.108 Thread 0x0000000018cc9800 nmethod 6112 0x0000000003778390 code [0x0000000003778940, 0x000000000377c828]
Event: 7.109 Thread 0x0000000018cc9800 6117   !   3       java.util.concurrent.ConcurrentHashMap::putVal (362 bytes)

GC Heap History (10 events):
Event: 3.773 GC heap before
{Heap before GC invocations=8 (full 2):
 PSYoungGen      total 150528K, used 9865K [0x00000000e0000000, 0x00000000ed680000, 0x0000000100000000)
  eden space 137216K, 0% used [0x00000000e0000000,0x00000000e0000000,0x00000000e8600000)
  from space 13312K, 74% used [0x00000000e9300000,0x00000000e9ca2418,0x00000000ea000000)
  to   space 13312K, 0% used [0x00000000e8600000,0x00000000e8600000,0x00000000e9300000)
 ParOldGen       total 112640K, used 11269K [0x00000000a0000000, 0x00000000a6e00000, 0x00000000e0000000)
  object space 112640K, 10% used [0x00000000a0000000,0x00000000a0b015f8,0x00000000a6e00000)
 Metaspace       used 34632K, capacity 35448K, committed 35496K, reserved 1079296K
  class space    used 4770K, capacity 5007K, committed 5032K, reserved 1048576K
Event: 3.844 GC heap after
Heap after GC invocations=8 (full 2):
 PSYoungGen      total 150528K, used 0K [0x00000000e0000000, 0x00000000ed680000, 0x0000000100000000)
  eden space 137216K, 0% used [0x00000000e0000000,0x00000000e0000000,0x00000000e8600000)
  from space 13312K, 0% used [0x00000000e9300000,0x00000000e9300000,0x00000000ea000000)
  to   space 13312K, 0% used [0x00000000e8600000,0x00000000e8600000,0x00000000e9300000)
 ParOldGen       total 184832K, used 16768K [0x00000000a0000000, 0x00000000ab480000, 0x00000000e0000000)
  object space 184832K, 9% used [0x00000000a0000000,0x00000000a10602f0,0x00000000ab480000)
 Metaspace       used 34579K, capacity 35268K, committed 35496K, reserved 1079296K
  class space    used 4753K, capacity 4977K, committed 5032K, reserved 1048576K
}
Event: 4.742 GC heap before
{Heap before GC invocations=9 (full 2):
 PSYoungGen      total 150528K, used 137216K [0x00000000e0000000, 0x00000000ed680000, 0x0000000100000000)
  eden space 137216K, 100% used [0x00000000e0000000,0x00000000e8600000,0x00000000e8600000)
  from space 13312K, 0% used [0x00000000e9300000,0x00000000e9300000,0x00000000ea000000)
  to   space 13312K, 0% used [0x00000000e8600000,0x00000000e8600000,0x00000000e9300000)
 ParOldGen       total 184832K, used 16768K [0x00000000a0000000, 0x00000000ab480000, 0x00000000e0000000)
  object space 184832K, 9% used [0x00000000a0000000,0x00000000a10602f0,0x00000000ab480000)
 Metaspace       used 47156K, capacity 48324K, committed 48680K, reserved 1091584K
  class space    used 6344K, capacity 6663K, committed 6696K, reserved 1048576K
Event: 4.756 GC heap after
Heap after GC invocations=9 (full 2):
 PSYoungGen      total 150528K, used 13284K [0x00000000e0000000, 0x00000000ed380000, 0x0000000100000000)
  eden space 137216K, 0% used [0x00000000e0000000,0x00000000e0000000,0x00000000e8600000)
  from space 13312K, 99% used [0x00000000e8600000,0x00000000e92f9198,0x00000000e9300000)
  to   space 16384K, 0% used [0x00000000ec380000,0x00000000ec380000,0x00000000ed380000)
 ParOldGen       total 184832K, used 20745K [0x00000000a0000000, 0x00000000ab480000, 0x00000000e0000000)
  object space 184832K, 11% used [0x00000000a0000000,0x00000000a1442678,0x00000000ab480000)
 Metaspace       used 47156K, capacity 48324K, committed 48680K, reserved 1091584K
  class space    used 6344K, capacity 6663K, committed 6696K, reserved 1048576K
}
Event: 6.087 GC heap before
{Heap before GC invocations=10 (full 2):
 PSYoungGen      total 150528K, used 150500K [0x00000000e0000000, 0x00000000ed380000, 0x0000000100000000)
  eden space 137216K, 100% used [0x00000000e0000000,0x00000000e8600000,0x00000000e8600000)
  from space 13312K, 99% used [0x00000000e8600000,0x00000000e92f9198,0x00000000e9300000)
  to   space 16384K, 0% used [0x00000000ec380000,0x00000000ec380000,0x00000000ed380000)
 ParOldGen       total 184832K, used 20745K [0x00000000a0000000, 0x00000000ab480000, 0x00000000e0000000)
  object space 184832K, 11% used [0x00000000a0000000,0x00000000a1442678,0x00000000ab480000)
 Metaspace       used 56539K, capacity 58034K, committed 58280K, reserved 1099776K
  class space    used 7713K, capacity 8093K, committed 8104K, reserved 1048576K
Event: 6.111 GC heap after
Heap after GC invocations=10 (full 2):
 PSYoungGen      total 195072K, used 16361K [0x00000000e0000000, 0x00000000edf80000, 0x0000000100000000)
  eden space 178688K, 0% used [0x00000000e0000000,0x00000000e0000000,0x00000000eae80000)
  from space 16384K, 99% used [0x00000000ec380000,0x00000000ed37a500,0x00000000ed380000)
  to   space 21504K, 0% used [0x00000000eae80000,0x00000000eae80000,0x00000000ec380000)
 ParOldGen       total 184832K, used 27452K [0x00000000a0000000, 0x00000000ab480000, 0x00000000e0000000)
  object space 184832K, 14% used [0x00000000a0000000,0x00000000a1acf0c0,0x00000000ab480000)
 Metaspace       used 56539K, capacity 58034K, committed 58280K, reserved 1099776K
  class space    used 7713K, capacity 8093K, committed 8104K, reserved 1048576K
}
Event: 6.633 GC heap before
{Heap before GC invocations=11 (full 2):
 PSYoungGen      total 195072K, used 40188K [0x00000000e0000000, 0x00000000edf80000, 0x0000000100000000)
  eden space 178688K, 13% used [0x00000000e0000000,0x00000000e1744ca8,0x00000000eae80000)
  from space 16384K, 99% used [0x00000000ec380000,0x00000000ed37a500,0x00000000ed380000)
  to   space 21504K, 0% used [0x00000000eae80000,0x00000000eae80000,0x00000000ec380000)
 ParOldGen       total 184832K, used 27452K [0x00000000a0000000, 0x00000000ab480000, 0x00000000e0000000)
  object space 184832K, 14% used [0x00000000a0000000,0x00000000a1acf0c0,0x00000000ab480000)
 Metaspace       used 57517K, capacity 59154K, committed 59160K, reserved 1099776K
  class space    used 7807K, capacity 8227K, committed 8232K, reserved 1048576K
Event: 6.648 GC heap after
Heap after GC invocations=11 (full 2):
 PSYoungGen      total 200192K, used 17607K [0x00000000e0000000, 0x00000000f0480000, 0x0000000100000000)
  eden space 178688K, 0% used [0x00000000e0000000,0x00000000e0000000,0x00000000eae80000)
  from space 21504K, 81% used [0x00000000eae80000,0x00000000ebfb1d38,0x00000000ec380000)
  to   space 22528K, 0% used [0x00000000eee80000,0x00000000eee80000,0x00000000f0480000)
 ParOldGen       total 184832K, used 27460K [0x00000000a0000000, 0x00000000ab480000, 0x00000000e0000000)
  object space 184832K, 14% used [0x00000000a0000000,0x00000000a1ad10c0,0x00000000ab480000)
 Metaspace       used 57517K, capacity 59154K, committed 59160K, reserved 1099776K
  class space    used 7807K, capacity 8227K, committed 8232K, reserved 1048576K
}
Event: 6.648 GC heap before
{Heap before GC invocations=12 (full 3):
 PSYoungGen      total 200192K, used 17607K [0x00000000e0000000, 0x00000000f0480000, 0x0000000100000000)
  eden space 178688K, 0% used [0x00000000e0000000,0x00000000e0000000,0x00000000eae80000)
  from space 21504K, 81% used [0x00000000eae80000,0x00000000ebfb1d38,0x00000000ec380000)
  to   space 22528K, 0% used [0x00000000eee80000,0x00000000eee80000,0x00000000f0480000)
 ParOldGen       total 184832K, used 27460K [0x00000000a0000000, 0x00000000ab480000, 0x00000000e0000000)
  object space 184832K, 14% used [0x00000000a0000000,0x00000000a1ad10c0,0x00000000ab480000)
 Metaspace       used 57517K, capacity 59154K, committed 59160K, reserved 1099776K
  class space    used 7807K, capacity 8227K, committed 8232K, reserved 1048576K
Event: 6.880 GC heap after
Heap after GC invocations=12 (full 3):
 PSYoungGen      total 200192K, used 0K [0x00000000e0000000, 0x00000000f0480000, 0x0000000100000000)
  eden space 178688K, 0% used [0x00000000e0000000,0x00000000e0000000,0x00000000eae80000)
  from space 21504K, 0% used [0x00000000eae80000,0x00000000eae80000,0x00000000ec380000)
  to   space 22528K, 0% used [0x00000000eee80000,0x00000000eee80000,0x00000000f0480000)
 ParOldGen       total 276480K, used 33071K [0x00000000a0000000, 0x00000000b0e00000, 0x00000000e0000000)
  object space 276480K, 11% used [0x00000000a0000000,0x00000000a204bee0,0x00000000b0e00000)
 Metaspace       used 57517K, capacity 59154K, committed 59160K, reserved 1099776K
  class space    used 7807K, capacity 8227K, committed 8232K, reserved 1048576K
}

Deoptimization events (10 events):
Event: 6.534 Thread 0x000000001bdb1000 Uncommon trap: reason=class_check action=maybe_recompile pc=0x00000000048b80e0 method=org.gradle.api.internal.attributes.DefaultImmutableAttributes.equals(Ljava/lang/Object;)Z @ 92
Event: 6.534 Thread 0x000000001bdb1000 Uncommon trap: reason=class_check action=maybe_recompile pc=0x00000000048b80e0 method=org.gradle.api.internal.attributes.DefaultImmutableAttributes.equals(Ljava/lang/Object;)Z @ 92
Event: 6.534 Thread 0x000000001bdb1000 Uncommon trap: reason=class_check action=maybe_recompile pc=0x00000000048b80e0 method=org.gradle.api.internal.attributes.DefaultImmutableAttributes.equals(Ljava/lang/Object;)Z @ 92
Event: 6.534 Thread 0x000000001bdb1000 Uncommon trap: reason=class_check action=maybe_recompile pc=0x00000000048b80e0 method=org.gradle.api.internal.attributes.DefaultImmutableAttributes.equals(Ljava/lang/Object;)Z @ 92
Event: 6.946 Thread 0x000000001bdb1000 Uncommon trap: reason=class_check action=maybe_recompile pc=0x0000000003724d50 method=org.gradle.api.internal.artifacts.transform.DefaultTransformationDependency.hashCode()I @ 4
Event: 6.946 Thread 0x000000001bdb1000 Uncommon trap: reason=class_check action=maybe_recompile pc=0x0000000003724d50 method=org.gradle.api.internal.artifacts.transform.DefaultTransformationDependency.hashCode()I @ 4
Event: 6.946 Thread 0x000000001bdb1000 Uncommon trap: reason=class_check action=maybe_recompile pc=0x0000000003724d50 method=org.gradle.api.internal.artifacts.transform.DefaultTransformationDependency.hashCode()I @ 4
Event: 6.946 Thread 0x000000001bdb1000 Uncommon trap: reason=class_check action=maybe_recompile pc=0x0000000003724d50 method=org.gradle.api.internal.artifacts.transform.DefaultTransformationDependency.hashCode()I @ 4
Event: 6.969 Thread 0x000000001bdb1000 Uncommon trap: reason=predicate action=maybe_recompile pc=0x00000000049b10f8 method=java.util.AbstractCollection.toArray([Ljava/lang/Object;)[Ljava/lang/Object; @ 49
Event: 7.102 Thread 0x00000000218f1000 Uncommon trap: reason=unstable_if action=reinterpret pc=0x00000000041c2294 method=java.util.concurrent.ConcurrentHashMap.putVal(Ljava/lang/Object;Ljava/lang/Object;Z)Ljava/lang/Object; @ 98

Classes redefined (0 events):
No events

Internal exceptions (10 events):
Event: 6.911 Thread 0x000000001bdb1000 Exception <a 'java/lang/ClassNotFoundException': com/android/build/gradle/tasks/MergeResources_DecoratedBeanInfo> (0x00000000e02b5dc8) thrown at [D:\src\AOSP-openjdk-cygwin\jdk8u\hotspot\src\share\vm\classfile\systemDictionary.cpp, line 210]
Event: 6.911 Thread 0x000000001bdb1000 Exception <a 'java/lang/ClassNotFoundException': com/android/build/gradle/tasks/MergeResourcesBeanInfo> (0x00000000e02ceb40) thrown at [D:\src\AOSP-openjdk-cygwin\jdk8u\hotspot\src\share\vm\classfile\systemDictionary.cpp, line 210]
Event: 6.911 Thread 0x000000001bdb1000 Exception <a 'java/lang/ClassNotFoundException': com/android/build/gradle/tasks/ResourceAwareTaskBeanInfo> (0x00000000e02e8348) thrown at [D:\src\AOSP-openjdk-cygwin\jdk8u\hotspot\src\share\vm\classfile\systemDictionary.cpp, line 210]
Event: 6.912 Thread 0x000000001bdb1000 Exception <a 'java/lang/ClassNotFoundException': com/android/build/gradle/internal/tasks/IncrementalTaskBeanInfo> (0x00000000e0303710) thrown at [D:\src\AOSP-openjdk-cygwin\jdk8u\hotspot\src\share\vm\classfile\systemDictionary.cpp, line 210]
Event: 6.912 Thread 0x000000001bdb1000 Exception <a 'java/lang/ClassNotFoundException': com/android/build/gradle/internal/tasks/AndroidVariantTaskBeanInfo> (0x00000000e031f0b8) thrown at [D:\src\AOSP-openjdk-cygwin\jdk8u\hotspot\src\share\vm\classfile\systemDictionary.cpp, line 210]
Event: 6.912 Thread 0x000000001bdb1000 Exception <a 'java/lang/ClassNotFoundException': com/android/build/gradle/internal/tasks/AndroidVariantTaskCustomizer> (0x00000000e033b9b0) thrown at [D:\src\AOSP-openjdk-cygwin\jdk8u\hotspot\src\share\vm\classfile\systemDictionary.cpp, line 210]
Event: 6.913 Thread 0x000000001bdb1000 Exception <a 'java/lang/ClassNotFoundException': com/android/build/gradle/internal/tasks/IncrementalTaskCustomizer> (0x00000000e0367ad8) thrown at [D:\src\AOSP-openjdk-cygwin\jdk8u\hotspot\src\share\vm\classfile\systemDictionary.cpp, line 210]
Event: 6.913 Thread 0x000000001bdb1000 Exception <a 'java/lang/ClassNotFoundException': com/android/build/gradle/tasks/ResourceAwareTaskCustomizer> (0x00000000e0393498) thrown at [D:\src\AOSP-openjdk-cygwin\jdk8u\hotspot\src\share\vm\classfile\systemDictionary.cpp, line 210]
Event: 6.914 Thread 0x000000001bdb1000 Exception <a 'java/lang/ClassNotFoundException': com/android/build/gradle/tasks/MergeResourcesCustomizer> (0x00000000e0415aa8) thrown at [D:\src\AOSP-openjdk-cygwin\jdk8u\hotspot\src\share\vm\classfile\systemDictionary.cpp, line 210]
Event: 6.915 Thread 0x000000001bdb1000 Exception <a 'java/lang/ClassNotFoundException': com/android/build/gradle/tasks/MergeResources_DecoratedCustomizer> (0x00000000e04625f0) thrown at [D:\src\AOSP-openjdk-cygwin\jdk8u\hotspot\src\share\vm\classfile\systemDictionary.cpp, line 210]

Events (10 events):
Event: 7.109 Thread 0x0000000018cc9800 flushing nmethod 0x00000000037c30d0
Event: 7.109 Thread 0x0000000018cc9800 flushing nmethod 0x00000000037cbdd0
Event: 7.109 Thread 0x0000000018cc9800 flushing nmethod 0x00000000037d0dd0
Event: 7.109 Thread 0x0000000018cc9800 flushing nmethod 0x00000000037d29d0
Event: 7.109 Thread 0x0000000018cc9800 flushing nmethod 0x00000000037d2ed0
Event: 7.109 Thread 0x0000000018cc9800 flushing nmethod 0x00000000037d3b90
Event: 7.109 loading class org/gradle/api/internal/tasks/execution/TaskCacheabilityResolver
Event: 7.109 loading class org/gradle/api/internal/tasks/execution/TaskCacheabilityResolver done
Event: 7.109 loading class org/gradle/api/internal/tasks/TaskExecuter
Event: 7.109 loading class org/gradle/api/internal/tasks/TaskExecuter done


Dynamic libraries:
0x00007ff6560a0000 - 0x00007ff6560d1000 	C:\Program Files\Android\Android Studio\jre\bin\java.exe
0x00007ff819460000 - 0x00007ff819650000 	C:\windows\SYSTEM32\ntdll.dll
0x00007ff817650000 - 0x00007ff817702000 	C:\windows\System32\KERNEL32.DLL
0x00007ff817240000 - 0x00007ff8174e3000 	C:\windows\System32\KERNELBASE.dll
0x00007ff819210000 - 0x00007ff8192b3000 	C:\windows\System32\ADVAPI32.dll
0x00007ff818010000 - 0x00007ff8180ae000 	C:\windows\System32\msvcrt.dll
0x00007ff818f20000 - 0x00007ff818fb7000 	C:\windows\System32\sechost.dll
0x00007ff8190f0000 - 0x00007ff819210000 	C:\windows\System32\RPCRT4.dll
0x00007ff817b80000 - 0x00007ff817d14000 	C:\windows\System32\USER32.dll
0x00007ff816810000 - 0x00007ff816831000 	C:\windows\System32\win32u.dll
0x00007ff817b30000 - 0x00007ff817b56000 	C:\windows\System32\GDI32.dll
0x00007ff8163f0000 - 0x00007ff816584000 	C:\windows\System32\gdi32full.dll
0x00007ff816590000 - 0x00007ff81662e000 	C:\windows\System32\msvcp_win.dll
0x00007ff816710000 - 0x00007ff81680a000 	C:\windows\System32\ucrtbase.dll
0x00007ff815830000 - 0x00007ff815ab5000 	C:\windows\WinSxS\amd64_microsoft.windows.common-controls_6595b64144ccf1df_6.0.18362.778_none_e6c6b761130d4fb8\COMCTL32.dll
0x00007ff817720000 - 0x00007ff817a56000 	C:\windows\System32\combase.dll
0x00007ff816630000 - 0x00007ff8166b0000 	C:\windows\System32\bcryptPrimitives.dll
0x00007ff817f50000 - 0x00007ff817f7e000 	C:\windows\System32\IMM32.DLL
0x00007fffe1680000 - 0x00007fffe1732000 	C:\Program Files\McAfee\Endpoint Security\Threat Prevention\Ips\EpMPApi.dll
0x00007ff8166b0000 - 0x00007ff81670c000 	C:\windows\System32\WINTRUST.dll
0x00007ff816350000 - 0x00007ff816362000 	C:\windows\System32\MSASN1.dll
0x00007ff816840000 - 0x00007ff816989000 	C:\windows\System32\CRYPT32.dll
0x000000005ad80000 - 0x000000005ad8c000 	C:\Program Files\McAfee\Endpoint Security\Threat Prevention\Ips\EpMPThe.dll
0x00007fffe3980000 - 0x00007fffe39b6000 	C:\Program Files\McAfee\Endpoint Security\Threat Prevention\Ips\HIPHandlers64.dll
0x00007ff819090000 - 0x00007ff8190e2000 	C:\windows\System32\SHLWAPI.dll
0x000000005a2c0000 - 0x000000005a392000 	C:\Program Files\Android\Android Studio\jre\jre\bin\msvcr100.dll
0x000000005a3a0000 - 0x000000005abe6000 	C:\Program Files\Android\Android Studio\jre\jre\bin\server\jvm.dll
0x00007ff817710000 - 0x00007ff817718000 	C:\windows\System32\PSAPI.DLL
0x00007ffff1e20000 - 0x00007ffff1e29000 	C:\windows\SYSTEM32\WSOCK32.dll
0x00007ff80b7f0000 - 0x00007ff80b814000 	C:\windows\SYSTEM32\WINMM.dll
0x00007ff80ddf0000 - 0x00007ff80ddfa000 	C:\windows\SYSTEM32\VERSION.dll
0x00007ff817fa0000 - 0x00007ff81800f000 	C:\windows\System32\WS2_32.dll
0x00007ff80b670000 - 0x00007ff80b69d000 	C:\windows\SYSTEM32\WINMMBASE.dll
0x00007ff8171f0000 - 0x00007ff81723a000 	C:\windows\System32\cfgmgr32.dll
0x00007fffffa80000 - 0x00007fffffa8f000 	C:\Program Files\Android\Android Studio\jre\jre\bin\verify.dll
0x00007fffffa50000 - 0x00007fffffa79000 	C:\Program Files\Android\Android Studio\jre\jre\bin\java.dll
0x00007fffff980000 - 0x00007fffff996000 	C:\Program Files\Android\Android Studio\jre\jre\bin\zip.dll
0x00007ff818270000 - 0x00007ff818955000 	C:\windows\System32\SHELL32.dll
0x00007ff8181c0000 - 0x00007ff818269000 	C:\windows\System32\shcore.dll
0x00007ff816990000 - 0x00007ff817110000 	C:\windows\System32\windows.storage.dll
0x00007ff8163c0000 - 0x00007ff8163e3000 	C:\windows\System32\profapi.dll
0x00007ff816370000 - 0x00007ff8163ba000 	C:\windows\System32\powrprof.dll
0x00007ff816320000 - 0x00007ff816330000 	C:\windows\System32\UMPDC.dll
0x00007ff816330000 - 0x00007ff816341000 	C:\windows\System32\kernel.appcore.dll
0x00007ff8174f0000 - 0x00007ff817507000 	C:\windows\System32\cryptsp.dll
0x00007fffece10000 - 0x00007fffece2a000 	C:\Program Files\Android\Android Studio\jre\jre\bin\net.dll
0x00007ff802520000 - 0x00007ff8026f5000 	C:\windows\SYSTEM32\urlmon.dll
0x00007ff8050c0000 - 0x00007ff805366000 	C:\windows\SYSTEM32\iertutil.dll
0x00007ff8156e0000 - 0x00007ff8156ec000 	C:\windows\SYSTEM32\CRYPTBASE.DLL
0x00007ff815510000 - 0x00007ff815577000 	C:\windows\system32\mswsock.dll
0x00007fffd8250000 - 0x00007fffd8263000 	C:\Program Files\Android\Android Studio\jre\jre\bin\nio.dll
0x00007ff812010000 - 0x00007ff812036000 	C:\Users\V3790262\.gradle\native\29\windows-amd64\native-platform.dll
0x00007fffd8240000 - 0x00007fffd824d000 	C:\Program Files\Android\Android Studio\jre\jre\bin\management.dll
0x00007ff814e10000 - 0x00007ff814e43000 	C:\windows\system32\rsaenh.dll
0x00007ff817110000 - 0x00007ff817136000 	C:\windows\System32\bcrypt.dll
0x00007ff816240000 - 0x00007ff816265000 	C:\windows\SYSTEM32\USERENV.dll
0x00007ff815220000 - 0x00007ff81525a000 	C:\windows\SYSTEM32\IPHLPAPI.DLL
0x00007ff817f80000 - 0x00007ff817f88000 	C:\windows\System32\NSI.dll
0x00007ff80e910000 - 0x00007ff80e926000 	C:\windows\SYSTEM32\dhcpcsvc6.DLL
0x00007ff80e820000 - 0x00007ff80e83c000 	C:\windows\SYSTEM32\dhcpcsvc.DLL
0x00007ff815260000 - 0x00007ff81532a000 	C:\windows\SYSTEM32\DNSAPI.dll

VM Arguments:
jvm_args: -Xmx1536m -Dfile.encoding=windows-1252 -Duser.country=US -Duser.language=en -Duser.variant 
java_command: org.gradle.launcher.daemon.bootstrap.GradleDaemon 5.4.1
java_class_path (initial): C:\Users\V3790262\.gradle\wrapper\dists\gradle-5.4.1-all\3221gyojl5jsh0helicew7rwx\gradle-5.4.1\lib\gradle-launcher-5.4.1.jar
Launcher Type: SUN_STANDARD

Environment Variables:
PATH=C:\windows;C:\windows\System32\Wbem;C:\windows\System32\WindowsPowerShell\v1.0\;C:\windows\System32\OpenSSH\;C:\Program Files (x86)\SysinternalsSuite\;C:\Program Files\Intel\WiFi\bin\;C:\Program Files\Common Files\Intel\WirelessCommon\;C:\Program Files\Git\cmd;D:\platform-tools;C:\WINDOWS\system32\;C:\Program Files\dotnet\;C:\Program Files\nodejs\;C:\Program Files\MySQL\MySQL Shell 8.0\bin\;C:\Users\V3790262\AppData\Local\Microsoft\WindowsApps;C:\Users\V3790262\AppData\Local\Programs\Microsoft VS Code\bin;C:\Users\V3790262\AppData\Roaming\npm;C:\WINDOWS\system32\;
USERNAME=P3701209
OS=Windows_NT
PROCESSOR_IDENTIFIER=Intel64 Family 6 Model 158 Stepping 10, GenuineIntel



---------------  S Y S T E M  ---------------

OS: Windows 10.0 , 64 bit Build 18362 (10.0.18362.778)

CPU:total 12 (initial active 12) (6 cores per cpu, 2 threads per core) family 6 model 158 stepping 10, cmov, cx8, fxsr, mmx, sse, sse2, sse3, ssse3, sse4.1, sse4.2, popcnt, avx, avx2, aes, clmul, erms, 3dnowpref, lzcnt, ht, tsc, tscinvbit, bmi1, bmi2, adx

Memory: 4k page, physical 16511444k(4167036k free), swap 17560020k(5208k free)

vm_info: OpenJDK 64-Bit Server VM (25.212-b04) for windows-amd64 JRE (1.8.0_212-release-1586-b04), built by "builder" with MS VC++ 10.0 (VS2010)

time: Thu Apr 23 14:55:52 2020
timezone: GTB Daylight Time
elapsed time: 7 seconds (0d 0h 0m 7s)

